[INFO] 26-09-2025 13:26:41 [main] LogUtils - Setup mÃ´i trÆ°á»ng onStart: Fri Sep 26 13:26:40 ICT 2025
[INFO] 26-09-2025 13:26:46 [TestNG-PoolService-1] LogUtils - Báº¯t Ä‘áº§u cháº¡y test case: loginSuccess
[INFO] 26-09-2025 13:26:46 [TestNG-PoolService-1] LogUtils - Cháº¡y testcase loginSuccess.
[INFO] 26-09-2025 13:26:47 [TestNG-PoolService-1] LogUtils - ðŸŒ Open URL:  https://crm.anhtester.com/admin/authentication
[INFO] 26-09-2025 13:26:47 [TestNG-PoolService-1] LogUtils - Set text admin@example.com on element By.xpath: //input[@id='email']
[INFO] 26-09-2025 13:26:47 [TestNG-PoolService-1] LogUtils - Set text 123456 on element By.xpath: //input[@id='password']
[INFO] 26-09-2025 13:26:48 [TestNG-PoolService-1] LogUtils - ðŸ‘‰ Click on element By.xpath: //button[normalize-space()='Login']
[INFO] 26-09-2025 13:26:49 [TestNG-PoolService-1] LogUtils - Assert NOT contains: https://crm.anhtester.com/admin/ and authentication
[INFO] 26-09-2025 13:26:49 [TestNG-PoolService-1] LogUtils - Test case loginSuccess is passed.
[INFO] 26-09-2025 13:26:49 [TestNG-PoolService-1] LogUtils - ==> Status: 1
[INFO] 26-09-2025 13:26:49 [main] LogUtils - Káº¿t thÃºc bá»™ test: Fri Sep 26 13:26:49 ICT 2025
[INFO] 26-09-2025 13:26:49 [main] LogUtils - Test total: 1
[INFO] 26-09-2025 13:26:49 [main] LogUtils - Test passed total: 1
[INFO] 26-09-2025 13:26:49 [main] LogUtils - Test failed total: 0
[INFO] 26-09-2025 13:26:49 [main] LogUtils - Test skipped total: 0
[INFO] 26-09-2025 13:29:41 [main] LogUtils - Setup mÃ´i trÆ°á»ng onStart: Fri Sep 26 13:29:41 ICT 2025
[INFO] 26-09-2025 13:29:42 [TestNG-PoolService-1] LogUtils - Báº¯t Ä‘áº§u cháº¡y test case: loginSuccess
[INFO] 26-09-2025 13:29:42 [TestNG-PoolService-1] LogUtils - Cháº¡y testcase loginSuccess.
[INFO] 26-09-2025 13:29:42 [TestNG-PoolService-1] LogUtils - ðŸŒ Open URL:  https://crm.anhtester.com/admin/authentication
[INFO] 26-09-2025 13:29:43 [TestNG-PoolService-1] LogUtils - Set text admin@example.com on element By.xpath: //input[@id='email']
[INFO] 26-09-2025 13:29:43 [TestNG-PoolService-1] LogUtils - Set text 123456 on element By.xpath: //input[@id='password']
[INFO] 26-09-2025 13:29:43 [TestNG-PoolService-1] LogUtils - ðŸ‘‰ Click on element By.xpath: //button[normalize-space()='Login']
[INFO] 26-09-2025 13:29:44 [TestNG-PoolService-1] LogUtils - Assert NOT contains: https://crm.anhtester.com/admin/ and authentication123
[INFO] 26-09-2025 13:29:44 [TestNG-PoolService-1] LogUtils - Test case loginSuccess is passed.
[INFO] 26-09-2025 13:29:44 [TestNG-PoolService-1] LogUtils - ==> Status: 1
[INFO] 26-09-2025 13:29:44 [main] LogUtils - Káº¿t thÃºc bá»™ test: Fri Sep 26 13:29:44 ICT 2025
[INFO] 26-09-2025 13:29:44 [main] LogUtils - Test total: 1
[INFO] 26-09-2025 13:29:44 [main] LogUtils - Test passed total: 1
[INFO] 26-09-2025 13:29:44 [main] LogUtils - Test failed total: 0
[INFO] 26-09-2025 13:29:44 [main] LogUtils - Test skipped total: 0
[INFO] 26-09-2025 13:30:20 [main] LogUtils - Setup mÃ´i trÆ°á»ng onStart: Fri Sep 26 13:30:19 ICT 2025
[INFO] 26-09-2025 13:30:21 [TestNG-PoolService-1] LogUtils - Báº¯t Ä‘áº§u cháº¡y test case: loginSuccess
[INFO] 26-09-2025 13:30:21 [TestNG-PoolService-1] LogUtils - Cháº¡y testcase loginSuccess.
[INFO] 26-09-2025 13:30:21 [TestNG-PoolService-1] LogUtils - ðŸŒ Open URL:  https://crm.anhtester.com/admin/authentication
[INFO] 26-09-2025 13:30:21 [TestNG-PoolService-1] LogUtils - Set text admin@example.com on element By.xpath: //input[@id='email']
[INFO] 26-09-2025 13:30:21 [TestNG-PoolService-1] LogUtils - Set text 123456 on element By.xpath: //input[@id='password']
[INFO] 26-09-2025 13:30:21 [TestNG-PoolService-1] LogUtils - ðŸ‘‰ Click on element By.xpath: //button[normalize-space()='Login']
[INFO] 26-09-2025 13:30:23 [TestNG-PoolService-1] LogUtils - Assert contains: https://crm.anhtester.com/admin/authentication and authentication
[INFO] 26-09-2025 13:30:23 [TestNG-PoolService-1] LogUtils - Test case loginSuccess is passed.
[INFO] 26-09-2025 13:30:23 [TestNG-PoolService-1] LogUtils - ==> Status: 1
[INFO] 26-09-2025 13:30:23 [main] LogUtils - Káº¿t thÃºc bá»™ test: Fri Sep 26 13:30:23 ICT 2025
[INFO] 26-09-2025 13:30:23 [main] LogUtils - Test total: 1
[INFO] 26-09-2025 13:30:23 [main] LogUtils - Test passed total: 1
[INFO] 26-09-2025 13:30:23 [main] LogUtils - Test failed total: 0
[INFO] 26-09-2025 13:30:23 [main] LogUtils - Test skipped total: 0
[INFO] 26-09-2025 13:33:40 [main] LogUtils - Setup mÃ´i trÆ°á»ng onStart: Fri Sep 26 13:33:40 ICT 2025
[INFO] 26-09-2025 13:33:41 [TestNG-PoolService-1] LogUtils - Báº¯t Ä‘áº§u cháº¡y test case: loginSuccess
[INFO] 26-09-2025 13:33:42 [TestNG-PoolService-1] LogUtils - Cháº¡y testcase loginSuccess.
[INFO] 26-09-2025 13:33:42 [TestNG-PoolService-1] LogUtils - ðŸŒ Open URL:  https://crm.anhtester.com/admin/authentication
[INFO] 26-09-2025 13:33:42 [TestNG-PoolService-1] LogUtils - Set text admin123@example.com on element By.xpath: //input[@id='email']
[INFO] 26-09-2025 13:33:42 [TestNG-PoolService-1] LogUtils - Set text 123456 on element By.xpath: //input[@id='password']
[INFO] 26-09-2025 13:33:42 [TestNG-PoolService-1] LogUtils - ðŸ‘‰ Click on element By.xpath: //button[normalize-space()='Login']
[INFO] 26-09-2025 13:33:42 [TestNG-PoolService-1] LogUtils - Assert NOT contains: https://crm.anhtester.com/admin/authentication and authentication
[ERROR] 26-09-2025 13:33:42 [TestNG-PoolService-1] LogUtils - Test case loginSuccess is failed.
[ERROR] 26-09-2025 13:33:42 [TestNG-PoolService-1] LogUtils - java.lang.AssertionError: FAIL. Váº«n Ä‘ang á»Ÿ trang Login expected [false] but found [true]
[INFO] 26-09-2025 13:33:43 [main] LogUtils - Káº¿t thÃºc bá»™ test: Fri Sep 26 13:33:43 ICT 2025
[INFO] 26-09-2025 13:33:43 [main] LogUtils - Test total: 1
[INFO] 26-09-2025 13:33:43 [main] LogUtils - Test passed total: 0
[INFO] 26-09-2025 13:33:43 [main] LogUtils - Test failed total: 1
[INFO] 26-09-2025 13:33:43 [main] LogUtils - Test skipped total: 0
[INFO] 26-09-2025 13:43:29 [main] LogUtils - ðŸ› Setup mÃ´i trÆ°á»ng onStart: Fri Sep 26 13:43:29 ICT 2025
[INFO] 26-09-2025 13:43:30 [TestNG-PoolService-1] LogUtils - â–¶Báº¯t Ä‘áº§u cháº¡y test case: loginSuccess
[INFO] 26-09-2025 13:43:32 [TestNG-PoolService-1] LogUtils - ðŸŒ Open URL:  https://crm.anhtester.com/admin/authentication
[INFO] 26-09-2025 13:43:32 [TestNG-PoolService-1] LogUtils - Set text admin@example.com on element By.xpath: //input[@id='email']
[INFO] 26-09-2025 13:43:32 [TestNG-PoolService-1] LogUtils - Set text 123456 on element By.xpath: //input[@id='password']
[INFO] 26-09-2025 13:43:32 [TestNG-PoolService-1] LogUtils - ðŸ‘‰ Click on element By.xpath: //button[normalize-space()='Login']
[INFO] 26-09-2025 13:43:33 [TestNG-PoolService-1] LogUtils - Assert NOT contains: https://crm.anhtester.com/admin/authentication and authentication
[ERROR] 26-09-2025 13:43:33 [TestNG-PoolService-1] LogUtils - âŒTest case loginSuccess is failed.
[ERROR] 26-09-2025 13:43:33 [TestNG-PoolService-1] LogUtils - java.lang.AssertionError: FAIL. Váº«n Ä‘ang á»Ÿ trang Login expected [false] but found [true]
[INFO] 26-09-2025 13:43:34 [main] LogUtils - â­•Káº¿t thÃºc bá»™ test: Fri Sep 26 13:43:34 ICT 2025
[INFO] 26-09-2025 13:43:34 [main] LogUtils - Test total: 1
[INFO] 26-09-2025 13:43:34 [main] LogUtils - Test passed total: 0
[INFO] 26-09-2025 13:43:34 [main] LogUtils - Test failed total: 1
[INFO] 26-09-2025 13:43:34 [main] LogUtils - Test skipped total: 0
[INFO] 26-09-2025 13:43:57 [main] LogUtils - ðŸ› Setup mÃ´i trÆ°á»ng onStart: Fri Sep 26 13:43:57 ICT 2025
[INFO] 26-09-2025 13:43:58 [TestNG-PoolService-1] LogUtils - â–¶Báº¯t Ä‘áº§u cháº¡y test case: loginSuccess
[INFO] 26-09-2025 13:43:59 [TestNG-PoolService-1] LogUtils - ðŸŒ Open URL:  https://crm.anhtester.com/admin/authentication
[INFO] 26-09-2025 13:43:59 [TestNG-PoolService-1] LogUtils - Set text admin@example.com on element By.xpath: //input[@id='email']
[INFO] 26-09-2025 13:43:59 [TestNG-PoolService-1] LogUtils - Set text 123456 on element By.xpath: //input[@id='password']
[INFO] 26-09-2025 13:43:59 [TestNG-PoolService-1] LogUtils - ðŸ‘‰ Click on element By.xpath: //button[normalize-space()='Login']
[INFO] 26-09-2025 13:44:00 [TestNG-PoolService-1] LogUtils - Assert NOT contains: https://crm.anhtester.com/admin/ and authentication
[INFO] 26-09-2025 13:44:00 [TestNG-PoolService-1] LogUtils - âœ…Test case loginSuccess is passed.
[INFO] 26-09-2025 13:44:01 [main] LogUtils - â­•Káº¿t thÃºc bá»™ test: Fri Sep 26 13:44:01 ICT 2025
[INFO] 26-09-2025 13:44:01 [main] LogUtils - Test total: 1
[INFO] 26-09-2025 13:44:01 [main] LogUtils - Test passed total: 1
[INFO] 26-09-2025 13:44:01 [main] LogUtils - Test failed total: 0
[INFO] 26-09-2025 13:44:01 [main] LogUtils - Test skipped total: 0
[INFO] 26-09-2025 13:53:33 [main] LogUtils - ðŸ› Setup mÃ´i trÆ°á»ng onStart: Fri Sep 26 13:53:33 ICT 2025
[INFO] 26-09-2025 13:53:34 [TestNG-PoolService-1] LogUtils - â–¶Báº¯t Ä‘áº§u cháº¡y test case: loginSuccess
[INFO] 26-09-2025 13:53:39 [TestNG-PoolService-1] LogUtils - ðŸŒ Open URL:  https://crm.anhtester.com/admin/authentication
[INFO] 26-09-2025 13:53:39 [TestNG-PoolService-1] LogUtils - Set text admin@example.com on element By.xpath: //input[@id='email']
[INFO] 26-09-2025 13:53:39 [TestNG-PoolService-1] LogUtils - Set text 123456 on element By.xpath: //input[@id='password']
[INFO] 26-09-2025 13:53:39 [TestNG-PoolService-1] LogUtils - ðŸ‘‰ Click on element By.xpath: //button[normalize-space()='Login']
[INFO] 26-09-2025 13:53:41 [TestNG-PoolService-1] LogUtils - Assert NOT contains: https://crm.anhtester.com/admin/ and authentication
[INFO] 26-09-2025 13:53:41 [TestNG-PoolService-1] LogUtils - âœ…Test case loginSuccess is passed.
[INFO] 26-09-2025 13:53:42 [main] LogUtils - â–¶Báº¯t Ä‘áº§u cháº¡y test case: loginSuccessFromDataProvider
[INFO] 26-09-2025 13:53:43 [main] LogUtils - ðŸŒ Open URL:  https://crm.anhtester.com/admin/authentication
[INFO] 26-09-2025 13:53:43 [main] LogUtils - Set text admin@example.com on element By.xpath: //input[@id='email']
[INFO] 26-09-2025 13:53:43 [main] LogUtils - Set text 123456 on element By.xpath: //input[@id='password']
[INFO] 26-09-2025 13:53:43 [main] LogUtils - ðŸ‘‰ Click on element By.xpath: //button[normalize-space()='Login']
[INFO] 26-09-2025 13:53:45 [main] LogUtils - Assert NOT contains: https://crm.anhtester.com/admin/ and authentication
[INFO] 26-09-2025 13:53:45 [main] LogUtils - âœ…Test case loginSuccessFromDataProvider is passed.
[INFO] 26-09-2025 13:53:46 [main] LogUtils - â–¶Báº¯t Ä‘áº§u cháº¡y test case: loginSuccessFromDataProvider
[INFO] 26-09-2025 13:53:47 [main] LogUtils - ðŸŒ Open URL:  https://crm.anhtester.com/admin/authentication
[INFO] 26-09-2025 13:53:47 [main] LogUtils - Set text admin2@example.com on element By.xpath: //input[@id='email']
[INFO] 26-09-2025 13:53:47 [main] LogUtils - Set text 123456 on element By.xpath: //input[@id='password']
[INFO] 26-09-2025 13:53:47 [main] LogUtils - ðŸ‘‰ Click on element By.xpath: //button[normalize-space()='Login']
[INFO] 26-09-2025 13:53:58 [main] LogUtils - Timeout waiting for the element Visible. By.xpath: //span[normalize-space()='Dashboard']
[ERROR] 26-09-2025 13:53:58 [main] LogUtils - âŒTest case loginSuccessFromDataProvider is failed.
[ERROR] 26-09-2025 13:53:58 [main] LogUtils - java.lang.AssertionError: Timeout waiting for the element Visible. By.xpath: //span[normalize-space()='Dashboard']
[INFO] 26-09-2025 13:53:59 [main] LogUtils - â–¶Báº¯t Ä‘áº§u cháº¡y test case: loginSuccessFromDataProvider
[INFO] 26-09-2025 13:54:00 [main] LogUtils - ðŸŒ Open URL:  https://crm.anhtester.com/admin/authentication
[INFO] 26-09-2025 13:54:00 [main] LogUtils - Set text admin3@example.com on element By.xpath: //input[@id='email']
[INFO] 26-09-2025 13:54:00 [main] LogUtils - Set text 123456 on element By.xpath: //input[@id='password']
[INFO] 26-09-2025 13:54:00 [main] LogUtils - ðŸ‘‰ Click on element By.xpath: //button[normalize-space()='Login']
[INFO] 26-09-2025 13:54:10 [main] LogUtils - Timeout waiting for the element Visible. By.xpath: //span[normalize-space()='Dashboard']
[ERROR] 26-09-2025 13:54:10 [main] LogUtils - âŒTest case loginSuccessFromDataProvider is failed.
[ERROR] 26-09-2025 13:54:10 [main] LogUtils - java.lang.AssertionError: Timeout waiting for the element Visible. By.xpath: //span[normalize-space()='Dashboard']
[INFO] 26-09-2025 13:54:11 [main] LogUtils - â–¶Báº¯t Ä‘áº§u cháº¡y test case: loginSuccessFromDataProvider
[INFO] 26-09-2025 13:54:12 [main] LogUtils - ðŸŒ Open URL:  https://crm.anhtester.com/admin/authentication
[INFO] 26-09-2025 13:54:12 [main] LogUtils - Set text admin4@example.com on element By.xpath: //input[@id='email']
[INFO] 26-09-2025 13:54:12 [main] LogUtils - Set text 123456 on element By.xpath: //input[@id='password']
[INFO] 26-09-2025 13:54:12 [main] LogUtils - ðŸ‘‰ Click on element By.xpath: //button[normalize-space()='Login']
[INFO] 26-09-2025 13:54:23 [main] LogUtils - Timeout waiting for the element Visible. By.xpath: //span[normalize-space()='Dashboard']
[ERROR] 26-09-2025 13:54:23 [main] LogUtils - âŒTest case loginSuccessFromDataProvider is failed.
[ERROR] 26-09-2025 13:54:23 [main] LogUtils - java.lang.AssertionError: Timeout waiting for the element Visible. By.xpath: //span[normalize-space()='Dashboard']
[INFO] 26-09-2025 13:54:24 [main] LogUtils - â–¶Báº¯t Ä‘áº§u cháº¡y test case: loginSuccessFromDataProvider
[INFO] 26-09-2025 13:54:24 [main] LogUtils - ðŸŒ Open URL:  https://crm.anhtester.com/admin/authentication
[INFO] 26-09-2025 13:54:24 [main] LogUtils - Set text admin5@example.com on element By.xpath: //input[@id='email']
[INFO] 26-09-2025 13:54:24 [main] LogUtils - Set text 123456 on element By.xpath: //input[@id='password']
[INFO] 26-09-2025 13:54:24 [main] LogUtils - ðŸ‘‰ Click on element By.xpath: //button[normalize-space()='Login']
[INFO] 26-09-2025 13:54:35 [main] LogUtils - Timeout waiting for the element Visible. By.xpath: //span[normalize-space()='Dashboard']
[ERROR] 26-09-2025 13:54:35 [main] LogUtils - âŒTest case loginSuccessFromDataProvider is failed.
[ERROR] 26-09-2025 13:54:35 [main] LogUtils - java.lang.AssertionError: Timeout waiting for the element Visible. By.xpath: //span[normalize-space()='Dashboard']
[INFO] 26-09-2025 13:54:36 [main] LogUtils - â–¶Báº¯t Ä‘áº§u cháº¡y test case: loginSuccessFromDataProviderHashtable
[INFO] 26-09-2025 13:54:36 [main] LogUtils - ðŸŒ Open URL:  https://crm.anhtester.com/admin/authentication
[INFO] 26-09-2025 13:54:36 [main] LogUtils - Set text admin3@example.com on element By.xpath: //input[@id='email']
[INFO] 26-09-2025 13:54:36 [main] LogUtils - Set text 123456 on element By.xpath: //input[@id='password']
[INFO] 26-09-2025 13:54:36 [main] LogUtils - ðŸ‘‰ Click on element By.xpath: //button[normalize-space()='Login']
[INFO] 26-09-2025 13:54:37 [main] LogUtils - Assert NOT contains: https://crm.anhtester.com/admin/authentication and authentication
[ERROR] 26-09-2025 13:54:37 [main] LogUtils - âŒTest case loginSuccessFromDataProviderHashtable is failed.
[ERROR] 26-09-2025 13:54:37 [main] LogUtils - java.lang.AssertionError: FAIL. Váº«n Ä‘ang á»Ÿ trang Login expected [false] but found [true]
[INFO] 26-09-2025 13:54:38 [main] LogUtils - â–¶Báº¯t Ä‘áº§u cháº¡y test case: loginSuccessFromDataProviderHashtable
[INFO] 26-09-2025 13:54:38 [main] LogUtils - ðŸŒ Open URL:  https://crm.anhtester.com/admin/authentication
[INFO] 26-09-2025 13:54:38 [main] LogUtils - Set text admin4@example.com on element By.xpath: //input[@id='email']
[INFO] 26-09-2025 13:54:38 [main] LogUtils - Set text 123456 on element By.xpath: //input[@id='password']
[INFO] 26-09-2025 13:54:39 [main] LogUtils - ðŸ‘‰ Click on element By.xpath: //button[normalize-space()='Login']
[INFO] 26-09-2025 13:54:39 [main] LogUtils - Assert NOT contains: https://crm.anhtester.com/admin/authentication and authentication
[ERROR] 26-09-2025 13:54:39 [main] LogUtils - âŒTest case loginSuccessFromDataProviderHashtable is failed.
[ERROR] 26-09-2025 13:54:39 [main] LogUtils - java.lang.AssertionError: FAIL. Váº«n Ä‘ang á»Ÿ trang Login expected [false] but found [true]
[INFO] 26-09-2025 13:54:40 [main] LogUtils - â–¶Báº¯t Ä‘áº§u cháº¡y test case: loginSuccessFromDataProviderHashtable
[INFO] 26-09-2025 13:54:40 [main] LogUtils - ðŸŒ Open URL:  https://crm.anhtester.com/admin/authentication
[INFO] 26-09-2025 13:54:40 [main] LogUtils - Set text admin5@example.com on element By.xpath: //input[@id='email']
[INFO] 26-09-2025 13:54:40 [main] LogUtils - Set text 123456 on element By.xpath: //input[@id='password']
[INFO] 26-09-2025 13:54:41 [main] LogUtils - ðŸ‘‰ Click on element By.xpath: //button[normalize-space()='Login']
[INFO] 26-09-2025 13:54:41 [main] LogUtils - Assert NOT contains: https://crm.anhtester.com/admin/authentication and authentication
[ERROR] 26-09-2025 13:54:41 [main] LogUtils - âŒTest case loginSuccessFromDataProviderHashtable is failed.
[ERROR] 26-09-2025 13:54:41 [main] LogUtils - java.lang.AssertionError: FAIL. Váº«n Ä‘ang á»Ÿ trang Login expected [false] but found [true]
[INFO] 26-09-2025 13:54:42 [main] LogUtils - â–¶Báº¯t Ä‘áº§u cháº¡y test case: loginFailWithEmailInvalid
[INFO] 26-09-2025 13:54:42 [main] LogUtils - ðŸŒ Open URL:  https://crm.anhtester.com/admin/authentication
[INFO] 26-09-2025 13:54:42 [main] LogUtils - Set text admin123@example.com on element By.xpath: //input[@id='email']
[INFO] 26-09-2025 13:54:42 [main] LogUtils - Set text 123456 on element By.xpath: //input[@id='password']
[INFO] 26-09-2025 13:54:43 [main] LogUtils - ðŸ‘‰ Click on element By.xpath: //button[normalize-space()='Login']
[INFO] 26-09-2025 13:54:43 [main] LogUtils - Assert contains: https://crm.anhtester.com/admin/authentication and authentication
[INFO] 26-09-2025 13:54:43 [main] LogUtils - Get text of element By.xpath: //div[contains(@class, 'alert-danger')]
[INFO] 26-09-2025 13:54:43 [main] LogUtils - ==> TEXT: Invalid email or password
[INFO] 26-09-2025 13:54:43 [main] LogUtils - Assert equals: Invalid email or password and Invalid email or password
[INFO] 26-09-2025 13:54:43 [main] LogUtils - âœ…Test case loginFailWithEmailInvalid is passed.
[INFO] 26-09-2025 13:54:44 [main] LogUtils - â–¶Báº¯t Ä‘áº§u cháº¡y test case: loginFailWithPasswordInvalid
[INFO] 26-09-2025 13:54:44 [main] LogUtils - ðŸŒ Open URL:  https://crm.anhtester.com/admin/authentication
[INFO] 26-09-2025 13:54:44 [main] LogUtils - Set text admin@example.com on element By.xpath: //input[@id='email']
[INFO] 26-09-2025 13:54:44 [main] LogUtils - Set text 1234567 on element By.xpath: //input[@id='password']
[INFO] 26-09-2025 13:54:44 [main] LogUtils - ðŸ‘‰ Click on element By.xpath: //button[normalize-space()='Login']
[INFO] 26-09-2025 13:54:45 [main] LogUtils - Assert contains: https://crm.anhtester.com/admin/authentication and authentication
[INFO] 26-09-2025 13:54:45 [main] LogUtils - Get text of element By.xpath: //div[contains(@class, 'alert-danger')]
[INFO] 26-09-2025 13:54:45 [main] LogUtils - ==> TEXT: Invalid email or password
[INFO] 26-09-2025 13:54:45 [main] LogUtils - Assert equals: Invalid email or password and Invalid email or password
[INFO] 26-09-2025 13:54:45 [main] LogUtils - âœ…Test case loginFailWithPasswordInvalid is passed.
[INFO] 26-09-2025 13:54:46 [main] LogUtils - â–¶Báº¯t Ä‘áº§u cháº¡y test case: loginFailWithEmailNull
[INFO] 26-09-2025 13:54:46 [main] LogUtils - ðŸŒ Open URL:  https://crm.anhtester.com/admin/authentication
[INFO] 26-09-2025 13:54:46 [main] LogUtils - Set text  on element By.xpath: //input[@id='email']
[INFO] 26-09-2025 13:54:46 [main] LogUtils - Set text 1234567 on element By.xpath: //input[@id='password']
[INFO] 26-09-2025 13:54:46 [main] LogUtils - ðŸ‘‰ Click on element By.xpath: //button[normalize-space()='Login']
[INFO] 26-09-2025 13:54:47 [main] LogUtils - Assert contains: https://crm.anhtester.com/admin/authentication and authentication
[INFO] 26-09-2025 13:54:47 [main] LogUtils - Get text of element By.xpath: //div[contains(@class, 'alert-danger')]
[INFO] 26-09-2025 13:54:47 [main] LogUtils - ==> TEXT: The Email Address field is required.
[INFO] 26-09-2025 13:54:47 [main] LogUtils - Assert equals: The Email Address field is required. and The Email Address field is required.
[INFO] 26-09-2025 13:54:47 [main] LogUtils - âœ…Test case loginFailWithEmailNull is passed.
[INFO] 26-09-2025 13:54:47 [main] LogUtils - â–¶Báº¯t Ä‘áº§u cháº¡y test case: loginFailWithPasswordNull
[INFO] 26-09-2025 13:54:48 [main] LogUtils - ðŸŒ Open URL:  https://crm.anhtester.com/admin/authentication
[INFO] 26-09-2025 13:54:48 [main] LogUtils - Set text admin@example.com on element By.xpath: //input[@id='email']
[INFO] 26-09-2025 13:54:48 [main] LogUtils - Set text  on element By.xpath: //input[@id='password']
[INFO] 26-09-2025 13:54:48 [main] LogUtils - ðŸ‘‰ Click on element By.xpath: //button[normalize-space()='Login']
[INFO] 26-09-2025 13:54:48 [main] LogUtils - Assert contains: https://crm.anhtester.com/admin/authentication and authentication
[INFO] 26-09-2025 13:54:48 [main] LogUtils - Get text of element By.xpath: //div[contains(@class, 'alert-danger')]
[INFO] 26-09-2025 13:54:48 [main] LogUtils - ==> TEXT: The Password field is required.
[INFO] 26-09-2025 13:54:48 [main] LogUtils - Assert equals: The Password field is required. and The Password field is required.
[INFO] 26-09-2025 13:54:48 [main] LogUtils - âœ…Test case loginFailWithPasswordNull is passed.
[INFO] 26-09-2025 13:54:49 [main] LogUtils - â–¶Báº¯t Ä‘áº§u cháº¡y test case: loginFailWithEmailNullAndPasswordNull
[INFO] 26-09-2025 13:54:49 [main] LogUtils - ðŸŒ Open URL:  https://crm.anhtester.com/admin/authentication
[INFO] 26-09-2025 13:54:50 [main] LogUtils - Set text  on element By.xpath: //input[@id='email']
[INFO] 26-09-2025 13:54:50 [main] LogUtils - Set text  on element By.xpath: //input[@id='password']
[INFO] 26-09-2025 13:54:50 [main] LogUtils - ðŸ‘‰ Click on element By.xpath: //button[normalize-space()='Login']
[INFO] 26-09-2025 13:54:50 [main] LogUtils - Assert contains: https://crm.anhtester.com/admin/authentication and authentication
[INFO] 26-09-2025 13:54:50 [main] LogUtils - Get text of element By.xpath: //div[contains(@class, 'alert-danger')][1]
[INFO] 26-09-2025 13:54:50 [main] LogUtils - ==> TEXT: The Password field is required.
[INFO] 26-09-2025 13:54:50 [main] LogUtils - Get text of element By.xpath: //div[contains(@class, 'alert-danger')][2]
[INFO] 26-09-2025 13:54:50 [main] LogUtils - ==> TEXT: The Email Address field is required.
[INFO] 26-09-2025 13:54:50 [main] LogUtils - Get text of element By.xpath: //div[contains(@class, 'alert-danger')][2]
[INFO] 26-09-2025 13:54:50 [main] LogUtils - ==> TEXT: The Email Address field is required.
[INFO] 26-09-2025 13:54:50 [main] LogUtils - âœ…Test case loginFailWithEmailNullAndPasswordNull is passed.
[INFO] 26-09-2025 13:54:50 [main] LogUtils - â­•Káº¿t thÃºc bá»™ test: Fri Sep 26 13:54:50 ICT 2025
[INFO] 26-09-2025 13:54:50 [main] LogUtils - Test total: 14
[INFO] 26-09-2025 13:54:50 [main] LogUtils - Test passed total: 7
[INFO] 26-09-2025 13:54:50 [main] LogUtils - Test failed total: 7
[INFO] 26-09-2025 13:54:50 [main] LogUtils - Test skipped total: 0
[INFO] 28-09-2025 13:27:49 [main] LogUtils - ðŸ› Setup mÃ´i trÆ°á»ng onStart: Sun Sep 28 13:27:48 ICT 2025
[INFO] 28-09-2025 13:27:51 [TestNG-PoolService-1] LogUtils - â–¶Báº¯t Ä‘áº§u cháº¡y test case: loginSuccess
[INFO] 28-09-2025 13:27:54 [TestNG-PoolService-1] LogUtils - ðŸŒ Open URL:  https://crm.anhtester.com/admin/authentication
[INFO] 28-09-2025 13:27:54 [TestNG-PoolService-1] LogUtils - Set text admin@example.com on element By.xpath: //input[@id='email']
[INFO] 28-09-2025 13:27:54 [TestNG-PoolService-1] LogUtils - Set text 123456 on element By.xpath: //input[@id='password']
[INFO] 28-09-2025 13:27:54 [TestNG-PoolService-1] LogUtils - ðŸ‘‰ Click on element By.xpath: //button[normalize-space()='Login']
[INFO] 28-09-2025 13:27:55 [TestNG-PoolService-1] LogUtils - Assert NOT contains: https://crm.anhtester.com/admin/ and authentication
[INFO] 28-09-2025 13:27:55 [TestNG-PoolService-1] LogUtils - âœ…Test case loginSuccess is passed.
[INFO] 28-09-2025 13:27:56 [main] LogUtils - â­•Káº¿t thÃºc bá»™ test: Sun Sep 28 13:27:56 ICT 2025
[INFO] 28-09-2025 13:27:56 [main] LogUtils - Test total: 1
[INFO] 28-09-2025 13:27:56 [main] LogUtils - Test passed total: 1
[INFO] 28-09-2025 13:27:56 [main] LogUtils - Test failed total: 0
[INFO] 28-09-2025 13:27:56 [main] LogUtils - Test skipped total: 0
[INFO] 28-09-2025 16:01:19 [main] LogUtils - ðŸ› Setup mÃ´i trÆ°á»ng onStart: Sun Sep 28 16:01:18 ICT 2025
[INFO] 28-09-2025 16:01:20 [TestNG-PoolService-1] LogUtils - â–¶Báº¯t Ä‘áº§u cháº¡y test case: loginSuccess
[INFO] 28-09-2025 16:01:22 [TestNG-PoolService-1] LogUtils - ðŸŒ Open URL:  https://crm.anhtester.com/admin/authentication
[INFO] 28-09-2025 16:01:22 [TestNG-PoolService-1] LogUtils - Set text admin@example1.com on element By.xpath: //input[@id='email']
[INFO] 28-09-2025 16:01:22 [TestNG-PoolService-1] LogUtils - Set text 123456 on element By.xpath: //input[@id='password']
[INFO] 28-09-2025 16:01:22 [TestNG-PoolService-1] LogUtils - ðŸ‘‰ Click on element By.xpath: //button[normalize-space()='Login']
[INFO] 28-09-2025 16:01:23 [TestNG-PoolService-1] LogUtils - Assert NOT contains: https://crm.anhtester.com/admin/authentication and authentication
[ERROR] 28-09-2025 16:01:23 [TestNG-PoolService-1] LogUtils - âŒTest case loginSuccess is failed.
[ERROR] 28-09-2025 16:01:23 [TestNG-PoolService-1] LogUtils - java.lang.AssertionError: FAIL. Váº«n Ä‘ang á»Ÿ trang Login expected [false] but found [true]
[INFO] 28-09-2025 16:01:23 [main] LogUtils - â­•Káº¿t thÃºc bá»™ test: Sun Sep 28 16:01:23 ICT 2025
[INFO] 28-09-2025 16:01:23 [main] LogUtils - Test total: 1
[INFO] 28-09-2025 16:01:23 [main] LogUtils - Test passed total: 0
[INFO] 28-09-2025 16:01:23 [main] LogUtils - Test failed total: 1
[INFO] 28-09-2025 16:01:23 [main] LogUtils - Test skipped total: 0
[INFO] 28-09-2025 16:09:10 [main] LogUtils - ðŸ› Setup mÃ´i trÆ°á»ng onStart: Sun Sep 28 16:09:09 ICT 2025
[INFO] 28-09-2025 16:09:11 [TestNG-PoolService-1] LogUtils - â–¶Báº¯t Ä‘áº§u cháº¡y test case: loginSuccess
[INFO] 28-09-2025 16:09:13 [TestNG-PoolService-1] LogUtils - ðŸŒ Open URL:  https://crm.anhtester.com/admin/authentication
[INFO] 28-09-2025 16:09:13 [TestNG-PoolService-1] LogUtils - Set text admin@example1.com on element By.xpath: //input[@id='email']
[INFO] 28-09-2025 16:09:13 [TestNG-PoolService-1] LogUtils - Set text 123456 on element By.xpath: //input[@id='password']
[INFO] 28-09-2025 16:09:13 [TestNG-PoolService-1] LogUtils - ðŸ‘‰ Click on element By.xpath: //button[normalize-space()='Login']
[INFO] 28-09-2025 16:09:13 [TestNG-PoolService-1] LogUtils - Assert NOT contains: https://crm.anhtester.com/admin/authentication and authentication
[ERROR] 28-09-2025 16:09:13 [TestNG-PoolService-1] LogUtils - âŒTest case loginSuccess is failed.
[ERROR] 28-09-2025 16:09:13 [TestNG-PoolService-1] LogUtils - java.lang.AssertionError: FAIL. Váº«n Ä‘ang á»Ÿ trang Login expected [false] but found [true]
[INFO] 28-09-2025 16:09:14 [main] LogUtils - â­•Káº¿t thÃºc bá»™ test: Sun Sep 28 16:09:14 ICT 2025
[INFO] 28-09-2025 16:09:14 [main] LogUtils - Test total: 1
[INFO] 28-09-2025 16:09:14 [main] LogUtils - Test passed total: 0
[INFO] 28-09-2025 16:09:14 [main] LogUtils - Test failed total: 1
[INFO] 28-09-2025 16:09:14 [main] LogUtils - Test skipped total: 0
[INFO] 28-09-2025 16:11:13 [main] LogUtils - ðŸ› Setup mÃ´i trÆ°á»ng onStart: Sun Sep 28 16:11:13 ICT 2025
[INFO] 28-09-2025 16:11:14 [TestNG-PoolService-1] LogUtils - â–¶Báº¯t Ä‘áº§u cháº¡y test case: loginSuccess
[INFO] 28-09-2025 16:11:17 [TestNG-PoolService-1] LogUtils - ðŸŒ Open URL:  https://crm.anhtester.com/admin/authentication
[INFO] 28-09-2025 16:11:17 [TestNG-PoolService-1] LogUtils - Set text admin@example1.com on element By.xpath: //input[@id='email']
[INFO] 28-09-2025 16:11:17 [TestNG-PoolService-1] LogUtils - Set text 123456 on element By.xpath: //input[@id='password']
[INFO] 28-09-2025 16:11:18 [TestNG-PoolService-1] LogUtils - ðŸ‘‰ Click on element By.xpath: //button[normalize-space()='Login']
[INFO] 28-09-2025 16:11:18 [TestNG-PoolService-1] LogUtils - Assert NOT contains: https://crm.anhtester.com/admin/authentication and authentication
[ERROR] 28-09-2025 16:11:18 [TestNG-PoolService-1] LogUtils - âŒTest case loginSuccess is failed.
[ERROR] 28-09-2025 16:11:18 [TestNG-PoolService-1] LogUtils - java.lang.AssertionError: FAIL. Váº«n Ä‘ang á»Ÿ trang Login expected [false] but found [true]
[INFO] 28-09-2025 16:11:19 [main] LogUtils - â–¶Báº¯t Ä‘áº§u cháº¡y test case: loginSuccessFromDataProvider
[INFO] 28-09-2025 16:11:20 [main] LogUtils - ðŸŒ Open URL:  https://crm.anhtester.com/admin/authentication
[INFO] 28-09-2025 16:11:20 [main] LogUtils - Set text admin@example.com on element By.xpath: //input[@id='email']
[INFO] 28-09-2025 16:11:20 [main] LogUtils - Set text 123456 on element By.xpath: //input[@id='password']
[INFO] 28-09-2025 16:11:20 [main] LogUtils - ðŸ‘‰ Click on element By.xpath: //button[normalize-space()='Login']
[INFO] 28-09-2025 16:11:21 [main] LogUtils - Assert NOT contains: https://crm.anhtester.com/admin/ and authentication
[INFO] 28-09-2025 16:11:21 [main] LogUtils - âœ…Test case loginSuccessFromDataProvider is passed.
[INFO] 28-09-2025 16:11:22 [main] LogUtils - â–¶Báº¯t Ä‘áº§u cháº¡y test case: loginSuccessFromDataProvider
[INFO] 28-09-2025 16:11:23 [main] LogUtils - ðŸŒ Open URL:  https://crm.anhtester.com/admin/authentication
[INFO] 28-09-2025 16:11:23 [main] LogUtils - Set text admin2@example.com on element By.xpath: //input[@id='email']
[INFO] 28-09-2025 16:11:23 [main] LogUtils - Set text 123456 on element By.xpath: //input[@id='password']
[INFO] 28-09-2025 16:11:23 [main] LogUtils - ðŸ‘‰ Click on element By.xpath: //button[normalize-space()='Login']
[INFO] 28-09-2025 16:11:33 [main] LogUtils - Timeout waiting for the element Visible. By.xpath: //span[normalize-space()='Dashboard']
[ERROR] 28-09-2025 16:11:33 [main] LogUtils - âŒTest case loginSuccessFromDataProvider is failed.
[ERROR] 28-09-2025 16:11:33 [main] LogUtils - java.lang.AssertionError: Timeout waiting for the element Visible. By.xpath: //span[normalize-space()='Dashboard']
[INFO] 28-09-2025 16:11:34 [main] LogUtils - â–¶Báº¯t Ä‘áº§u cháº¡y test case: loginSuccessFromDataProvider
[INFO] 28-09-2025 16:11:35 [main] LogUtils - ðŸŒ Open URL:  https://crm.anhtester.com/admin/authentication
[INFO] 28-09-2025 16:11:35 [main] LogUtils - Set text admin3@example.com on element By.xpath: //input[@id='email']
[INFO] 28-09-2025 16:11:35 [main] LogUtils - Set text 123456 on element By.xpath: //input[@id='password']
[INFO] 28-09-2025 16:11:35 [main] LogUtils - ðŸ‘‰ Click on element By.xpath: //button[normalize-space()='Login']
[INFO] 28-09-2025 16:11:46 [main] LogUtils - Timeout waiting for the element Visible. By.xpath: //span[normalize-space()='Dashboard']
[ERROR] 28-09-2025 16:11:46 [main] LogUtils - âŒTest case loginSuccessFromDataProvider is failed.
[ERROR] 28-09-2025 16:11:46 [main] LogUtils - java.lang.AssertionError: Timeout waiting for the element Visible. By.xpath: //span[normalize-space()='Dashboard']
[INFO] 28-09-2025 16:11:47 [main] LogUtils - â–¶Báº¯t Ä‘áº§u cháº¡y test case: loginSuccessFromDataProvider
[INFO] 28-09-2025 16:11:47 [main] LogUtils - ðŸŒ Open URL:  https://crm.anhtester.com/admin/authentication
[INFO] 28-09-2025 16:11:47 [main] LogUtils - Set text admin4@example.com on element By.xpath: //input[@id='email']
[INFO] 28-09-2025 16:11:47 [main] LogUtils - Set text 123456 on element By.xpath: //input[@id='password']
[INFO] 28-09-2025 16:11:47 [main] LogUtils - ðŸ‘‰ Click on element By.xpath: //button[normalize-space()='Login']
[INFO] 28-09-2025 16:11:58 [main] LogUtils - Timeout waiting for the element Visible. By.xpath: //span[normalize-space()='Dashboard']
[ERROR] 28-09-2025 16:11:58 [main] LogUtils - âŒTest case loginSuccessFromDataProvider is failed.
[ERROR] 28-09-2025 16:11:58 [main] LogUtils - java.lang.AssertionError: Timeout waiting for the element Visible. By.xpath: //span[normalize-space()='Dashboard']
[INFO] 28-09-2025 16:11:59 [main] LogUtils - â–¶Báº¯t Ä‘áº§u cháº¡y test case: loginSuccessFromDataProvider
[INFO] 28-09-2025 16:11:59 [main] LogUtils - ðŸŒ Open URL:  https://crm.anhtester.com/admin/authentication
[INFO] 28-09-2025 16:11:59 [main] LogUtils - Set text admin5@example.com on element By.xpath: //input[@id='email']
[INFO] 28-09-2025 16:11:59 [main] LogUtils - Set text 123456 on element By.xpath: //input[@id='password']
[INFO] 28-09-2025 16:11:59 [main] LogUtils - ðŸ‘‰ Click on element By.xpath: //button[normalize-space()='Login']
[INFO] 28-09-2025 16:12:10 [main] LogUtils - Timeout waiting for the element Visible. By.xpath: //span[normalize-space()='Dashboard']
[ERROR] 28-09-2025 16:12:10 [main] LogUtils - âŒTest case loginSuccessFromDataProvider is failed.
[ERROR] 28-09-2025 16:12:10 [main] LogUtils - java.lang.AssertionError: Timeout waiting for the element Visible. By.xpath: //span[normalize-space()='Dashboard']
[INFO] 28-09-2025 16:12:11 [main] LogUtils - â–¶Báº¯t Ä‘áº§u cháº¡y test case: loginSuccessFromDataProviderHashtable
[INFO] 28-09-2025 16:12:11 [main] LogUtils - ðŸŒ Open URL:  https://crm.anhtester.com/admin/authentication
[INFO] 28-09-2025 16:12:11 [main] LogUtils - Set text admin3@example.com on element By.xpath: //input[@id='email']
[INFO] 28-09-2025 16:12:11 [main] LogUtils - Set text 123456 on element By.xpath: //input[@id='password']
[INFO] 28-09-2025 16:12:12 [main] LogUtils - ðŸ‘‰ Click on element By.xpath: //button[normalize-space()='Login']
[INFO] 28-09-2025 16:12:12 [main] LogUtils - Assert NOT contains: https://crm.anhtester.com/admin/authentication and authentication
[ERROR] 28-09-2025 16:12:12 [main] LogUtils - âŒTest case loginSuccessFromDataProviderHashtable is failed.
[ERROR] 28-09-2025 16:12:12 [main] LogUtils - java.lang.AssertionError: FAIL. Váº«n Ä‘ang á»Ÿ trang Login expected [false] but found [true]
[INFO] 28-09-2025 16:12:13 [main] LogUtils - â–¶Báº¯t Ä‘áº§u cháº¡y test case: loginSuccessFromDataProviderHashtable
[INFO] 28-09-2025 16:12:14 [main] LogUtils - ðŸŒ Open URL:  https://crm.anhtester.com/admin/authentication
[INFO] 28-09-2025 16:12:14 [main] LogUtils - Set text admin4@example.com on element By.xpath: //input[@id='email']
[INFO] 28-09-2025 16:12:14 [main] LogUtils - Set text 123456 on element By.xpath: //input[@id='password']
[INFO] 28-09-2025 16:12:14 [main] LogUtils - ðŸ‘‰ Click on element By.xpath: //button[normalize-space()='Login']
[INFO] 28-09-2025 16:12:14 [main] LogUtils - Assert NOT contains: https://crm.anhtester.com/admin/authentication and authentication
[ERROR] 28-09-2025 16:12:14 [main] LogUtils - âŒTest case loginSuccessFromDataProviderHashtable is failed.
[ERROR] 28-09-2025 16:12:14 [main] LogUtils - java.lang.AssertionError: FAIL. Váº«n Ä‘ang á»Ÿ trang Login expected [false] but found [true]
[INFO] 28-09-2025 16:12:15 [main] LogUtils - â–¶Báº¯t Ä‘áº§u cháº¡y test case: loginSuccessFromDataProviderHashtable
[INFO] 28-09-2025 16:12:16 [main] LogUtils - ðŸŒ Open URL:  https://crm.anhtester.com/admin/authentication
[INFO] 28-09-2025 16:12:16 [main] LogUtils - Set text admin5@example.com on element By.xpath: //input[@id='email']
[INFO] 28-09-2025 16:12:16 [main] LogUtils - Set text 123456 on element By.xpath: //input[@id='password']
[INFO] 28-09-2025 16:12:16 [main] LogUtils - ðŸ‘‰ Click on element By.xpath: //button[normalize-space()='Login']
[INFO] 28-09-2025 16:12:16 [main] LogUtils - Assert NOT contains: https://crm.anhtester.com/admin/authentication and authentication
[ERROR] 28-09-2025 16:12:16 [main] LogUtils - âŒTest case loginSuccessFromDataProviderHashtable is failed.
[ERROR] 28-09-2025 16:12:16 [main] LogUtils - java.lang.AssertionError: FAIL. Váº«n Ä‘ang á»Ÿ trang Login expected [false] but found [true]
[INFO] 28-09-2025 16:12:18 [main] LogUtils - â–¶Báº¯t Ä‘áº§u cháº¡y test case: loginFailWithEmailInvalid
[INFO] 28-09-2025 16:12:18 [main] LogUtils - ðŸŒ Open URL:  https://crm.anhtester.com/admin/authentication
[INFO] 28-09-2025 16:12:18 [main] LogUtils - Set text admin123@example.com on element By.xpath: //input[@id='email']
[INFO] 28-09-2025 16:12:18 [main] LogUtils - Set text 123456 on element By.xpath: //input[@id='password']
[INFO] 28-09-2025 16:12:18 [main] LogUtils - ðŸ‘‰ Click on element By.xpath: //button[normalize-space()='Login']
[INFO] 28-09-2025 16:12:19 [main] LogUtils - Assert contains: https://crm.anhtester.com/admin/authentication and authentication
[INFO] 28-09-2025 16:12:19 [main] LogUtils - Get text of element By.xpath: //div[contains(@class, 'alert-danger')]
[INFO] 28-09-2025 16:12:19 [main] LogUtils - ==> TEXT: Invalid email or password
[INFO] 28-09-2025 16:12:19 [main] LogUtils - Assert equals: Invalid email or password and Invalid email or password
[INFO] 28-09-2025 16:12:19 [main] LogUtils - âœ…Test case loginFailWithEmailInvalid is passed.
[INFO] 28-09-2025 16:12:20 [main] LogUtils - â–¶Báº¯t Ä‘áº§u cháº¡y test case: loginFailWithPasswordInvalid
[INFO] 28-09-2025 16:12:20 [main] LogUtils - ðŸŒ Open URL:  https://crm.anhtester.com/admin/authentication
[INFO] 28-09-2025 16:12:20 [main] LogUtils - Set text admin@example.com on element By.xpath: //input[@id='email']
[INFO] 28-09-2025 16:12:20 [main] LogUtils - Set text 1234567 on element By.xpath: //input[@id='password']
[INFO] 28-09-2025 16:12:20 [main] LogUtils - ðŸ‘‰ Click on element By.xpath: //button[normalize-space()='Login']
[INFO] 28-09-2025 16:12:21 [main] LogUtils - Assert contains: https://crm.anhtester.com/admin/authentication and authentication
[INFO] 28-09-2025 16:12:21 [main] LogUtils - Get text of element By.xpath: //div[contains(@class, 'alert-danger')]
[INFO] 28-09-2025 16:12:21 [main] LogUtils - ==> TEXT: Invalid email or password
[INFO] 28-09-2025 16:12:21 [main] LogUtils - Assert equals: Invalid email or password and Invalid email or password
[INFO] 28-09-2025 16:12:21 [main] LogUtils - âœ…Test case loginFailWithPasswordInvalid is passed.
[INFO] 28-09-2025 16:12:22 [main] LogUtils - â–¶Báº¯t Ä‘áº§u cháº¡y test case: loginFailWithEmailNull
[INFO] 28-09-2025 16:12:22 [main] LogUtils - ðŸŒ Open URL:  https://crm.anhtester.com/admin/authentication
[INFO] 28-09-2025 16:12:22 [main] LogUtils - Set text  on element By.xpath: //input[@id='email']
[INFO] 28-09-2025 16:12:22 [main] LogUtils - Set text 1234567 on element By.xpath: //input[@id='password']
[INFO] 28-09-2025 16:12:22 [main] LogUtils - ðŸ‘‰ Click on element By.xpath: //button[normalize-space()='Login']
[INFO] 28-09-2025 16:12:22 [main] LogUtils - Assert contains: https://crm.anhtester.com/admin/authentication and authentication
[INFO] 28-09-2025 16:12:22 [main] LogUtils - Get text of element By.xpath: //div[contains(@class, 'alert-danger')]
[INFO] 28-09-2025 16:12:22 [main] LogUtils - ==> TEXT: The Email Address field is required.
[INFO] 28-09-2025 16:12:22 [main] LogUtils - Assert equals: The Email Address field is required. and The Email Address field is required.
[INFO] 28-09-2025 16:12:22 [main] LogUtils - âœ…Test case loginFailWithEmailNull is passed.
[INFO] 28-09-2025 16:12:23 [main] LogUtils - â–¶Báº¯t Ä‘áº§u cháº¡y test case: loginFailWithPasswordNull
[INFO] 28-09-2025 16:12:24 [main] LogUtils - ðŸŒ Open URL:  https://crm.anhtester.com/admin/authentication
[INFO] 28-09-2025 16:12:24 [main] LogUtils - Set text admin@example.com on element By.xpath: //input[@id='email']
[INFO] 28-09-2025 16:12:24 [main] LogUtils - Set text  on element By.xpath: //input[@id='password']
[INFO] 28-09-2025 16:12:24 [main] LogUtils - ðŸ‘‰ Click on element By.xpath: //button[normalize-space()='Login']
[INFO] 28-09-2025 16:12:24 [main] LogUtils - Assert contains: https://crm.anhtester.com/admin/authentication and authentication
[INFO] 28-09-2025 16:12:24 [main] LogUtils - Get text of element By.xpath: //div[contains(@class, 'alert-danger')]
[INFO] 28-09-2025 16:12:24 [main] LogUtils - ==> TEXT: The Password field is required.
[INFO] 28-09-2025 16:12:24 [main] LogUtils - Assert equals: The Password field is required. and The Password field is required.
[INFO] 28-09-2025 16:12:24 [main] LogUtils - âœ…Test case loginFailWithPasswordNull is passed.
[INFO] 28-09-2025 16:12:25 [main] LogUtils - â–¶Báº¯t Ä‘áº§u cháº¡y test case: loginFailWithEmailNullAndPasswordNull
[INFO] 28-09-2025 16:12:26 [main] LogUtils - ðŸŒ Open URL:  https://crm.anhtester.com/admin/authentication
[INFO] 28-09-2025 16:12:26 [main] LogUtils - Set text  on element By.xpath: //input[@id='email']
[INFO] 28-09-2025 16:12:26 [main] LogUtils - Set text  on element By.xpath: //input[@id='password']
[INFO] 28-09-2025 16:12:26 [main] LogUtils - ðŸ‘‰ Click on element By.xpath: //button[normalize-space()='Login']
[INFO] 28-09-2025 16:12:26 [main] LogUtils - Assert contains: https://crm.anhtester.com/admin/authentication and authentication
[INFO] 28-09-2025 16:12:26 [main] LogUtils - Get text of element By.xpath: //div[contains(@class, 'alert-danger')][1]
[INFO] 28-09-2025 16:12:26 [main] LogUtils - ==> TEXT: The Password field is required.
[INFO] 28-09-2025 16:12:26 [main] LogUtils - Get text of element By.xpath: //div[contains(@class, 'alert-danger')][2]
[INFO] 28-09-2025 16:12:26 [main] LogUtils - ==> TEXT: The Email Address field is required.
[INFO] 28-09-2025 16:12:26 [main] LogUtils - Get text of element By.xpath: //div[contains(@class, 'alert-danger')][2]
[INFO] 28-09-2025 16:12:26 [main] LogUtils - ==> TEXT: The Email Address field is required.
[INFO] 28-09-2025 16:12:26 [main] LogUtils - âœ…Test case loginFailWithEmailNullAndPasswordNull is passed.
[INFO] 28-09-2025 16:12:26 [main] LogUtils - â­•Káº¿t thÃºc bá»™ test: Sun Sep 28 16:12:26 ICT 2025
[INFO] 28-09-2025 16:12:26 [main] LogUtils - Test total: 14
[INFO] 28-09-2025 16:12:26 [main] LogUtils - Test passed total: 6
[INFO] 28-09-2025 16:12:26 [main] LogUtils - Test failed total: 8
[INFO] 28-09-2025 16:12:26 [main] LogUtils - Test skipped total: 0
[INFO] 29-09-2025 19:06:11 [main] LogUtils - ?Setup môi tr??ng onStart: Mon Sep 29 19:06:11 ICT 2025
[INFO] 29-09-2025 19:06:13 [TestNG-PoolService-1] LogUtils - ?B?t ??u ch?y test case: loginSuccess
[INFO] 29-09-2025 19:06:15 [TestNG-PoolService-1] LogUtils - ? Open URL:  https://crm.anhtester.com/admin/authentication
[INFO] 29-09-2025 19:06:15 [TestNG-PoolService-1] LogUtils - Set text admin@example1.com on element By.xpath: //input[@id='email']
[INFO] 29-09-2025 19:06:15 [TestNG-PoolService-1] LogUtils - Set text 123456 on element By.xpath: //input[@id='password']
[INFO] 29-09-2025 19:06:15 [TestNG-PoolService-1] LogUtils - ? Click on element By.xpath: //button[normalize-space()='Login']
[INFO] 29-09-2025 19:06:15 [TestNG-PoolService-1] LogUtils - Assert NOT contains: https://crm.anhtester.com/admin/authentication and authentication
[ERROR] 29-09-2025 19:06:15 [TestNG-PoolService-1] LogUtils - ?Test case loginSuccess is failed.
[ERROR] 29-09-2025 19:06:15 [TestNG-PoolService-1] LogUtils - java.lang.AssertionError: FAIL. V?n ?ang ? trang Login expected [false] but found [true]
[INFO] 29-09-2025 19:06:16 [main] LogUtils - ?K?t thúc b? test: Mon Sep 29 19:06:16 ICT 2025
[INFO] 29-09-2025 19:06:16 [main] LogUtils - Test total: 1
[INFO] 29-09-2025 19:06:16 [main] LogUtils - Test passed total: 0
[INFO] 29-09-2025 19:06:16 [main] LogUtils - Test failed total: 1
[INFO] 29-09-2025 19:06:16 [main] LogUtils - Test skipped total: 0
[INFO] 29-09-2025 19:13:54 [main] LogUtils - ?Setup môi tr??ng onStart: Mon Sep 29 19:13:54 ICT 2025
[INFO] 29-09-2025 19:13:55 [TestNG-PoolService-1] LogUtils - ?B?t ??u ch?y test case: loginSuccess
[INFO] 29-09-2025 19:13:59 [TestNG-PoolService-1] LogUtils - ? Open URL:  https://crm.anhtester.com/admin/authentication
[INFO] 29-09-2025 19:13:59 [TestNG-PoolService-1] LogUtils - Set text admin@example1.com on element By.xpath: //input[@id='email']
[INFO] 29-09-2025 19:13:59 [TestNG-PoolService-1] LogUtils - Set text 123456 on element By.xpath: //input[@id='password']
[INFO] 29-09-2025 19:13:59 [TestNG-PoolService-1] LogUtils - ? Click on element By.xpath: //button[normalize-space()='Login']
[INFO] 29-09-2025 19:13:59 [TestNG-PoolService-1] LogUtils - Assert NOT contains: https://crm.anhtester.com/admin/authentication and authentication
[ERROR] 29-09-2025 19:13:59 [TestNG-PoolService-1] LogUtils - ?Test case loginSuccess is failed.
[ERROR] 29-09-2025 19:13:59 [TestNG-PoolService-1] LogUtils - java.lang.AssertionError: FAIL. V?n ?ang ? trang Login expected [false] but found [true]
[INFO] 29-09-2025 19:14:02 [main] LogUtils - ?B?t ??u ch?y test case: loginSuccessFromDataProvider
[INFO] 29-09-2025 19:14:02 [main] LogUtils - ? Open URL:  https://crm.anhtester.com/admin/authentication
[INFO] 29-09-2025 19:14:02 [main] LogUtils - Set text admin@example.com on element By.xpath: //input[@id='email']
[INFO] 29-09-2025 19:14:02 [main] LogUtils - Set text 123456 on element By.xpath: //input[@id='password']
[INFO] 29-09-2025 19:14:02 [main] LogUtils - ? Click on element By.xpath: //button[normalize-space()='Login']
[INFO] 29-09-2025 19:14:04 [main] LogUtils - Assert NOT contains: https://crm.anhtester.com/admin/ and authentication
[INFO] 29-09-2025 19:14:04 [main] LogUtils - ?Test case loginSuccessFromDataProvider is passed.
[INFO] 29-09-2025 19:14:05 [main] LogUtils - ?B?t ??u ch?y test case: loginSuccessFromDataProvider
[INFO] 29-09-2025 19:14:05 [main] LogUtils - ? Open URL:  https://crm.anhtester.com/admin/authentication
[INFO] 29-09-2025 19:14:05 [main] LogUtils - Set text admin2@example.com on element By.xpath: //input[@id='email']
[INFO] 29-09-2025 19:14:05 [main] LogUtils - Set text 123456 on element By.xpath: //input[@id='password']
[INFO] 29-09-2025 19:14:06 [main] LogUtils - ? Click on element By.xpath: //button[normalize-space()='Login']
[INFO] 29-09-2025 19:14:16 [main] LogUtils - Timeout waiting for the element Visible. By.xpath: //span[normalize-space()='Dashboard']
[ERROR] 29-09-2025 19:14:16 [main] LogUtils - ?Test case loginSuccessFromDataProvider is failed.
[ERROR] 29-09-2025 19:14:16 [main] LogUtils - java.lang.AssertionError: Timeout waiting for the element Visible. By.xpath: //span[normalize-space()='Dashboard']
[INFO] 29-09-2025 19:14:17 [main] LogUtils - ?B?t ??u ch?y test case: loginSuccessFromDataProvider
[INFO] 29-09-2025 19:14:18 [main] LogUtils - ? Open URL:  https://crm.anhtester.com/admin/authentication
[INFO] 29-09-2025 19:14:18 [main] LogUtils - Set text admin3@example.com on element By.xpath: //input[@id='email']
[INFO] 29-09-2025 19:14:18 [main] LogUtils - Set text 123456 on element By.xpath: //input[@id='password']
[INFO] 29-09-2025 19:14:18 [main] LogUtils - ? Click on element By.xpath: //button[normalize-space()='Login']
[INFO] 29-09-2025 19:14:28 [main] LogUtils - Timeout waiting for the element Visible. By.xpath: //span[normalize-space()='Dashboard']
[ERROR] 29-09-2025 19:14:28 [main] LogUtils - ?Test case loginSuccessFromDataProvider is failed.
[ERROR] 29-09-2025 19:14:28 [main] LogUtils - java.lang.AssertionError: Timeout waiting for the element Visible. By.xpath: //span[normalize-space()='Dashboard']
[INFO] 29-09-2025 19:14:30 [main] LogUtils - ?B?t ??u ch?y test case: loginSuccessFromDataProvider
[INFO] 29-09-2025 19:14:30 [main] LogUtils - ? Open URL:  https://crm.anhtester.com/admin/authentication
[INFO] 29-09-2025 19:14:30 [main] LogUtils - Set text admin4@example.com on element By.xpath: //input[@id='email']
[INFO] 29-09-2025 19:14:30 [main] LogUtils - Set text 123456 on element By.xpath: //input[@id='password']
[INFO] 29-09-2025 19:14:30 [main] LogUtils - ? Click on element By.xpath: //button[normalize-space()='Login']
[INFO] 29-09-2025 19:14:40 [main] LogUtils - Timeout waiting for the element Visible. By.xpath: //span[normalize-space()='Dashboard']
[ERROR] 29-09-2025 19:14:40 [main] LogUtils - ?Test case loginSuccessFromDataProvider is failed.
[ERROR] 29-09-2025 19:14:40 [main] LogUtils - java.lang.AssertionError: Timeout waiting for the element Visible. By.xpath: //span[normalize-space()='Dashboard']
[INFO] 29-09-2025 19:14:42 [main] LogUtils - ?B?t ??u ch?y test case: loginSuccessFromDataProvider
[INFO] 29-09-2025 19:14:42 [main] LogUtils - ? Open URL:  https://crm.anhtester.com/admin/authentication
[INFO] 29-09-2025 19:14:42 [main] LogUtils - Set text admin5@example.com on element By.xpath: //input[@id='email']
[INFO] 29-09-2025 19:14:42 [main] LogUtils - Set text 123456 on element By.xpath: //input[@id='password']
[INFO] 29-09-2025 19:14:42 [main] LogUtils - ? Click on element By.xpath: //button[normalize-space()='Login']
[INFO] 29-09-2025 19:14:53 [main] LogUtils - Timeout waiting for the element Visible. By.xpath: //span[normalize-space()='Dashboard']
[ERROR] 29-09-2025 19:14:53 [main] LogUtils - ?Test case loginSuccessFromDataProvider is failed.
[ERROR] 29-09-2025 19:14:53 [main] LogUtils - java.lang.AssertionError: Timeout waiting for the element Visible. By.xpath: //span[normalize-space()='Dashboard']
[INFO] 29-09-2025 19:14:54 [main] LogUtils - ?B?t ??u ch?y test case: loginSuccessFromDataProviderHashtable
[INFO] 29-09-2025 19:14:55 [main] LogUtils - ? Open URL:  https://crm.anhtester.com/admin/authentication
[INFO] 29-09-2025 19:14:55 [main] LogUtils - Set text admin3@example.com on element By.xpath: //input[@id='email']
[INFO] 29-09-2025 19:14:55 [main] LogUtils - Set text 123456 on element By.xpath: //input[@id='password']
[INFO] 29-09-2025 19:14:55 [main] LogUtils - ? Click on element By.xpath: //button[normalize-space()='Login']
[INFO] 29-09-2025 19:14:55 [main] LogUtils - Assert NOT contains: https://crm.anhtester.com/admin/authentication and authentication
[ERROR] 29-09-2025 19:14:55 [main] LogUtils - ?Test case loginSuccessFromDataProviderHashtable is failed.
[ERROR] 29-09-2025 19:14:55 [main] LogUtils - java.lang.AssertionError: FAIL. V?n ?ang ? trang Login expected [false] but found [true]
[INFO] 29-09-2025 19:14:57 [main] LogUtils - ?B?t ??u ch?y test case: loginSuccessFromDataProviderHashtable
[INFO] 29-09-2025 19:14:57 [main] LogUtils - ? Open URL:  https://crm.anhtester.com/admin/authentication
[INFO] 29-09-2025 19:14:57 [main] LogUtils - Set text admin4@example.com on element By.xpath: //input[@id='email']
[INFO] 29-09-2025 19:14:57 [main] LogUtils - Set text 123456 on element By.xpath: //input[@id='password']
[INFO] 29-09-2025 19:14:58 [main] LogUtils - ? Click on element By.xpath: //button[normalize-space()='Login']
[INFO] 29-09-2025 19:14:58 [main] LogUtils - Assert NOT contains: https://crm.anhtester.com/admin/authentication and authentication
[ERROR] 29-09-2025 19:14:58 [main] LogUtils - ?Test case loginSuccessFromDataProviderHashtable is failed.
[ERROR] 29-09-2025 19:14:58 [main] LogUtils - java.lang.AssertionError: FAIL. V?n ?ang ? trang Login expected [false] but found [true]
[INFO] 29-09-2025 19:14:59 [main] LogUtils - ?B?t ??u ch?y test case: loginSuccessFromDataProviderHashtable
[INFO] 29-09-2025 19:14:59 [main] LogUtils - ? Open URL:  https://crm.anhtester.com/admin/authentication
[INFO] 29-09-2025 19:14:59 [main] LogUtils - Set text admin5@example.com on element By.xpath: //input[@id='email']
[INFO] 29-09-2025 19:14:59 [main] LogUtils - Set text 123456 on element By.xpath: //input[@id='password']
[INFO] 29-09-2025 19:14:59 [main] LogUtils - ? Click on element By.xpath: //button[normalize-space()='Login']
[INFO] 29-09-2025 19:15:00 [main] LogUtils - Assert NOT contains: https://crm.anhtester.com/admin/authentication and authentication
[ERROR] 29-09-2025 19:15:00 [main] LogUtils - ?Test case loginSuccessFromDataProviderHashtable is failed.
[ERROR] 29-09-2025 19:15:00 [main] LogUtils - java.lang.AssertionError: FAIL. V?n ?ang ? trang Login expected [false] but found [true]
[INFO] 29-09-2025 19:15:01 [main] LogUtils - ?B?t ??u ch?y test case: loginFailWithEmailInvalid
[INFO] 29-09-2025 19:15:02 [main] LogUtils - ? Open URL:  https://crm.anhtester.com/admin/authentication
[INFO] 29-09-2025 19:15:02 [main] LogUtils - Set text admin123@example.com on element By.xpath: //input[@id='email']
[INFO] 29-09-2025 19:15:02 [main] LogUtils - Set text 123456 on element By.xpath: //input[@id='password']
[INFO] 29-09-2025 19:15:02 [main] LogUtils - ? Click on element By.xpath: //button[normalize-space()='Login']
[INFO] 29-09-2025 19:15:02 [main] LogUtils - Assert contains: https://crm.anhtester.com/admin/authentication and authentication
[INFO] 29-09-2025 19:15:02 [main] LogUtils - Get text of element By.xpath: //div[contains(@class, 'alert-danger')]
[INFO] 29-09-2025 19:15:02 [main] LogUtils - ==> TEXT: Invalid email or password
[INFO] 29-09-2025 19:15:02 [main] LogUtils - Assert equals: Invalid email or password and Invalid email or password
[INFO] 29-09-2025 19:15:02 [main] LogUtils - ?Test case loginFailWithEmailInvalid is passed.
[INFO] 29-09-2025 19:15:03 [main] LogUtils - ?B?t ??u ch?y test case: loginFailWithPasswordInvalid
[INFO] 29-09-2025 19:15:04 [main] LogUtils - ? Open URL:  https://crm.anhtester.com/admin/authentication
[INFO] 29-09-2025 19:15:04 [main] LogUtils - Set text admin@example.com on element By.xpath: //input[@id='email']
[INFO] 29-09-2025 19:15:04 [main] LogUtils - Set text 1234567 on element By.xpath: //input[@id='password']
[INFO] 29-09-2025 19:15:04 [main] LogUtils - ? Click on element By.xpath: //button[normalize-space()='Login']
[INFO] 29-09-2025 19:15:04 [main] LogUtils - Assert contains: https://crm.anhtester.com/admin/authentication and authentication
[INFO] 29-09-2025 19:15:04 [main] LogUtils - Get text of element By.xpath: //div[contains(@class, 'alert-danger')]
[INFO] 29-09-2025 19:15:04 [main] LogUtils - ==> TEXT: Invalid email or password
[INFO] 29-09-2025 19:15:04 [main] LogUtils - Assert equals: Invalid email or password and Invalid email or password
[INFO] 29-09-2025 19:15:04 [main] LogUtils - ?Test case loginFailWithPasswordInvalid is passed.
[INFO] 29-09-2025 19:15:05 [main] LogUtils - ?B?t ??u ch?y test case: loginFailWithEmailNull
[INFO] 29-09-2025 19:15:06 [main] LogUtils - ? Open URL:  https://crm.anhtester.com/admin/authentication
[INFO] 29-09-2025 19:15:06 [main] LogUtils - Set text  on element By.xpath: //input[@id='email']
[INFO] 29-09-2025 19:15:06 [main] LogUtils - Set text 1234567 on element By.xpath: //input[@id='password']
[INFO] 29-09-2025 19:15:06 [main] LogUtils - ? Click on element By.xpath: //button[normalize-space()='Login']
[INFO] 29-09-2025 19:15:06 [main] LogUtils - Assert contains: https://crm.anhtester.com/admin/authentication and authentication
[INFO] 29-09-2025 19:15:06 [main] LogUtils - Get text of element By.xpath: //div[contains(@class, 'alert-danger')]
[INFO] 29-09-2025 19:15:06 [main] LogUtils - ==> TEXT: The Email Address field is required.
[INFO] 29-09-2025 19:15:06 [main] LogUtils - Assert equals: The Email Address field is required. and The Email Address field is required.
[INFO] 29-09-2025 19:15:06 [main] LogUtils - ?Test case loginFailWithEmailNull is passed.
[INFO] 29-09-2025 19:15:07 [main] LogUtils - ?B?t ??u ch?y test case: loginFailWithPasswordNull
[INFO] 29-09-2025 19:15:07 [main] LogUtils - ? Open URL:  https://crm.anhtester.com/admin/authentication
[INFO] 29-09-2025 19:15:07 [main] LogUtils - Set text admin@example.com on element By.xpath: //input[@id='email']
[INFO] 29-09-2025 19:15:08 [main] LogUtils - Set text  on element By.xpath: //input[@id='password']
[INFO] 29-09-2025 19:15:08 [main] LogUtils - ? Click on element By.xpath: //button[normalize-space()='Login']
[INFO] 29-09-2025 19:15:08 [main] LogUtils - Assert contains: https://crm.anhtester.com/admin/authentication and authentication
[INFO] 29-09-2025 19:15:08 [main] LogUtils - Get text of element By.xpath: //div[contains(@class, 'alert-danger')]
[INFO] 29-09-2025 19:15:08 [main] LogUtils - ==> TEXT: The Password field is required.
[INFO] 29-09-2025 19:15:08 [main] LogUtils - Assert equals: The Password field is required. and The Password field is required.
[INFO] 29-09-2025 19:15:08 [main] LogUtils - ?Test case loginFailWithPasswordNull is passed.
[INFO] 29-09-2025 19:15:09 [main] LogUtils - ?B?t ??u ch?y test case: loginFailWithEmailNullAndPasswordNull
[INFO] 29-09-2025 19:15:09 [main] LogUtils - ? Open URL:  https://crm.anhtester.com/admin/authentication
[INFO] 29-09-2025 19:15:09 [main] LogUtils - Set text  on element By.xpath: //input[@id='email']
[INFO] 29-09-2025 19:15:09 [main] LogUtils - Set text  on element By.xpath: //input[@id='password']
[INFO] 29-09-2025 19:15:09 [main] LogUtils - ? Click on element By.xpath: //button[normalize-space()='Login']
[INFO] 29-09-2025 19:15:10 [main] LogUtils - Assert contains: https://crm.anhtester.com/admin/authentication and authentication
[INFO] 29-09-2025 19:15:10 [main] LogUtils - Get text of element By.xpath: //div[contains(@class, 'alert-danger')][1]
[INFO] 29-09-2025 19:15:10 [main] LogUtils - ==> TEXT: The Password field is required.
[INFO] 29-09-2025 19:15:10 [main] LogUtils - Get text of element By.xpath: //div[contains(@class, 'alert-danger')][2]
[INFO] 29-09-2025 19:15:10 [main] LogUtils - ==> TEXT: The Email Address field is required.
[INFO] 29-09-2025 19:15:10 [main] LogUtils - Get text of element By.xpath: //div[contains(@class, 'alert-danger')][2]
[INFO] 29-09-2025 19:15:10 [main] LogUtils - ==> TEXT: The Email Address field is required.
[INFO] 29-09-2025 19:15:10 [main] LogUtils - ?Test case loginFailWithEmailNullAndPasswordNull is passed.
[INFO] 29-09-2025 19:15:10 [main] LogUtils - ?K?t thúc b? test: Mon Sep 29 19:15:10 ICT 2025
[INFO] 29-09-2025 19:15:10 [main] LogUtils - Test total: 14
[INFO] 29-09-2025 19:15:10 [main] LogUtils - Test passed total: 6
[INFO] 29-09-2025 19:15:10 [main] LogUtils - Test failed total: 8
[INFO] 29-09-2025 19:15:10 [main] LogUtils - Test skipped total: 0
[INFO] 29-09-2025 21:35:46 [main] LogUtils - ?Setup môi tr??ng onStart: Mon Sep 29 21:35:45 ICT 2025
[INFO] 29-09-2025 21:35:48 [TestNG-PoolService-1] LogUtils - ?B?t ??u ch?y test case: loginSuccess
[INFO] 29-09-2025 21:35:49 [TestNG-PoolService-1] LogUtils - ? Open URL:  https://crm.anhtester.com/admin/authentication
[INFO] 29-09-2025 21:35:49 [TestNG-PoolService-1] LogUtils - Set text admin@example1.com on element By.xpath: //input[@id='email']
[INFO] 29-09-2025 21:35:49 [TestNG-PoolService-1] LogUtils - Set text 123456 on element By.xpath: //input[@id='password']
[INFO] 29-09-2025 21:35:49 [TestNG-PoolService-1] LogUtils - ? Click on element By.xpath: //button[normalize-space()='Login']
[INFO] 29-09-2025 21:35:49 [TestNG-PoolService-1] LogUtils - Assert NOT contains: https://crm.anhtester.com/admin/authentication and authentication
[ERROR] 29-09-2025 21:35:49 [TestNG-PoolService-1] LogUtils - ?Test case loginSuccess is failed.
[ERROR] 29-09-2025 21:35:49 [TestNG-PoolService-1] LogUtils - java.lang.AssertionError: FAIL. V?n ?ang ? trang Login expected [false] but found [true]
[INFO] 29-09-2025 21:35:52 [main] LogUtils - ?B?t ??u ch?y test case: loginSuccessFromDataProvider
[INFO] 29-09-2025 21:35:53 [main] LogUtils - ? Open URL:  https://crm.anhtester.com/admin/authentication
[INFO] 29-09-2025 21:35:53 [main] LogUtils - Set text admin@example.com on element By.xpath: //input[@id='email']
[INFO] 29-09-2025 21:35:53 [main] LogUtils - Set text 123456 on element By.xpath: //input[@id='password']
[INFO] 29-09-2025 21:35:53 [main] LogUtils - ? Click on element By.xpath: //button[normalize-space()='Login']
[INFO] 29-09-2025 21:35:54 [main] LogUtils - Assert NOT contains: https://crm.anhtester.com/admin/ and authentication
[INFO] 29-09-2025 21:35:54 [main] LogUtils - ?Test case loginSuccessFromDataProvider is passed.
[INFO] 29-09-2025 21:35:55 [main] LogUtils - ?B?t ??u ch?y test case: loginSuccessFromDataProvider
[INFO] 29-09-2025 21:35:57 [main] LogUtils - ? Open URL:  https://crm.anhtester.com/admin/authentication
[INFO] 29-09-2025 21:35:57 [main] LogUtils - Set text admin2@example.com on element By.xpath: //input[@id='email']
[INFO] 29-09-2025 21:35:57 [main] LogUtils - Set text 123456 on element By.xpath: //input[@id='password']
[INFO] 29-09-2025 21:35:57 [main] LogUtils - ? Click on element By.xpath: //button[normalize-space()='Login']
[INFO] 29-09-2025 21:36:08 [main] LogUtils - Timeout waiting for the element Visible. By.xpath: //span[normalize-space()='Dashboard']
[ERROR] 29-09-2025 21:36:08 [main] LogUtils - ?Test case loginSuccessFromDataProvider is failed.
[ERROR] 29-09-2025 21:36:08 [main] LogUtils - java.lang.AssertionError: Timeout waiting for the element Visible. By.xpath: //span[normalize-space()='Dashboard']
[INFO] 29-09-2025 21:36:09 [main] LogUtils - ?B?t ??u ch?y test case: loginSuccessFromDataProvider
[INFO] 29-09-2025 21:36:09 [main] LogUtils - ? Open URL:  https://crm.anhtester.com/admin/authentication
[INFO] 29-09-2025 21:36:09 [main] LogUtils - Set text admin3@example.com on element By.xpath: //input[@id='email']
[INFO] 29-09-2025 21:36:09 [main] LogUtils - Set text 123456 on element By.xpath: //input[@id='password']
[INFO] 29-09-2025 21:36:09 [main] LogUtils - ? Click on element By.xpath: //button[normalize-space()='Login']
[INFO] 29-09-2025 21:36:20 [main] LogUtils - Timeout waiting for the element Visible. By.xpath: //span[normalize-space()='Dashboard']
[ERROR] 29-09-2025 21:36:20 [main] LogUtils - ?Test case loginSuccessFromDataProvider is failed.
[ERROR] 29-09-2025 21:36:20 [main] LogUtils - java.lang.AssertionError: Timeout waiting for the element Visible. By.xpath: //span[normalize-space()='Dashboard']
[INFO] 29-09-2025 21:36:21 [main] LogUtils - ?B?t ??u ch?y test case: loginSuccessFromDataProvider
[INFO] 29-09-2025 21:36:21 [main] LogUtils - ? Open URL:  https://crm.anhtester.com/admin/authentication
[INFO] 29-09-2025 21:36:21 [main] LogUtils - Set text admin4@example.com on element By.xpath: //input[@id='email']
[INFO] 29-09-2025 21:36:21 [main] LogUtils - Set text 123456 on element By.xpath: //input[@id='password']
[INFO] 29-09-2025 21:36:22 [main] LogUtils - ? Click on element By.xpath: //button[normalize-space()='Login']
[INFO] 29-09-2025 21:36:32 [main] LogUtils - Timeout waiting for the element Visible. By.xpath: //span[normalize-space()='Dashboard']
[ERROR] 29-09-2025 21:36:32 [main] LogUtils - ?Test case loginSuccessFromDataProvider is failed.
[ERROR] 29-09-2025 21:36:32 [main] LogUtils - java.lang.AssertionError: Timeout waiting for the element Visible. By.xpath: //span[normalize-space()='Dashboard']
[INFO] 29-09-2025 21:36:33 [main] LogUtils - ?B?t ??u ch?y test case: loginSuccessFromDataProvider
[INFO] 29-09-2025 21:36:35 [main] LogUtils - ? Open URL:  https://crm.anhtester.com/admin/authentication
[INFO] 29-09-2025 21:36:35 [main] LogUtils - Set text admin5@example.com on element By.xpath: //input[@id='email']
[INFO] 29-09-2025 21:36:35 [main] LogUtils - Set text 123456 on element By.xpath: //input[@id='password']
[INFO] 29-09-2025 21:36:35 [main] LogUtils - ? Click on element By.xpath: //button[normalize-space()='Login']
[INFO] 29-09-2025 21:36:45 [main] LogUtils - Timeout waiting for the element Visible. By.xpath: //span[normalize-space()='Dashboard']
[ERROR] 29-09-2025 21:36:45 [main] LogUtils - ?Test case loginSuccessFromDataProvider is failed.
[ERROR] 29-09-2025 21:36:45 [main] LogUtils - java.lang.AssertionError: Timeout waiting for the element Visible. By.xpath: //span[normalize-space()='Dashboard']
[INFO] 29-09-2025 21:36:46 [main] LogUtils - ?B?t ??u ch?y test case: loginSuccessFromDataProviderHashtable
[INFO] 29-09-2025 21:36:47 [main] LogUtils - ? Open URL:  https://crm.anhtester.com/admin/authentication
[INFO] 29-09-2025 21:36:47 [main] LogUtils - Set text admin3@example.com on element By.xpath: //input[@id='email']
[INFO] 29-09-2025 21:36:47 [main] LogUtils - Set text 123456 on element By.xpath: //input[@id='password']
[INFO] 29-09-2025 21:36:47 [main] LogUtils - ? Click on element By.xpath: //button[normalize-space()='Login']
[INFO] 29-09-2025 21:36:47 [main] LogUtils - Assert NOT contains: https://crm.anhtester.com/admin/authentication and authentication
[ERROR] 29-09-2025 21:36:47 [main] LogUtils - ?Test case loginSuccessFromDataProviderHashtable is failed.
[ERROR] 29-09-2025 21:36:47 [main] LogUtils - java.lang.AssertionError: FAIL. V?n ?ang ? trang Login expected [false] but found [true]
[INFO] 29-09-2025 21:36:49 [main] LogUtils - ?B?t ??u ch?y test case: loginSuccessFromDataProviderHashtable
[INFO] 29-09-2025 21:36:49 [main] LogUtils - ? Open URL:  https://crm.anhtester.com/admin/authentication
[INFO] 29-09-2025 21:36:49 [main] LogUtils - Set text admin4@example.com on element By.xpath: //input[@id='email']
[INFO] 29-09-2025 21:36:49 [main] LogUtils - Set text 123456 on element By.xpath: //input[@id='password']
[INFO] 29-09-2025 21:36:50 [main] LogUtils - ? Click on element By.xpath: //button[normalize-space()='Login']
[INFO] 29-09-2025 21:36:50 [main] LogUtils - Assert NOT contains: https://crm.anhtester.com/admin/authentication and authentication
[ERROR] 29-09-2025 21:36:50 [main] LogUtils - ?Test case loginSuccessFromDataProviderHashtable is failed.
[ERROR] 29-09-2025 21:36:50 [main] LogUtils - java.lang.AssertionError: FAIL. V?n ?ang ? trang Login expected [false] but found [true]
[INFO] 29-09-2025 21:36:51 [main] LogUtils - ?B?t ??u ch?y test case: loginSuccessFromDataProviderHashtable
[INFO] 29-09-2025 21:36:51 [main] LogUtils - ? Open URL:  https://crm.anhtester.com/admin/authentication
[INFO] 29-09-2025 21:36:52 [main] LogUtils - Set text admin5@example.com on element By.xpath: //input[@id='email']
[INFO] 29-09-2025 21:36:52 [main] LogUtils - Set text 123456 on element By.xpath: //input[@id='password']
[INFO] 29-09-2025 21:36:52 [main] LogUtils - ? Click on element By.xpath: //button[normalize-space()='Login']
[INFO] 29-09-2025 21:36:52 [main] LogUtils - Assert NOT contains: https://crm.anhtester.com/admin/authentication and authentication
[ERROR] 29-09-2025 21:36:52 [main] LogUtils - ?Test case loginSuccessFromDataProviderHashtable is failed.
[ERROR] 29-09-2025 21:36:52 [main] LogUtils - java.lang.AssertionError: FAIL. V?n ?ang ? trang Login expected [false] but found [true]
[INFO] 29-09-2025 21:36:53 [main] LogUtils - ?B?t ??u ch?y test case: loginFailWithEmailInvalid
[INFO] 29-09-2025 21:36:54 [main] LogUtils - ? Open URL:  https://crm.anhtester.com/admin/authentication
[INFO] 29-09-2025 21:36:54 [main] LogUtils - Set text admin123@example.com on element By.xpath: //input[@id='email']
[INFO] 29-09-2025 21:36:54 [main] LogUtils - Set text 123456 on element By.xpath: //input[@id='password']
[INFO] 29-09-2025 21:36:54 [main] LogUtils - ? Click on element By.xpath: //button[normalize-space()='Login']
[INFO] 29-09-2025 21:36:54 [main] LogUtils - Assert contains: https://crm.anhtester.com/admin/authentication and authentication
[INFO] 29-09-2025 21:36:54 [main] LogUtils - Get text of element By.xpath: //div[contains(@class, 'alert-danger')]
[INFO] 29-09-2025 21:36:54 [main] LogUtils - ==> TEXT: Invalid email or password
[INFO] 29-09-2025 21:36:54 [main] LogUtils - Assert equals: Invalid email or password and Invalid email or password
[INFO] 29-09-2025 21:36:54 [main] LogUtils - ?Test case loginFailWithEmailInvalid is passed.
[INFO] 29-09-2025 21:36:55 [main] LogUtils - ?B?t ??u ch?y test case: loginFailWithPasswordInvalid
[INFO] 29-09-2025 21:36:56 [main] LogUtils - ? Open URL:  https://crm.anhtester.com/admin/authentication
[INFO] 29-09-2025 21:36:56 [main] LogUtils - Set text admin@example.com on element By.xpath: //input[@id='email']
[INFO] 29-09-2025 21:36:56 [main] LogUtils - Set text 1234567 on element By.xpath: //input[@id='password']
[INFO] 29-09-2025 21:36:56 [main] LogUtils - ? Click on element By.xpath: //button[normalize-space()='Login']
[INFO] 29-09-2025 21:36:56 [main] LogUtils - Assert contains: https://crm.anhtester.com/admin/authentication and authentication
[INFO] 29-09-2025 21:36:56 [main] LogUtils - Get text of element By.xpath: //div[contains(@class, 'alert-danger')]
[INFO] 29-09-2025 21:36:56 [main] LogUtils - ==> TEXT: Invalid email or password
[INFO] 29-09-2025 21:36:56 [main] LogUtils - Assert equals: Invalid email or password and Invalid email or password
[INFO] 29-09-2025 21:36:56 [main] LogUtils - ?Test case loginFailWithPasswordInvalid is passed.
[INFO] 29-09-2025 21:36:57 [main] LogUtils - ?B?t ??u ch?y test case: loginFailWithEmailNull
[INFO] 29-09-2025 21:36:58 [main] LogUtils - ? Open URL:  https://crm.anhtester.com/admin/authentication
[INFO] 29-09-2025 21:36:58 [main] LogUtils - Set text  on element By.xpath: //input[@id='email']
[INFO] 29-09-2025 21:36:58 [main] LogUtils - Set text 1234567 on element By.xpath: //input[@id='password']
[INFO] 29-09-2025 21:36:58 [main] LogUtils - ? Click on element By.xpath: //button[normalize-space()='Login']
[INFO] 29-09-2025 21:36:58 [main] LogUtils - Assert contains: https://crm.anhtester.com/admin/authentication and authentication
[INFO] 29-09-2025 21:36:58 [main] LogUtils - Get text of element By.xpath: //div[contains(@class, 'alert-danger')]
[INFO] 29-09-2025 21:36:58 [main] LogUtils - ==> TEXT: The Email Address field is required.
[INFO] 29-09-2025 21:36:58 [main] LogUtils - Assert equals: The Email Address field is required. and The Email Address field is required.
[INFO] 29-09-2025 21:36:58 [main] LogUtils - ?Test case loginFailWithEmailNull is passed.
[INFO] 29-09-2025 21:36:59 [main] LogUtils - ?B?t ??u ch?y test case: loginFailWithPasswordNull
[INFO] 29-09-2025 21:36:59 [main] LogUtils - ? Open URL:  https://crm.anhtester.com/admin/authentication
[INFO] 29-09-2025 21:36:59 [main] LogUtils - Set text admin@example.com on element By.xpath: //input[@id='email']
[INFO] 29-09-2025 21:36:59 [main] LogUtils - Set text  on element By.xpath: //input[@id='password']
[INFO] 29-09-2025 21:37:00 [main] LogUtils - ? Click on element By.xpath: //button[normalize-space()='Login']
[INFO] 29-09-2025 21:37:00 [main] LogUtils - Assert contains: https://crm.anhtester.com/admin/authentication and authentication
[INFO] 29-09-2025 21:37:00 [main] LogUtils - Get text of element By.xpath: //div[contains(@class, 'alert-danger')]
[INFO] 29-09-2025 21:37:00 [main] LogUtils - ==> TEXT: The Password field is required.
[INFO] 29-09-2025 21:37:00 [main] LogUtils - Assert equals: The Password field is required. and The Password field is required.
[INFO] 29-09-2025 21:37:00 [main] LogUtils - ?Test case loginFailWithPasswordNull is passed.
[INFO] 29-09-2025 21:37:01 [main] LogUtils - ?B?t ??u ch?y test case: loginFailWithEmailNullAndPasswordNull
[INFO] 29-09-2025 21:37:01 [main] LogUtils - ? Open URL:  https://crm.anhtester.com/admin/authentication
[INFO] 29-09-2025 21:37:01 [main] LogUtils - Set text  on element By.xpath: //input[@id='email']
[INFO] 29-09-2025 21:37:01 [main] LogUtils - Set text  on element By.xpath: //input[@id='password']
[INFO] 29-09-2025 21:37:01 [main] LogUtils - ? Click on element By.xpath: //button[normalize-space()='Login']
[INFO] 29-09-2025 21:37:02 [main] LogUtils - Assert contains: https://crm.anhtester.com/admin/authentication and authentication
[INFO] 29-09-2025 21:37:02 [main] LogUtils - Get text of element By.xpath: //div[contains(@class, 'alert-danger')][1]
[INFO] 29-09-2025 21:37:02 [main] LogUtils - ==> TEXT: The Password field is required.
[INFO] 29-09-2025 21:37:02 [main] LogUtils - Get text of element By.xpath: //div[contains(@class, 'alert-danger')][2]
[INFO] 29-09-2025 21:37:02 [main] LogUtils - ==> TEXT: The Email Address field is required.
[INFO] 29-09-2025 21:37:02 [main] LogUtils - Get text of element By.xpath: //div[contains(@class, 'alert-danger')][2]
[INFO] 29-09-2025 21:37:02 [main] LogUtils - ==> TEXT: The Email Address field is required.
[INFO] 29-09-2025 21:37:02 [main] LogUtils - ?Test case loginFailWithEmailNullAndPasswordNull is passed.
[INFO] 29-09-2025 21:37:02 [main] LogUtils - ?K?t thúc b? test: Mon Sep 29 21:37:02 ICT 2025
[INFO] 29-09-2025 21:37:02 [main] LogUtils - Test total: 14
[INFO] 29-09-2025 21:37:02 [main] LogUtils - Test passed total: 6
[INFO] 29-09-2025 21:37:02 [main] LogUtils - Test failed total: 8
[INFO] 29-09-2025 21:37:02 [main] LogUtils - Test skipped total: 0
[INFO] 29-09-2025 21:37:02 [main] LogUtils - ?Setup môi tr??ng onStart: Mon Sep 29 21:37:02 ICT 2025
[INFO] 29-09-2025 21:37:03 [main] LogUtils - ?B?t ??u ch?y test case: testAddNewCustomer
[INFO] 29-09-2025 21:37:03 [main] LogUtils - ? Open URL:  https://crm.anhtester.com/admin/authentication
[INFO] 29-09-2025 21:37:04 [main] LogUtils - Clear text on element By.xpath: //input[@id='email']
[INFO] 29-09-2025 21:37:04 [main] LogUtils - Clear text on element By.xpath: //input[@id='password']
[INFO] 29-09-2025 21:37:04 [main] LogUtils - Set text admin@example.com on element By.xpath: //input[@id='email']
[INFO] 29-09-2025 21:37:04 [main] LogUtils - Set text 123456 on element By.xpath: //input[@id='password']
[INFO] 29-09-2025 21:37:04 [main] LogUtils - ? Click on element By.xpath: //button[normalize-space()='Login']
[INFO] 29-09-2025 21:37:05 [main] LogUtils - Assert NOT contains: https://crm.anhtester.com/admin/ and authentication
[INFO] 29-09-2025 21:37:06 [main] LogUtils - ? Click on element By.xpath: //span[normalize-space()='Customers']
[INFO] 29-09-2025 21:37:06 [main] LogUtils - checkElementExist: true --- By.xpath: //span[normalize-space()='Customers Summary']
[INFO] 29-09-2025 21:37:06 [main] LogUtils - Get text of element By.xpath: //span[normalize-space()='Customers Summary']
[INFO] 29-09-2025 21:37:06 [main] LogUtils - ==> TEXT: Customers Summary
[INFO] 29-09-2025 21:37:06 [main] LogUtils - Assert equals: Customers Summary and Customers Summary
[INFO] 29-09-2025 21:37:06 [main] LogUtils - Get text of element By.xpath: //span[normalize-space()='Total Customers']/preceding-sibling::span
[INFO] 29-09-2025 21:37:06 [main] LogUtils - ==> TEXT: 1438
[INFO] 29-09-2025 21:37:07 [main] LogUtils - ? Click on element By.xpath: //a[normalize-space()='New Customer']
[INFO] 29-09-2025 21:37:07 [main] LogUtils - Set text Anh Tester 250923001 on element By.xpath: //input[@id='company']
[INFO] 29-09-2025 21:37:07 [main] LogUtils - Set text 10 on element By.xpath: //input[@id='vat']
[INFO] 29-09-2025 21:37:07 [main] LogUtils - Set text 0123456789 on element By.xpath: //input[@id='phonenumber']
[INFO] 29-09-2025 21:37:07 [main] LogUtils - Set text https://anhtester.com/ on element By.xpath: //input[@id='website']
[INFO] 29-09-2025 21:37:07 [main] LogUtils - ? Click on element By.xpath: //button[@data-id='groups_in[]']
[INFO] 29-09-2025 21:37:07 [main] LogUtils - Set text VIP on element By.xpath: //button[@data-id='groups_in[]']/following-sibling::div//input
[INFO] 29-09-2025 21:37:08 [main] LogUtils - ? Click on element By.xpath: //span[text()='VIP']
[INFO] 29-09-2025 21:37:08 [main] LogUtils - ? Click on element By.xpath: //button[@data-id='groups_in[]']
[INFO] 29-09-2025 21:37:08 [main] LogUtils - ? Click on element By.xpath: //button[@data-id='default_language']
[INFO] 29-09-2025 21:37:08 [main] LogUtils - ? Click on element By.xpath: //span[normalize-space()='Vietnamese']
[INFO] 29-09-2025 21:37:08 [main] LogUtils - Set text Ha Noi on element By.xpath: //textarea[@id='address']
[INFO] 29-09-2025 21:37:08 [main] LogUtils - Set text Ha Noi on element By.xpath: //input[@id='city']
[INFO] 29-09-2025 21:37:09 [main] LogUtils - Set text Hoan Kiem on element By.xpath: //input[@id='state']
[INFO] 29-09-2025 21:37:09 [main] LogUtils - Set text 123456 on element By.xpath: //input[@id='zip']
[INFO] 29-09-2025 21:37:09 [main] LogUtils - ? Click on element By.xpath: //button[@data-id='country']
[INFO] 29-09-2025 21:37:09 [main] LogUtils - Set text Vietnam on element By.xpath: //button[@data-id='country']/following-sibling::div//input
[INFO] 29-09-2025 21:37:09 [main] LogUtils - ? Click on element By.xpath: //span[text()='Vietnam']
[INFO] 29-09-2025 21:37:09 [main] LogUtils - ? Click on element By.xpath: //div[@id='profile-save-section']/button[normalize-space()='Save']
[INFO] 29-09-2025 21:37:10 [main] LogUtils - checkElementExist: true --- By.xpath: //h4[normalize-space()='Profile']
[INFO] 29-09-2025 21:37:10 [main] LogUtils - Get text of element By.xpath: //h4[normalize-space()='Profile']
[INFO] 29-09-2025 21:37:10 [main] LogUtils - ==> TEXT: Profile
[INFO] 29-09-2025 21:37:10 [main] LogUtils - Assert equals: Profile and Profile
[INFO] 29-09-2025 21:37:10 [main] LogUtils - Assert equals: Anh Tester 250923001 and Anh Tester 250923001
[INFO] 29-09-2025 21:37:10 [main] LogUtils - Assert equals: 10 and 10
[INFO] 29-09-2025 21:37:10 [main] LogUtils - Assert equals: 0123456789 and 0123456789
[INFO] 29-09-2025 21:37:10 [main] LogUtils - Assert equals: https://anhtester.com/ and https://anhtester.com/
[INFO] 29-09-2025 21:37:10 [main] LogUtils - Assert equals: VIP and VIP
[INFO] 29-09-2025 21:37:10 [main] LogUtils - Assert equals: Vietnamese and Vietnamese
[INFO] 29-09-2025 21:37:10 [main] LogUtils - ? Click on element By.xpath: //span[normalize-space()='Customers']
[INFO] 29-09-2025 21:37:10 [main] LogUtils - Get text of element By.xpath: //span[normalize-space()='Total Customers']/preceding-sibling::span
[INFO] 29-09-2025 21:37:10 [main] LogUtils - ==> TEXT: 1439
[INFO] 29-09-2025 21:37:10 [main] LogUtils - ?Test case testAddNewCustomer is passed.
[INFO] 29-09-2025 21:37:11 [main] LogUtils - ?B?t ??u ch?y test case: testAddNewCustomer_SearchInTable
[INFO] 29-09-2025 21:37:12 [main] LogUtils - ? Open URL:  https://crm.anhtester.com/admin/authentication
[INFO] 29-09-2025 21:37:12 [main] LogUtils - Clear text on element By.xpath: //input[@id='email']
[INFO] 29-09-2025 21:37:12 [main] LogUtils - Clear text on element By.xpath: //input[@id='password']
[INFO] 29-09-2025 21:37:12 [main] LogUtils - Set text admin@example.com on element By.xpath: //input[@id='email']
[INFO] 29-09-2025 21:37:12 [main] LogUtils - Set text 123456 on element By.xpath: //input[@id='password']
[INFO] 29-09-2025 21:37:12 [main] LogUtils - ? Click on element By.xpath: //button[normalize-space()='Login']
[INFO] 29-09-2025 21:37:13 [main] LogUtils - Assert NOT contains: https://crm.anhtester.com/admin/ and authentication
[INFO] 29-09-2025 21:37:13 [main] LogUtils - ? Click on element By.xpath: //span[normalize-space()='Customers']
[INFO] 29-09-2025 21:37:13 [main] LogUtils - checkElementExist: true --- By.xpath: //span[normalize-space()='Customers Summary']
[INFO] 29-09-2025 21:37:13 [main] LogUtils - Get text of element By.xpath: //span[normalize-space()='Customers Summary']
[INFO] 29-09-2025 21:37:13 [main] LogUtils - ==> TEXT: Customers Summary
[INFO] 29-09-2025 21:37:13 [main] LogUtils - Assert equals: Customers Summary and Customers Summary
[INFO] 29-09-2025 21:37:13 [main] LogUtils - Get text of element By.xpath: //span[normalize-space()='Total Customers']/preceding-sibling::span
[INFO] 29-09-2025 21:37:13 [main] LogUtils - ==> TEXT: 1439
[INFO] 29-09-2025 21:37:14 [main] LogUtils - ? Click on element By.xpath: //a[normalize-space()='New Customer']
[INFO] 29-09-2025 21:37:14 [main] LogUtils - Set text Anh Tester 250804003 on element By.xpath: //input[@id='company']
[INFO] 29-09-2025 21:37:14 [main] LogUtils - Set text 10 on element By.xpath: //input[@id='vat']
[INFO] 29-09-2025 21:37:14 [main] LogUtils - Set text 0123456789 on element By.xpath: //input[@id='phonenumber']
[INFO] 29-09-2025 21:37:14 [main] LogUtils - Set text https://anhtester.com/ on element By.xpath: //input[@id='website']
[INFO] 29-09-2025 21:37:14 [main] LogUtils - ? Click on element By.xpath: //button[@data-id='groups_in[]']
[INFO] 29-09-2025 21:37:14 [main] LogUtils - Set text VIP on element By.xpath: //button[@data-id='groups_in[]']/following-sibling::div//input
[INFO] 29-09-2025 21:37:15 [main] LogUtils - ? Click on element By.xpath: //span[text()='VIP']
[INFO] 29-09-2025 21:37:15 [main] LogUtils - ? Click on element By.xpath: //button[@data-id='groups_in[]']
[INFO] 29-09-2025 21:37:16 [main] LogUtils - ? Click on element By.xpath: //button[@data-id='default_language']
[INFO] 29-09-2025 21:37:16 [main] LogUtils - ? Click on element By.xpath: //span[normalize-space()='Vietnamese']
[INFO] 29-09-2025 21:37:16 [main] LogUtils - Set text Ha Noi on element By.xpath: //textarea[@id='address']
[INFO] 29-09-2025 21:37:16 [main] LogUtils - Set text Ha Noi on element By.xpath: //input[@id='city']
[INFO] 29-09-2025 21:37:16 [main] LogUtils - Set text Hoan Kiem on element By.xpath: //input[@id='state']
[INFO] 29-09-2025 21:37:16 [main] LogUtils - Set text 123456 on element By.xpath: //input[@id='zip']
[INFO] 29-09-2025 21:37:16 [main] LogUtils - ? Click on element By.xpath: //button[@data-id='country']
[INFO] 29-09-2025 21:37:16 [main] LogUtils - Set text Vietnam on element By.xpath: //button[@data-id='country']/following-sibling::div//input
[INFO] 29-09-2025 21:37:16 [main] LogUtils - ? Click on element By.xpath: //span[text()='Vietnam']
[INFO] 29-09-2025 21:37:17 [main] LogUtils - ? Click on element By.xpath: //div[@id='profile-save-section']/button[normalize-space()='Save']
[INFO] 29-09-2025 21:37:17 [main] LogUtils - ? Click on element By.xpath: //span[normalize-space()='Customers']
[INFO] 29-09-2025 21:37:18 [main] LogUtils - Set text Anh Tester 250804003 on element By.xpath: //div[@id='clients_filter']//input[@type='search']
[INFO] 29-09-2025 21:37:20 [main] LogUtils - Get text of element By.xpath: //table[@id='clients']//tbody/tr[1]/td[3]/a
[INFO] 29-09-2025 21:37:20 [main] LogUtils - ==> TEXT: Anh Tester 250804003
[INFO] 29-09-2025 21:37:20 [main] LogUtils - Assert equals: Anh Tester 250804003 and Anh Tester 250804003
[INFO] 29-09-2025 21:37:21 [main] LogUtils - ? Click on element By.xpath: //table[@id='clients']//tbody/tr[1]/td[3]/a
[INFO] 29-09-2025 21:37:21 [main] LogUtils - checkElementExist: true --- By.xpath: //h4[normalize-space()='Profile']
[INFO] 29-09-2025 21:37:21 [main] LogUtils - Get text of element By.xpath: //h4[normalize-space()='Profile']
[INFO] 29-09-2025 21:37:21 [main] LogUtils - ==> TEXT: Profile
[INFO] 29-09-2025 21:37:21 [main] LogUtils - Assert equals: Profile and Profile
[INFO] 29-09-2025 21:37:21 [main] LogUtils - Assert equals: Anh Tester 250804003 and Anh Tester 250804003
[INFO] 29-09-2025 21:37:21 [main] LogUtils - Assert equals: 10 and 10
[INFO] 29-09-2025 21:37:21 [main] LogUtils - Assert equals: 0123456789 and 0123456789
[INFO] 29-09-2025 21:37:21 [main] LogUtils - Assert equals: https://anhtester.com/ and https://anhtester.com/
[INFO] 29-09-2025 21:37:21 [main] LogUtils - Assert equals: VIP and VIP
[INFO] 29-09-2025 21:37:21 [main] LogUtils - Assert equals: Vietnamese and Vietnamese
[INFO] 29-09-2025 21:37:21 [main] LogUtils - ? Click on element By.xpath: //span[normalize-space()='Customers']
[INFO] 29-09-2025 21:37:21 [main] LogUtils - Get text of element By.xpath: //span[normalize-space()='Total Customers']/preceding-sibling::span
[INFO] 29-09-2025 21:37:21 [main] LogUtils - ==> TEXT: 1440
[INFO] 29-09-2025 21:37:21 [main] LogUtils - ?Test case testAddNewCustomer_SearchInTable is passed.
[INFO] 29-09-2025 21:37:21 [main] LogUtils - ?K?t thúc b? test: Mon Sep 29 21:37:21 ICT 2025
[INFO] 29-09-2025 21:37:21 [main] LogUtils - Test total: 16
[INFO] 29-09-2025 21:37:21 [main] LogUtils - Test passed total: 8
[INFO] 29-09-2025 21:37:21 [main] LogUtils - Test failed total: 8
[INFO] 29-09-2025 21:37:21 [main] LogUtils - Test skipped total: 0
[INFO] 29-09-2025 21:44:40 [main] LogUtils - ?Setup môi tr??ng onStart: Mon Sep 29 21:44:39 ICT 2025
[INFO] 29-09-2025 21:44:42 [TestNG-PoolService-1] LogUtils - ?B?t ??u ch?y test case: loginSuccess
[INFO] 29-09-2025 21:44:42 [TestNG-test-Login Test With Chrome-2] LogUtils - ?B?t ??u ch?y test case: loginSuccessFromDataProvider
[ERROR] 29-09-2025 21:44:42 [TestNG-PoolService-1] LogUtils - ?Test case loginSuccess is failed.
[ERROR] 29-09-2025 21:44:42 [TestNG-test-Login Test With Chrome-2] LogUtils - ?Test case loginSuccessFromDataProvider is failed.
[ERROR] 29-09-2025 21:44:42 [TestNG-test-Login Test With Chrome-2] LogUtils - java.lang.RuntimeException: java.io.IOException: No encoder for format Format{dimY:864,fixedFrameRate:true,frameRate:30,mimeType:video/avi,dimX:1536,dataClass:class [B,dimZ:24,mediaType:VIDEO,encoding:tscc}
[ERROR] 29-09-2025 21:44:42 [TestNG-PoolService-1] LogUtils - java.lang.RuntimeException: java.io.IOException: No encoder for format Format{dimY:864,fixedFrameRate:true,frameRate:30,mimeType:video/avi,dimX:1536,dataClass:class [B,dimZ:24,mediaType:VIDEO,encoding:tscc}
[INFO] 29-09-2025 21:44:44 [TestNG-test-Login Test With Chrome-1] LogUtils - ?B?t ??u ch?y test case: loginSuccessFromDataProviderHashtable
[ERROR] 29-09-2025 21:44:44 [TestNG-test-Login Test With Chrome-1] LogUtils - ?Test case loginSuccessFromDataProviderHashtable is failed.
[ERROR] 29-09-2025 21:44:44 [TestNG-test-Login Test With Chrome-1] LogUtils - java.lang.RuntimeException: java.io.IOException: No encoder for format Format{dimY:864,fixedFrameRate:true,frameRate:30,mimeType:video/avi,dimX:1536,dataClass:class [B,dimZ:24,mediaType:VIDEO,encoding:tscc}
[INFO] 29-09-2025 21:44:44 [TestNG-test-Login Test With Chrome-2] LogUtils - ?B?t ??u ch?y test case: loginSuccessFromDataProvider
[ERROR] 29-09-2025 21:44:44 [TestNG-test-Login Test With Chrome-2] LogUtils - ?Test case loginSuccessFromDataProvider is failed.
[ERROR] 29-09-2025 21:44:44 [TestNG-test-Login Test With Chrome-2] LogUtils - java.lang.RuntimeException: java.io.IOException: No encoder for format Format{dimY:864,fixedFrameRate:true,frameRate:30,mimeType:video/avi,dimX:1536,dataClass:class [B,dimZ:24,mediaType:VIDEO,encoding:tscc}
[INFO] 29-09-2025 21:44:45 [TestNG-test-Login Test With Chrome-1] LogUtils - ?B?t ??u ch?y test case: loginSuccessFromDataProviderHashtable
[ERROR] 29-09-2025 21:44:45 [TestNG-test-Login Test With Chrome-1] LogUtils - ?Test case loginSuccessFromDataProviderHashtable is failed.
[ERROR] 29-09-2025 21:44:45 [TestNG-test-Login Test With Chrome-1] LogUtils - java.lang.RuntimeException: java.io.IOException: No encoder for format Format{dimY:864,fixedFrameRate:true,frameRate:30,mimeType:video/avi,dimX:1536,dataClass:class [B,dimZ:24,mediaType:VIDEO,encoding:tscc}
[INFO] 29-09-2025 21:44:45 [TestNG-test-Login Test With Chrome-2] LogUtils - ?B?t ??u ch?y test case: loginSuccessFromDataProvider
[ERROR] 29-09-2025 21:44:45 [TestNG-test-Login Test With Chrome-2] LogUtils - ?Test case loginSuccessFromDataProvider is failed.
[ERROR] 29-09-2025 21:44:45 [TestNG-test-Login Test With Chrome-2] LogUtils - java.lang.RuntimeException: java.io.IOException: No encoder for format Format{dimY:864,fixedFrameRate:true,frameRate:30,mimeType:video/avi,dimX:1536,dataClass:class [B,dimZ:24,mediaType:VIDEO,encoding:tscc}
[INFO] 29-09-2025 21:44:47 [TestNG-test-Login Test With Chrome-1] LogUtils - ?B?t ??u ch?y test case: loginSuccessFromDataProviderHashtable
[INFO] 29-09-2025 21:44:47 [TestNG-test-Login Test With Chrome-2] LogUtils - ?B?t ??u ch?y test case: loginSuccessFromDataProvider
[ERROR] 29-09-2025 21:44:47 [TestNG-test-Login Test With Chrome-1] LogUtils - ?Test case loginSuccessFromDataProviderHashtable is failed.
[ERROR] 29-09-2025 21:44:47 [TestNG-test-Login Test With Chrome-1] LogUtils - java.lang.RuntimeException: java.io.IOException: No encoder for format Format{dimY:864,fixedFrameRate:true,frameRate:30,mimeType:video/avi,dimX:1536,dataClass:class [B,dimZ:24,mediaType:VIDEO,encoding:tscc}
[ERROR] 29-09-2025 21:44:47 [TestNG-test-Login Test With Chrome-2] LogUtils - ?Test case loginSuccessFromDataProvider is failed.
[ERROR] 29-09-2025 21:44:47 [TestNG-test-Login Test With Chrome-2] LogUtils - java.lang.RuntimeException: java.io.IOException: No encoder for format Format{dimY:864,fixedFrameRate:true,frameRate:30,mimeType:video/avi,dimX:1536,dataClass:class [B,dimZ:24,mediaType:VIDEO,encoding:tscc}
[INFO] 29-09-2025 21:44:48 [TestNG-test-Login Test With Chrome-1] LogUtils - ?B?t ??u ch?y test case: loginFailWithEmailInvalid
[ERROR] 29-09-2025 21:44:48 [TestNG-test-Login Test With Chrome-1] LogUtils - ?Test case loginFailWithEmailInvalid is failed.
[ERROR] 29-09-2025 21:44:48 [TestNG-test-Login Test With Chrome-1] LogUtils - java.lang.RuntimeException: java.io.IOException: No encoder for format Format{dimY:864,fixedFrameRate:true,frameRate:30,mimeType:video/avi,dimX:1536,dataClass:class [B,dimZ:24,mediaType:VIDEO,encoding:tscc}
[INFO] 29-09-2025 21:44:48 [TestNG-test-Login Test With Chrome-2] LogUtils - ?B?t ??u ch?y test case: loginSuccessFromDataProvider
[ERROR] 29-09-2025 21:44:48 [TestNG-test-Login Test With Chrome-2] LogUtils - ?Test case loginSuccessFromDataProvider is failed.
[ERROR] 29-09-2025 21:44:48 [TestNG-test-Login Test With Chrome-2] LogUtils - java.lang.RuntimeException: java.io.IOException: No encoder for format Format{dimY:864,fixedFrameRate:true,frameRate:30,mimeType:video/avi,dimX:1536,dataClass:class [B,dimZ:24,mediaType:VIDEO,encoding:tscc}
[INFO] 29-09-2025 21:44:50 [TestNG-test-Login Test With Chrome-1] LogUtils - ?B?t ??u ch?y test case: loginFailWithPasswordInvalid
[ERROR] 29-09-2025 21:44:50 [TestNG-test-Login Test With Chrome-1] LogUtils - ?Test case loginFailWithPasswordInvalid is failed.
[ERROR] 29-09-2025 21:44:50 [TestNG-test-Login Test With Chrome-1] LogUtils - java.lang.RuntimeException: java.io.IOException: No encoder for format Format{dimY:864,fixedFrameRate:true,frameRate:30,mimeType:video/avi,dimX:1536,dataClass:class [B,dimZ:24,mediaType:VIDEO,encoding:tscc}
[INFO] 29-09-2025 21:44:50 [TestNG-test-Login Test With Chrome-2] LogUtils - ?B?t ??u ch?y test case: loginFailWithEmailNull
[ERROR] 29-09-2025 21:44:50 [TestNG-test-Login Test With Chrome-2] LogUtils - ?Test case loginFailWithEmailNull is failed.
[ERROR] 29-09-2025 21:44:50 [TestNG-test-Login Test With Chrome-2] LogUtils - java.lang.RuntimeException: java.io.IOException: No encoder for format Format{dimY:864,fixedFrameRate:true,frameRate:30,mimeType:video/avi,dimX:1536,dataClass:class [B,dimZ:24,mediaType:VIDEO,encoding:tscc}
[INFO] 29-09-2025 21:44:51 [TestNG-test-Login Test With Chrome-1] LogUtils - ?B?t ??u ch?y test case: loginFailWithPasswordNull
[ERROR] 29-09-2025 21:44:51 [TestNG-test-Login Test With Chrome-1] LogUtils - ?Test case loginFailWithPasswordNull is failed.
[ERROR] 29-09-2025 21:44:51 [TestNG-test-Login Test With Chrome-1] LogUtils - java.lang.RuntimeException: java.io.IOException: No encoder for format Format{dimY:864,fixedFrameRate:true,frameRate:30,mimeType:video/avi,dimX:1536,dataClass:class [B,dimZ:24,mediaType:VIDEO,encoding:tscc}
[INFO] 29-09-2025 21:44:51 [TestNG-test-Login Test With Chrome-2] LogUtils - ?B?t ??u ch?y test case: loginFailWithEmailNullAndPasswordNull
[ERROR] 29-09-2025 21:44:51 [TestNG-test-Login Test With Chrome-2] LogUtils - ?Test case loginFailWithEmailNullAndPasswordNull is failed.
[ERROR] 29-09-2025 21:44:51 [TestNG-test-Login Test With Chrome-2] LogUtils - java.lang.RuntimeException: java.io.IOException: No encoder for format Format{dimY:864,fixedFrameRate:true,frameRate:30,mimeType:video/avi,dimX:1536,dataClass:class [B,dimZ:24,mediaType:VIDEO,encoding:tscc}
[INFO] 29-09-2025 21:44:52 [main] LogUtils - ?K?t thúc b? test: Mon Sep 29 21:44:52 ICT 2025
[INFO] 29-09-2025 21:44:52 [main] LogUtils - Test total: 14
[INFO] 29-09-2025 21:44:52 [main] LogUtils - Test passed total: 0
[INFO] 29-09-2025 21:44:52 [main] LogUtils - Test failed total: 14
[INFO] 29-09-2025 21:44:52 [main] LogUtils - Test skipped total: 0
[INFO] 29-09-2025 21:44:52 [main] LogUtils - ?Setup môi tr??ng onStart: Mon Sep 29 21:44:52 ICT 2025
[INFO] 29-09-2025 21:44:53 [TestNG-test-Customer Test With Firefox-2] LogUtils - ?B?t ??u ch?y test case: testAddNewCustomer_SearchInTable
[ERROR] 29-09-2025 21:44:53 [TestNG-test-Customer Test With Firefox-2] LogUtils - ?Test case testAddNewCustomer_SearchInTable is failed.
[ERROR] 29-09-2025 21:44:53 [TestNG-test-Customer Test With Firefox-2] LogUtils - java.lang.RuntimeException: java.io.IOException: No encoder for format Format{dimY:864,fixedFrameRate:true,frameRate:30,mimeType:video/avi,dimX:1536,dataClass:class [B,dimZ:24,mediaType:VIDEO,encoding:tscc}
[INFO] 29-09-2025 21:44:53 [TestNG-test-Customer Test With Firefox-1] LogUtils - ?B?t ??u ch?y test case: testAddNewCustomer
[ERROR] 29-09-2025 21:44:53 [TestNG-test-Customer Test With Firefox-1] LogUtils - ?Test case testAddNewCustomer is failed.
[ERROR] 29-09-2025 21:44:53 [TestNG-test-Customer Test With Firefox-1] LogUtils - java.lang.RuntimeException: java.io.IOException: No encoder for format Format{dimY:864,fixedFrameRate:true,frameRate:30,mimeType:video/avi,dimX:1536,dataClass:class [B,dimZ:24,mediaType:VIDEO,encoding:tscc}
[INFO] 29-09-2025 21:44:53 [main] LogUtils - ?K?t thúc b? test: Mon Sep 29 21:44:53 ICT 2025
[INFO] 29-09-2025 21:44:53 [main] LogUtils - Test total: 16
[INFO] 29-09-2025 21:44:53 [main] LogUtils - Test passed total: 0
[INFO] 29-09-2025 21:44:53 [main] LogUtils - Test failed total: 16
[INFO] 29-09-2025 21:44:53 [main] LogUtils - Test skipped total: 0
[INFO] 29-09-2025 21:49:54 [main] LogUtils - ?Setup môi tr??ng onStart: Mon Sep 29 21:49:54 ICT 2025
[INFO] 29-09-2025 21:49:56 [TestNG-PoolService-1] LogUtils - ?B?t ??u ch?y test case: loginSuccess
[INFO] 29-09-2025 21:49:57 [TestNG-test-Login Test With Chrome-2] LogUtils - ?B?t ??u ch?y test case: loginSuccessFromDataProvider
[ERROR] 29-09-2025 21:49:57 [TestNG-test-Login Test With Chrome-2] LogUtils - ?Test case loginSuccessFromDataProvider is failed.
[ERROR] 29-09-2025 21:49:57 [TestNG-test-Login Test With Chrome-2] LogUtils - java.lang.NullPointerException: Cannot invoke "org.monte.media.MovieWriter.addTrack(org.monte.media.Format)" because "this.w" is null
[INFO] 29-09-2025 21:49:58 [TestNG-PoolService-1] LogUtils - ? Open URL:  https://crm.anhtester.com/admin/authentication
[INFO] 29-09-2025 21:49:58 [TestNG-PoolService-1] LogUtils - Set text admin@example1.com on element By.xpath: //input[@id='email']
[INFO] 29-09-2025 21:49:58 [TestNG-PoolService-1] LogUtils - Set text 123456 on element By.xpath: //input[@id='password']
[INFO] 29-09-2025 21:49:58 [TestNG-PoolService-1] LogUtils - ? Click on element By.xpath: //button[normalize-space()='Login']
[INFO] 29-09-2025 21:49:58 [TestNG-PoolService-1] LogUtils - Assert NOT contains: https://crm.anhtester.com/admin/authentication and authentication
[ERROR] 29-09-2025 21:49:58 [TestNG-PoolService-1] LogUtils - ?Test case loginSuccess is failed.
[ERROR] 29-09-2025 21:49:58 [TestNG-PoolService-1] LogUtils - java.lang.AssertionError: FAIL. V?n ?ang ? trang Login expected [false] but found [true]
[INFO] 29-09-2025 21:49:58 [TestNG-test-Login Test With Chrome-2] LogUtils - ?B?t ??u ch?y test case: loginSuccessFromDataProvider
[INFO] 29-09-2025 21:49:59 [TestNG-test-Login Test With Chrome-2] LogUtils - ? Open URL:  https://crm.anhtester.com/admin/authentication
[INFO] 29-09-2025 21:49:59 [TestNG-test-Login Test With Chrome-2] LogUtils - Set text admin2@example.com on element By.xpath: //input[@id='email']
[INFO] 29-09-2025 21:49:59 [TestNG-test-Login Test With Chrome-2] LogUtils - Set text 123456 on element By.xpath: //input[@id='password']
[INFO] 29-09-2025 21:49:59 [TestNG-test-Login Test With Chrome-2] LogUtils - ? Click on element By.xpath: //button[normalize-space()='Login']
[INFO] 29-09-2025 21:50:00 [TestNG-test-Login Test With Chrome-1] LogUtils - ?B?t ??u ch?y test case: loginSuccessFromDataProviderHashtable
[INFO] 29-09-2025 21:50:00 [TestNG-test-Login Test With Chrome-1] LogUtils - ? Open URL:  https://crm.anhtester.com/admin/authentication
[INFO] 29-09-2025 21:50:00 [TestNG-test-Login Test With Chrome-1] LogUtils - Set text admin3@example.com on element By.xpath: //input[@id='email']
[INFO] 29-09-2025 21:50:00 [TestNG-test-Login Test With Chrome-1] LogUtils - Set text 123456 on element By.xpath: //input[@id='password']
[INFO] 29-09-2025 21:50:00 [TestNG-test-Login Test With Chrome-1] LogUtils - ? Click on element By.xpath: //button[normalize-space()='Login']
[INFO] 29-09-2025 21:50:01 [TestNG-test-Login Test With Chrome-1] LogUtils - Assert NOT contains: https://crm.anhtester.com/admin/authentication and authentication
[ERROR] 29-09-2025 21:50:01 [TestNG-test-Login Test With Chrome-1] LogUtils - ?Test case loginSuccessFromDataProviderHashtable is failed.
[ERROR] 29-09-2025 21:50:01 [TestNG-test-Login Test With Chrome-1] LogUtils - java.lang.AssertionError: FAIL. V?n ?ang ? trang Login expected [false] but found [true]
[INFO] 29-09-2025 21:50:03 [TestNG-test-Login Test With Chrome-1] LogUtils - ?B?t ??u ch?y test case: loginSuccessFromDataProviderHashtable
[INFO] 29-09-2025 21:50:03 [TestNG-test-Login Test With Chrome-1] LogUtils - ? Open URL:  https://crm.anhtester.com/admin/authentication
[INFO] 29-09-2025 21:50:03 [TestNG-test-Login Test With Chrome-1] LogUtils - Set text admin4@example.com on element By.xpath: //input[@id='email']
[INFO] 29-09-2025 21:50:03 [TestNG-test-Login Test With Chrome-1] LogUtils - Set text 123456 on element By.xpath: //input[@id='password']
[INFO] 29-09-2025 21:50:03 [TestNG-test-Login Test With Chrome-1] LogUtils - ? Click on element By.xpath: //button[normalize-space()='Login']
[INFO] 29-09-2025 21:50:04 [TestNG-test-Login Test With Chrome-1] LogUtils - Assert NOT contains: https://crm.anhtester.com/admin/authentication and authentication
[ERROR] 29-09-2025 21:50:04 [TestNG-test-Login Test With Chrome-1] LogUtils - ?Test case loginSuccessFromDataProviderHashtable is failed.
[ERROR] 29-09-2025 21:50:04 [TestNG-test-Login Test With Chrome-1] LogUtils - java.lang.AssertionError: FAIL. V?n ?ang ? trang Login expected [false] but found [true]
[INFO] 29-09-2025 21:50:05 [TestNG-test-Login Test With Chrome-1] LogUtils - ?B?t ??u ch?y test case: loginSuccessFromDataProviderHashtable
[INFO] 29-09-2025 21:50:05 [TestNG-test-Login Test With Chrome-1] LogUtils - ? Open URL:  https://crm.anhtester.com/admin/authentication
[INFO] 29-09-2025 21:50:05 [TestNG-test-Login Test With Chrome-1] LogUtils - Set text admin5@example.com on element By.xpath: //input[@id='email']
[INFO] 29-09-2025 21:50:06 [TestNG-test-Login Test With Chrome-1] LogUtils - Set text 123456 on element By.xpath: //input[@id='password']
[INFO] 29-09-2025 21:50:06 [TestNG-test-Login Test With Chrome-1] LogUtils - ? Click on element By.xpath: //button[normalize-space()='Login']
[INFO] 29-09-2025 21:50:06 [TestNG-test-Login Test With Chrome-1] LogUtils - Assert NOT contains: https://crm.anhtester.com/admin/authentication and authentication
[ERROR] 29-09-2025 21:50:06 [TestNG-test-Login Test With Chrome-1] LogUtils - ?Test case loginSuccessFromDataProviderHashtable is failed.
[ERROR] 29-09-2025 21:50:06 [TestNG-test-Login Test With Chrome-1] LogUtils - java.lang.AssertionError: FAIL. V?n ?ang ? trang Login expected [false] but found [true]
[INFO] 29-09-2025 21:50:07 [TestNG-test-Login Test With Chrome-1] LogUtils - ?B?t ??u ch?y test case: loginFailWithEmailInvalid
[INFO] 29-09-2025 21:50:09 [TestNG-test-Login Test With Chrome-1] LogUtils - ? Open URL:  https://crm.anhtester.com/admin/authentication
[INFO] 29-09-2025 21:50:09 [TestNG-test-Login Test With Chrome-1] LogUtils - Set text admin123@example.com on element By.xpath: //input[@id='email']
[INFO] 29-09-2025 21:50:09 [TestNG-test-Login Test With Chrome-1] LogUtils - Set text 123456 on element By.xpath: //input[@id='password']
[INFO] 29-09-2025 21:50:09 [TestNG-test-Login Test With Chrome-1] LogUtils - ? Click on element By.xpath: //button[normalize-space()='Login']
[INFO] 29-09-2025 21:50:09 [TestNG-test-Login Test With Chrome-2] LogUtils - Timeout waiting for the element Visible. By.xpath: //span[normalize-space()='Dashboard']
[ERROR] 29-09-2025 21:50:09 [TestNG-test-Login Test With Chrome-2] LogUtils - ?Test case loginSuccessFromDataProvider is failed.
[ERROR] 29-09-2025 21:50:09 [TestNG-test-Login Test With Chrome-2] LogUtils - java.lang.AssertionError: Timeout waiting for the element Visible. By.xpath: //span[normalize-space()='Dashboard']
[INFO] 29-09-2025 21:50:09 [TestNG-test-Login Test With Chrome-1] LogUtils - Assert contains: https://crm.anhtester.com/admin/authentication and authentication
[INFO] 29-09-2025 21:50:09 [TestNG-test-Login Test With Chrome-1] LogUtils - Get text of element By.xpath: //div[contains(@class, 'alert-danger')]
[INFO] 29-09-2025 21:50:09 [TestNG-test-Login Test With Chrome-1] LogUtils - ==> TEXT: Invalid email or password
[INFO] 29-09-2025 21:50:09 [TestNG-test-Login Test With Chrome-1] LogUtils - Assert equals: Invalid email or password and Invalid email or password
[INFO] 29-09-2025 21:50:09 [TestNG-test-Login Test With Chrome-1] LogUtils - ?Test case loginFailWithEmailInvalid is passed.
[INFO] 29-09-2025 21:50:11 [TestNG-test-Login Test With Chrome-1] LogUtils - ?B?t ??u ch?y test case: loginFailWithPasswordInvalid
[INFO] 29-09-2025 21:50:11 [TestNG-test-Login Test With Chrome-2] LogUtils - ?B?t ??u ch?y test case: loginSuccessFromDataProvider
[INFO] 29-09-2025 21:50:11 [TestNG-test-Login Test With Chrome-2] LogUtils - ? Open URL:  https://crm.anhtester.com/admin/authentication
[INFO] 29-09-2025 21:50:11 [TestNG-test-Login Test With Chrome-1] LogUtils - ? Open URL:  https://crm.anhtester.com/admin/authentication
[INFO] 29-09-2025 21:50:11 [TestNG-test-Login Test With Chrome-1] LogUtils - Set text admin@example.com on element By.xpath: //input[@id='email']
[INFO] 29-09-2025 21:50:11 [TestNG-test-Login Test With Chrome-2] LogUtils - Set text admin3@example.com on element By.xpath: //input[@id='email']
[INFO] 29-09-2025 21:50:11 [TestNG-test-Login Test With Chrome-1] LogUtils - Set text 1234567 on element By.xpath: //input[@id='password']
[INFO] 29-09-2025 21:50:11 [TestNG-test-Login Test With Chrome-2] LogUtils - Set text 123456 on element By.xpath: //input[@id='password']
[INFO] 29-09-2025 21:50:11 [TestNG-test-Login Test With Chrome-1] LogUtils - ? Click on element By.xpath: //button[normalize-space()='Login']
[INFO] 29-09-2025 21:50:11 [TestNG-test-Login Test With Chrome-2] LogUtils - ? Click on element By.xpath: //button[normalize-space()='Login']
[INFO] 29-09-2025 21:50:12 [TestNG-test-Login Test With Chrome-1] LogUtils - Assert contains: https://crm.anhtester.com/admin/authentication and authentication
[INFO] 29-09-2025 21:50:12 [TestNG-test-Login Test With Chrome-1] LogUtils - Get text of element By.xpath: //div[contains(@class, 'alert-danger')]
[INFO] 29-09-2025 21:50:12 [TestNG-test-Login Test With Chrome-1] LogUtils - ==> TEXT: Invalid email or password
[INFO] 29-09-2025 21:50:12 [TestNG-test-Login Test With Chrome-1] LogUtils - Assert equals: Invalid email or password and Invalid email or password
[INFO] 29-09-2025 21:50:12 [TestNG-test-Login Test With Chrome-1] LogUtils - ?Test case loginFailWithPasswordInvalid is passed.
[INFO] 29-09-2025 21:50:13 [TestNG-test-Login Test With Chrome-1] LogUtils - ?B?t ??u ch?y test case: loginFailWithEmailNull
[INFO] 29-09-2025 21:50:13 [TestNG-test-Login Test With Chrome-1] LogUtils - ? Open URL:  https://crm.anhtester.com/admin/authentication
[INFO] 29-09-2025 21:50:13 [TestNG-test-Login Test With Chrome-1] LogUtils - Set text  on element By.xpath: //input[@id='email']
[INFO] 29-09-2025 21:50:14 [TestNG-test-Login Test With Chrome-1] LogUtils - Set text 1234567 on element By.xpath: //input[@id='password']
[INFO] 29-09-2025 21:50:14 [TestNG-test-Login Test With Chrome-1] LogUtils - ? Click on element By.xpath: //button[normalize-space()='Login']
[INFO] 29-09-2025 21:50:14 [TestNG-test-Login Test With Chrome-1] LogUtils - Assert contains: https://crm.anhtester.com/admin/authentication and authentication
[INFO] 29-09-2025 21:50:14 [TestNG-test-Login Test With Chrome-1] LogUtils - Get text of element By.xpath: //div[contains(@class, 'alert-danger')]
[INFO] 29-09-2025 21:50:14 [TestNG-test-Login Test With Chrome-1] LogUtils - ==> TEXT: The Email Address field is required.
[INFO] 29-09-2025 21:50:14 [TestNG-test-Login Test With Chrome-1] LogUtils - Assert equals: The Email Address field is required. and The Email Address field is required.
[INFO] 29-09-2025 21:50:14 [TestNG-test-Login Test With Chrome-1] LogUtils - ?Test case loginFailWithEmailNull is passed.
[INFO] 29-09-2025 21:50:15 [TestNG-test-Login Test With Chrome-1] LogUtils - ?B?t ??u ch?y test case: loginFailWithPasswordNull
[INFO] 29-09-2025 21:50:15 [TestNG-test-Login Test With Chrome-1] LogUtils - ? Open URL:  https://crm.anhtester.com/admin/authentication
[INFO] 29-09-2025 21:50:15 [TestNG-test-Login Test With Chrome-1] LogUtils - Set text admin@example.com on element By.xpath: //input[@id='email']
[INFO] 29-09-2025 21:50:15 [TestNG-test-Login Test With Chrome-1] LogUtils - Set text  on element By.xpath: //input[@id='password']
[INFO] 29-09-2025 21:50:15 [TestNG-test-Login Test With Chrome-1] LogUtils - ? Click on element By.xpath: //button[normalize-space()='Login']
[INFO] 29-09-2025 21:50:16 [TestNG-test-Login Test With Chrome-1] LogUtils - Assert contains: https://crm.anhtester.com/admin/authentication and authentication
[INFO] 29-09-2025 21:50:16 [TestNG-test-Login Test With Chrome-1] LogUtils - Get text of element By.xpath: //div[contains(@class, 'alert-danger')]
[INFO] 29-09-2025 21:50:16 [TestNG-test-Login Test With Chrome-1] LogUtils - ==> TEXT: The Password field is required.
[INFO] 29-09-2025 21:50:16 [TestNG-test-Login Test With Chrome-1] LogUtils - Assert equals: The Password field is required. and The Password field is required.
[INFO] 29-09-2025 21:50:16 [TestNG-test-Login Test With Chrome-1] LogUtils - ?Test case loginFailWithPasswordNull is passed.
[INFO] 29-09-2025 21:50:17 [TestNG-test-Login Test With Chrome-1] LogUtils - ?B?t ??u ch?y test case: loginFailWithEmailNullAndPasswordNull
[INFO] 29-09-2025 21:50:17 [TestNG-test-Login Test With Chrome-1] LogUtils - ? Open URL:  https://crm.anhtester.com/admin/authentication
[INFO] 29-09-2025 21:50:17 [TestNG-test-Login Test With Chrome-1] LogUtils - Set text  on element By.xpath: //input[@id='email']
[INFO] 29-09-2025 21:50:17 [TestNG-test-Login Test With Chrome-1] LogUtils - Set text  on element By.xpath: //input[@id='password']
[INFO] 29-09-2025 21:50:17 [TestNG-test-Login Test With Chrome-1] LogUtils - ? Click on element By.xpath: //button[normalize-space()='Login']
[INFO] 29-09-2025 21:50:18 [TestNG-test-Login Test With Chrome-1] LogUtils - Assert contains: https://crm.anhtester.com/admin/authentication and authentication
[INFO] 29-09-2025 21:50:18 [TestNG-test-Login Test With Chrome-1] LogUtils - Get text of element By.xpath: //div[contains(@class, 'alert-danger')][1]
[INFO] 29-09-2025 21:50:18 [TestNG-test-Login Test With Chrome-1] LogUtils - ==> TEXT: The Password field is required.
[INFO] 29-09-2025 21:50:18 [TestNG-test-Login Test With Chrome-1] LogUtils - Get text of element By.xpath: //div[contains(@class, 'alert-danger')][2]
[INFO] 29-09-2025 21:50:18 [TestNG-test-Login Test With Chrome-1] LogUtils - ==> TEXT: The Email Address field is required.
[INFO] 29-09-2025 21:50:18 [TestNG-test-Login Test With Chrome-1] LogUtils - Get text of element By.xpath: //div[contains(@class, 'alert-danger')][2]
[INFO] 29-09-2025 21:50:18 [TestNG-test-Login Test With Chrome-1] LogUtils - ==> TEXT: The Email Address field is required.
[INFO] 29-09-2025 21:50:18 [TestNG-test-Login Test With Chrome-1] LogUtils - ?Test case loginFailWithEmailNullAndPasswordNull is passed.
[INFO] 29-09-2025 21:50:22 [TestNG-test-Login Test With Chrome-2] LogUtils - Timeout waiting for the element Visible. By.xpath: //span[normalize-space()='Dashboard']
[ERROR] 29-09-2025 21:50:22 [TestNG-test-Login Test With Chrome-2] LogUtils - ?Test case loginSuccessFromDataProvider is failed.
[ERROR] 29-09-2025 21:50:22 [TestNG-test-Login Test With Chrome-2] LogUtils - java.lang.AssertionError: Timeout waiting for the element Visible. By.xpath: //span[normalize-space()='Dashboard']
[INFO] 29-09-2025 21:50:23 [TestNG-test-Login Test With Chrome-2] LogUtils - ?B?t ??u ch?y test case: loginSuccessFromDataProvider
[INFO] 29-09-2025 21:50:23 [TestNG-test-Login Test With Chrome-2] LogUtils - ? Open URL:  https://crm.anhtester.com/admin/authentication
[INFO] 29-09-2025 21:50:23 [TestNG-test-Login Test With Chrome-2] LogUtils - Set text admin4@example.com on element By.xpath: //input[@id='email']
[INFO] 29-09-2025 21:50:23 [TestNG-test-Login Test With Chrome-2] LogUtils - Set text 123456 on element By.xpath: //input[@id='password']
[INFO] 29-09-2025 21:50:24 [TestNG-test-Login Test With Chrome-2] LogUtils - ? Click on element By.xpath: //button[normalize-space()='Login']
[INFO] 29-09-2025 21:50:34 [TestNG-test-Login Test With Chrome-2] LogUtils - Timeout waiting for the element Visible. By.xpath: //span[normalize-space()='Dashboard']
[ERROR] 29-09-2025 21:50:34 [TestNG-test-Login Test With Chrome-2] LogUtils - ?Test case loginSuccessFromDataProvider is failed.
[ERROR] 29-09-2025 21:50:34 [TestNG-test-Login Test With Chrome-2] LogUtils - java.lang.AssertionError: Timeout waiting for the element Visible. By.xpath: //span[normalize-space()='Dashboard']
[INFO] 29-09-2025 21:50:35 [TestNG-test-Login Test With Chrome-2] LogUtils - ?B?t ??u ch?y test case: loginSuccessFromDataProvider
[INFO] 29-09-2025 21:50:35 [TestNG-test-Login Test With Chrome-2] LogUtils - ? Open URL:  https://crm.anhtester.com/admin/authentication
[INFO] 29-09-2025 21:50:35 [TestNG-test-Login Test With Chrome-2] LogUtils - Set text admin5@example.com on element By.xpath: //input[@id='email']
[INFO] 29-09-2025 21:50:35 [TestNG-test-Login Test With Chrome-2] LogUtils - Set text 123456 on element By.xpath: //input[@id='password']
[INFO] 29-09-2025 21:50:36 [TestNG-test-Login Test With Chrome-2] LogUtils - ? Click on element By.xpath: //button[normalize-space()='Login']
[INFO] 29-09-2025 21:50:46 [TestNG-test-Login Test With Chrome-2] LogUtils - Timeout waiting for the element Visible. By.xpath: //span[normalize-space()='Dashboard']
[ERROR] 29-09-2025 21:50:46 [TestNG-test-Login Test With Chrome-2] LogUtils - ?Test case loginSuccessFromDataProvider is failed.
[ERROR] 29-09-2025 21:50:46 [TestNG-test-Login Test With Chrome-2] LogUtils - java.lang.AssertionError: Timeout waiting for the element Visible. By.xpath: //span[normalize-space()='Dashboard']
[INFO] 29-09-2025 21:50:47 [main] LogUtils - ?K?t thúc b? test: Mon Sep 29 21:50:47 ICT 2025
[INFO] 29-09-2025 21:50:47 [main] LogUtils - Test total: 14
[INFO] 29-09-2025 21:50:47 [main] LogUtils - Test passed total: 5
[INFO] 29-09-2025 21:50:47 [main] LogUtils - Test failed total: 9
[INFO] 29-09-2025 21:50:47 [main] LogUtils - Test skipped total: 0
[INFO] 29-09-2025 21:50:47 [main] LogUtils - ?Setup môi tr??ng onStart: Mon Sep 29 21:50:47 ICT 2025
[INFO] 29-09-2025 21:50:48 [TestNG-test-Customer Test With Firefox-1] LogUtils - ?B?t ??u ch?y test case: testAddNewCustomer
[INFO] 29-09-2025 21:50:49 [TestNG-test-Customer Test With Firefox-2] LogUtils - ?B?t ??u ch?y test case: testAddNewCustomer_SearchInTable
[INFO] 29-09-2025 21:50:49 [TestNG-test-Customer Test With Firefox-1] LogUtils - ? Open URL:  https://crm.anhtester.com/admin/authentication
[INFO] 29-09-2025 21:50:49 [TestNG-test-Customer Test With Firefox-2] LogUtils - ? Open URL:  https://crm.anhtester.com/admin/authentication
[INFO] 29-09-2025 21:50:49 [TestNG-test-Customer Test With Firefox-2] LogUtils - Clear text on element By.xpath: //input[@id='email']
[INFO] 29-09-2025 21:50:49 [TestNG-test-Customer Test With Firefox-1] LogUtils - Clear text on element By.xpath: //input[@id='email']
[INFO] 29-09-2025 21:50:49 [TestNG-test-Customer Test With Firefox-2] LogUtils - Clear text on element By.xpath: //input[@id='password']
[INFO] 29-09-2025 21:50:49 [TestNG-test-Customer Test With Firefox-1] LogUtils - Clear text on element By.xpath: //input[@id='password']
[INFO] 29-09-2025 21:50:49 [TestNG-test-Customer Test With Firefox-1] LogUtils - Set text admin@example.com on element By.xpath: //input[@id='email']
[INFO] 29-09-2025 21:50:49 [TestNG-test-Customer Test With Firefox-2] LogUtils - Set text admin@example.com on element By.xpath: //input[@id='email']
[INFO] 29-09-2025 21:50:49 [TestNG-test-Customer Test With Firefox-1] LogUtils - Set text 123456 on element By.xpath: //input[@id='password']
[INFO] 29-09-2025 21:50:49 [TestNG-test-Customer Test With Firefox-2] LogUtils - Set text 123456 on element By.xpath: //input[@id='password']
[INFO] 29-09-2025 21:50:51 [TestNG-test-Customer Test With Firefox-1] LogUtils - ? Click on element By.xpath: //button[normalize-space()='Login']
[INFO] 29-09-2025 21:50:51 [TestNG-test-Customer Test With Firefox-2] LogUtils - ? Click on element By.xpath: //button[normalize-space()='Login']
[INFO] 29-09-2025 21:50:52 [TestNG-test-Customer Test With Firefox-1] LogUtils - Assert NOT contains: https://crm.anhtester.com/admin/ and authentication
[INFO] 29-09-2025 21:50:52 [TestNG-test-Customer Test With Firefox-2] LogUtils - Assert NOT contains: https://crm.anhtester.com/admin/ and authentication
[INFO] 29-09-2025 21:50:52 [TestNG-test-Customer Test With Firefox-1] LogUtils - ? Click on element By.xpath: //span[normalize-space()='Customers']
[INFO] 29-09-2025 21:50:52 [TestNG-test-Customer Test With Firefox-1] LogUtils - checkElementExist: true --- By.xpath: //span[normalize-space()='Customers Summary']
[INFO] 29-09-2025 21:50:52 [TestNG-test-Customer Test With Firefox-1] LogUtils - Get text of element By.xpath: //span[normalize-space()='Customers Summary']
[INFO] 29-09-2025 21:50:52 [TestNG-test-Customer Test With Firefox-1] LogUtils - ==> TEXT: Customers Summary
[INFO] 29-09-2025 21:50:52 [TestNG-test-Customer Test With Firefox-1] LogUtils - Assert equals: Customers Summary and Customers Summary
[INFO] 29-09-2025 21:50:52 [TestNG-test-Customer Test With Firefox-1] LogUtils - Get text of element By.xpath: //span[normalize-space()='Total Customers']/preceding-sibling::span
[INFO] 29-09-2025 21:50:52 [TestNG-test-Customer Test With Firefox-1] LogUtils - ==> TEXT: 1440
[INFO] 29-09-2025 21:50:53 [TestNG-test-Customer Test With Firefox-2] LogUtils - ? Click on element By.xpath: //span[normalize-space()='Customers']
[INFO] 29-09-2025 21:50:53 [TestNG-test-Customer Test With Firefox-2] LogUtils - checkElementExist: true --- By.xpath: //span[normalize-space()='Customers Summary']
[INFO] 29-09-2025 21:50:53 [TestNG-test-Customer Test With Firefox-2] LogUtils - Get text of element By.xpath: //span[normalize-space()='Customers Summary']
[INFO] 29-09-2025 21:50:53 [TestNG-test-Customer Test With Firefox-2] LogUtils - ==> TEXT: Customers Summary
[INFO] 29-09-2025 21:50:53 [TestNG-test-Customer Test With Firefox-2] LogUtils - Assert equals: Customers Summary and Customers Summary
[INFO] 29-09-2025 21:50:53 [TestNG-test-Customer Test With Firefox-2] LogUtils - Get text of element By.xpath: //span[normalize-space()='Total Customers']/preceding-sibling::span
[INFO] 29-09-2025 21:50:53 [TestNG-test-Customer Test With Firefox-2] LogUtils - ==> TEXT: 1440
[INFO] 29-09-2025 21:50:53 [TestNG-test-Customer Test With Firefox-1] LogUtils - ? Click on element By.xpath: //a[normalize-space()='New Customer']
[INFO] 29-09-2025 21:50:55 [TestNG-test-Customer Test With Firefox-2] LogUtils - ? Click on element By.xpath: //a[normalize-space()='New Customer']
[INFO] 29-09-2025 21:50:55 [TestNG-test-Customer Test With Firefox-1] LogUtils - Set text Anh Tester 250923001 on element By.xpath: //input[@id='company']
[INFO] 29-09-2025 21:50:55 [TestNG-test-Customer Test With Firefox-2] LogUtils - Set text Anh Tester 250804003 on element By.xpath: //input[@id='company']
[INFO] 29-09-2025 21:50:55 [TestNG-test-Customer Test With Firefox-1] LogUtils - Set text 10 on element By.xpath: //input[@id='vat']
[INFO] 29-09-2025 21:50:55 [TestNG-test-Customer Test With Firefox-2] LogUtils - Set text 10 on element By.xpath: //input[@id='vat']
[INFO] 29-09-2025 21:50:55 [TestNG-test-Customer Test With Firefox-1] LogUtils - Set text 0123456789 on element By.xpath: //input[@id='phonenumber']
[INFO] 29-09-2025 21:50:56 [TestNG-test-Customer Test With Firefox-2] LogUtils - Set text 0123456789 on element By.xpath: //input[@id='phonenumber']
[INFO] 29-09-2025 21:50:56 [TestNG-test-Customer Test With Firefox-1] LogUtils - Set text https://anhtester.com/ on element By.xpath: //input[@id='website']
[INFO] 29-09-2025 21:50:56 [TestNG-test-Customer Test With Firefox-2] LogUtils - Set text https://anhtester.com/ on element By.xpath: //input[@id='website']
[INFO] 29-09-2025 21:50:56 [TestNG-test-Customer Test With Firefox-1] LogUtils - ? Click on element By.xpath: //button[@data-id='groups_in[]']
[INFO] 29-09-2025 21:50:56 [TestNG-test-Customer Test With Firefox-1] LogUtils - Set text VIP on element By.xpath: //button[@data-id='groups_in[]']/following-sibling::div//input
[INFO] 29-09-2025 21:50:56 [TestNG-test-Customer Test With Firefox-2] LogUtils - ? Click on element By.xpath: //button[@data-id='groups_in[]']
[INFO] 29-09-2025 21:50:56 [TestNG-test-Customer Test With Firefox-2] LogUtils - Set text VIP on element By.xpath: //button[@data-id='groups_in[]']/following-sibling::div//input
[INFO] 29-09-2025 21:50:57 [TestNG-test-Customer Test With Firefox-1] LogUtils - ? Click on element By.xpath: //span[text()='VIP']
[INFO] 29-09-2025 21:50:57 [TestNG-test-Customer Test With Firefox-1] LogUtils - ? Click on element By.xpath: //button[@data-id='groups_in[]']
[INFO] 29-09-2025 21:50:57 [TestNG-test-Customer Test With Firefox-2] LogUtils - ? Click on element By.xpath: //span[text()='VIP']
[INFO] 29-09-2025 21:50:57 [TestNG-test-Customer Test With Firefox-1] LogUtils - ? Click on element By.xpath: //button[@data-id='default_language']
[INFO] 29-09-2025 21:50:57 [TestNG-test-Customer Test With Firefox-2] LogUtils - ? Click on element By.xpath: //button[@data-id='groups_in[]']
[INFO] 29-09-2025 21:50:57 [TestNG-test-Customer Test With Firefox-1] LogUtils - ? Click on element By.xpath: //span[normalize-space()='Vietnamese']
[INFO] 29-09-2025 21:50:57 [TestNG-test-Customer Test With Firefox-2] LogUtils - ? Click on element By.xpath: //button[@data-id='default_language']
[INFO] 29-09-2025 21:50:57 [TestNG-test-Customer Test With Firefox-1] LogUtils - Set text Ha Noi on element By.xpath: //textarea[@id='address']
[INFO] 29-09-2025 21:50:57 [TestNG-test-Customer Test With Firefox-2] LogUtils - ? Click on element By.xpath: //span[normalize-space()='Vietnamese']
[INFO] 29-09-2025 21:50:57 [TestNG-test-Customer Test With Firefox-1] LogUtils - Set text Ha Noi on element By.xpath: //input[@id='city']
[INFO] 29-09-2025 21:50:57 [TestNG-test-Customer Test With Firefox-2] LogUtils - Set text Ha Noi on element By.xpath: //textarea[@id='address']
[INFO] 29-09-2025 21:50:57 [TestNG-test-Customer Test With Firefox-1] LogUtils - Set text Hoan Kiem on element By.xpath: //input[@id='state']
[INFO] 29-09-2025 21:50:58 [TestNG-test-Customer Test With Firefox-1] LogUtils - Set text 123456 on element By.xpath: //input[@id='zip']
[INFO] 29-09-2025 21:50:58 [TestNG-test-Customer Test With Firefox-2] LogUtils - Set text Ha Noi on element By.xpath: //input[@id='city']
[INFO] 29-09-2025 21:50:58 [TestNG-test-Customer Test With Firefox-2] LogUtils - Set text Hoan Kiem on element By.xpath: //input[@id='state']
[INFO] 29-09-2025 21:50:58 [TestNG-test-Customer Test With Firefox-1] LogUtils - ? Click on element By.xpath: //button[@data-id='country']
[INFO] 29-09-2025 21:50:58 [TestNG-test-Customer Test With Firefox-2] LogUtils - Set text 123456 on element By.xpath: //input[@id='zip']
[INFO] 29-09-2025 21:50:58 [TestNG-test-Customer Test With Firefox-1] LogUtils - Set text Vietnam on element By.xpath: //button[@data-id='country']/following-sibling::div//input
[INFO] 29-09-2025 21:50:58 [TestNG-test-Customer Test With Firefox-2] LogUtils - ? Click on element By.xpath: //button[@data-id='country']
[INFO] 29-09-2025 21:50:58 [TestNG-test-Customer Test With Firefox-1] LogUtils - ? Click on element By.xpath: //span[text()='Vietnam']
[INFO] 29-09-2025 21:50:58 [TestNG-test-Customer Test With Firefox-2] LogUtils - Set text Vietnam on element By.xpath: //button[@data-id='country']/following-sibling::div//input
[INFO] 29-09-2025 21:50:58 [TestNG-test-Customer Test With Firefox-2] LogUtils - ? Click on element By.xpath: //span[text()='Vietnam']
[INFO] 29-09-2025 21:50:58 [TestNG-test-Customer Test With Firefox-1] LogUtils - ? Click on element By.xpath: //div[@id='profile-save-section']/button[normalize-space()='Save']
[INFO] 29-09-2025 21:50:59 [TestNG-test-Customer Test With Firefox-1] LogUtils - checkElementExist: true --- By.xpath: //h4[normalize-space()='Profile']
[INFO] 29-09-2025 21:50:59 [TestNG-test-Customer Test With Firefox-2] LogUtils - ? Click on element By.xpath: //div[@id='profile-save-section']/button[normalize-space()='Save']
[INFO] 29-09-2025 21:50:59 [TestNG-test-Customer Test With Firefox-1] LogUtils - Get text of element By.xpath: //h4[normalize-space()='Profile']
[INFO] 29-09-2025 21:50:59 [TestNG-test-Customer Test With Firefox-1] LogUtils - ==> TEXT: Profile
[INFO] 29-09-2025 21:50:59 [TestNG-test-Customer Test With Firefox-1] LogUtils - Assert equals: Profile and Profile
[INFO] 29-09-2025 21:50:59 [TestNG-test-Customer Test With Firefox-1] LogUtils - Assert equals: Anh Tester 250923001 and Anh Tester 250923001
[INFO] 29-09-2025 21:50:59 [TestNG-test-Customer Test With Firefox-1] LogUtils - Assert equals: 10 and 10
[INFO] 29-09-2025 21:50:59 [TestNG-test-Customer Test With Firefox-1] LogUtils - Assert equals: 0123456789 and 0123456789
[INFO] 29-09-2025 21:50:59 [TestNG-test-Customer Test With Firefox-1] LogUtils - Assert equals: https://anhtester.com/ and https://anhtester.com/
[INFO] 29-09-2025 21:50:59 [TestNG-test-Customer Test With Firefox-1] LogUtils - Assert equals: VIP and VIP
[INFO] 29-09-2025 21:50:59 [TestNG-test-Customer Test With Firefox-1] LogUtils - Assert equals: Vietnamese and Vietnamese
[INFO] 29-09-2025 21:50:59 [TestNG-test-Customer Test With Firefox-2] LogUtils - ? Click on element By.xpath: //span[normalize-space()='Customers']
[INFO] 29-09-2025 21:50:59 [TestNG-test-Customer Test With Firefox-1] LogUtils - ? Click on element By.xpath: //span[normalize-space()='Customers']
[INFO] 29-09-2025 21:50:59 [TestNG-test-Customer Test With Firefox-1] LogUtils - Get text of element By.xpath: //span[normalize-space()='Total Customers']/preceding-sibling::span
[INFO] 29-09-2025 21:50:59 [TestNG-test-Customer Test With Firefox-1] LogUtils - ==> TEXT: 1442
[ERROR] 29-09-2025 21:50:59 [TestNG-test-Customer Test With Firefox-1] LogUtils - ?Test case testAddNewCustomer is failed.
[ERROR] 29-09-2025 21:50:59 [TestNG-test-Customer Test With Firefox-1] LogUtils - java.lang.AssertionError: The total customer before and after adding new are not matched. expected [1441] but found [1442]
[INFO] 29-09-2025 21:51:00 [TestNG-test-Customer Test With Firefox-2] LogUtils - Set text Anh Tester 250804003 on element By.xpath: //div[@id='clients_filter']//input[@type='search']
[INFO] 29-09-2025 21:51:02 [TestNG-test-Customer Test With Firefox-2] LogUtils - Get text of element By.xpath: //table[@id='clients']//tbody/tr[1]/td[3]/a
[INFO] 29-09-2025 21:51:02 [TestNG-test-Customer Test With Firefox-2] LogUtils - ==> TEXT: Anh Tester 250804003
[INFO] 29-09-2025 21:51:02 [TestNG-test-Customer Test With Firefox-2] LogUtils - Assert equals: Anh Tester 250804003 and Anh Tester 250804003
[INFO] 29-09-2025 21:51:03 [TestNG-test-Customer Test With Firefox-2] LogUtils - ? Click on element By.xpath: //table[@id='clients']//tbody/tr[1]/td[3]/a
[INFO] 29-09-2025 21:51:03 [TestNG-test-Customer Test With Firefox-2] LogUtils - checkElementExist: true --- By.xpath: //h4[normalize-space()='Profile']
[INFO] 29-09-2025 21:51:03 [TestNG-test-Customer Test With Firefox-2] LogUtils - Get text of element By.xpath: //h4[normalize-space()='Profile']
[INFO] 29-09-2025 21:51:03 [TestNG-test-Customer Test With Firefox-2] LogUtils - ==> TEXT: Profile
[INFO] 29-09-2025 21:51:03 [TestNG-test-Customer Test With Firefox-2] LogUtils - Assert equals: Profile and Profile
[INFO] 29-09-2025 21:51:03 [TestNG-test-Customer Test With Firefox-2] LogUtils - Assert equals: Anh Tester 250804003 and Anh Tester 250804003
[INFO] 29-09-2025 21:51:03 [TestNG-test-Customer Test With Firefox-2] LogUtils - Assert equals: 10 and 10
[INFO] 29-09-2025 21:51:03 [TestNG-test-Customer Test With Firefox-2] LogUtils - Assert equals: 0123456789 and 0123456789
[INFO] 29-09-2025 21:51:03 [TestNG-test-Customer Test With Firefox-2] LogUtils - Assert equals: https://anhtester.com/ and https://anhtester.com/
[INFO] 29-09-2025 21:51:03 [TestNG-test-Customer Test With Firefox-2] LogUtils - Assert equals: VIP and VIP
[INFO] 29-09-2025 21:51:03 [TestNG-test-Customer Test With Firefox-2] LogUtils - Assert equals: Vietnamese and Vietnamese
[INFO] 29-09-2025 21:51:03 [TestNG-test-Customer Test With Firefox-2] LogUtils - ? Click on element By.xpath: //span[normalize-space()='Customers']
[INFO] 29-09-2025 21:51:03 [TestNG-test-Customer Test With Firefox-2] LogUtils - Get text of element By.xpath: //span[normalize-space()='Total Customers']/preceding-sibling::span
[INFO] 29-09-2025 21:51:03 [TestNG-test-Customer Test With Firefox-2] LogUtils - ==> TEXT: 1442
[ERROR] 29-09-2025 21:51:03 [TestNG-test-Customer Test With Firefox-2] LogUtils - ?Test case testAddNewCustomer_SearchInTable is failed.
[ERROR] 29-09-2025 21:51:03 [TestNG-test-Customer Test With Firefox-2] LogUtils - java.lang.AssertionError: The total customer before and after adding new are not matched. expected [1441] but found [1442]
[INFO] 29-09-2025 21:51:04 [main] LogUtils - ?K?t thúc b? test: Mon Sep 29 21:51:04 ICT 2025
[INFO] 29-09-2025 21:51:04 [main] LogUtils - Test total: 16
[INFO] 29-09-2025 21:51:04 [main] LogUtils - Test passed total: 5
[INFO] 29-09-2025 21:51:04 [main] LogUtils - Test failed total: 11
[INFO] 29-09-2025 21:51:04 [main] LogUtils - Test skipped total: 0
[INFO] 30-09-2025 13:58:46 [main] LogUtils - ðŸ› Setup mÃ´i trÆ°á»ng onStart: Tue Sep 30 13:58:45 ICT 2025
[INFO] 30-09-2025 13:58:48 [main] LogUtils - â–¶Báº¯t Ä‘áº§u cháº¡y test case: testUploadFileWithSendkeys
[INFO] 30-09-2025 13:58:52 [main] LogUtils - ðŸŒ Open URL:  https://the-internet.herokuapp.com/upload
[ERROR] 30-09-2025 13:58:54 [main] LogUtils - âŒTest case testUploadFileWithSendkeys is failed.
[ERROR] 30-09-2025 13:58:54 [main] LogUtils - org.openqa.selenium.InvalidArgumentException: invalid argument: File not found : D:\SeleniumJava\SeleniumTestNGParallel062025/datatest/Selenium4_Upload.png
  (Session info: chrome=140.0.7339.208)
Build info: version: '4.35.0', revision: '1c58e5028b'
System info: os.name: 'Windows 11', os.arch: 'amd64', os.version: '10.0', java.version: '17.0.14'
Driver info: org.openqa.selenium.chrome.ChromeDriver
Command: [5be7020f20271dacfa53734d171e6be8, sendKeysToElement {id=f.4CA2C7CB14DE1390B751B9C0892FDF04.d.F5810F785F1F5283C8AFA41C0322F611.e.10, value=[Ljava.lang.CharSequence;@6dbeaef8}]
Capabilities {acceptInsecureCerts: false, browserName: chrome, browserVersion: 140.0.7339.208, chrome: {chromedriverVersion: 140.0.7339.207 (17230b545fd..., userDataDir: C:\Users\Khanh\AppData\Loca...}, fedcm:accounts: true, goog:chromeOptions: {debuggerAddress: localhost:51492}, networkConnectionEnabled: false, pageLoadStrategy: normal, platformName: windows, proxy: Proxy(), se:cdp: ws://localhost:51492/devtoo..., se:cdpVersion: 140.0.7339.208, setWindowRect: true, strictFileInteractability: false, timeouts: {implicit: 0, pageLoad: 300000, script: 30000}, unhandledPromptBehavior: dismiss and notify, webauthn:extension:credBlob: true, webauthn:extension:largeBlob: true, webauthn:extension:minPinLength: true, webauthn:extension:prf: true, webauthn:virtualAuthenticators: true}
Element: [[ChromeDriver: chrome on windows (5be7020f20271dacfa53734d171e6be8)] -> xpath: //input[@id='file-upload']]
Session ID: 5be7020f20271dacfa53734d171e6be8
[INFO] 30-09-2025 13:58:55 [main] LogUtils - â­•Káº¿t thÃºc bá»™ test: Tue Sep 30 13:58:55 ICT 2025
[INFO] 30-09-2025 13:58:55 [main] LogUtils - Test total: 1
[INFO] 30-09-2025 13:58:55 [main] LogUtils - Test passed total: 0
[INFO] 30-09-2025 13:58:55 [main] LogUtils - Test failed total: 1
[INFO] 30-09-2025 13:58:55 [main] LogUtils - Test skipped total: 0
[INFO] 30-09-2025 14:08:24 [main] LogUtils - ðŸ› Setup mÃ´i trÆ°á»ng onStart: Tue Sep 30 14:08:24 ICT 2025
[INFO] 30-09-2025 14:08:26 [main] LogUtils - â–¶Báº¯t Ä‘áº§u cháº¡y test case: testUploadFileWithSendkeys
[INFO] 30-09-2025 14:08:31 [main] LogUtils - ðŸŒ Open URL:  https://the-internet.herokuapp.com/upload
[INFO] 30-09-2025 14:08:33 [main] LogUtils - Set text D:\SeleniumJava\SeleniumTestNGParallel062025\src\test\resources\testdata\image1.png on element By.xpath: //input[@id='file-upload']
[INFO] 30-09-2025 14:08:37 [main] LogUtils - âœ…Test case testUploadFileWithSendkeys is passed.
[INFO] 30-09-2025 14:08:38 [main] LogUtils - â­•Káº¿t thÃºc bá»™ test: Tue Sep 30 14:08:38 ICT 2025
[INFO] 30-09-2025 14:08:38 [main] LogUtils - Test total: 1
[INFO] 30-09-2025 14:08:38 [main] LogUtils - Test passed total: 1
[INFO] 30-09-2025 14:08:38 [main] LogUtils - Test failed total: 0
[INFO] 30-09-2025 14:08:38 [main] LogUtils - Test skipped total: 0
[INFO] 30-09-2025 14:14:14 [main] LogUtils - ðŸ› Setup mÃ´i trÆ°á»ng onStart: Tue Sep 30 14:14:13 ICT 2025
[INFO] 30-09-2025 14:14:15 [main] LogUtils - â–¶Báº¯t Ä‘áº§u cháº¡y test case: testUploadFileWithSendkeys
[INFO] 30-09-2025 14:14:19 [main] LogUtils - ðŸŒ Open URL:  https://the-internet.herokuapp.com/upload
[INFO] 30-09-2025 14:14:22 [main] LogUtils - Set text D:\SeleniumJava\SeleniumTestNGParallel062025\src\test\resources\testdata\image1.png on element By.xpath: //input[@id='file-upload']
[INFO] 30-09-2025 14:14:24 [main] LogUtils - ðŸ‘‰ Click on element By.xpath: //input[@id='file-submit']
[INFO] 30-09-2025 14:14:26 [main] LogUtils - âœ…Test case testUploadFileWithSendkeys is passed.
[INFO] 30-09-2025 14:14:28 [main] LogUtils - â­•Káº¿t thÃºc bá»™ test: Tue Sep 30 14:14:28 ICT 2025
[INFO] 30-09-2025 14:14:28 [main] LogUtils - Test total: 1
[INFO] 30-09-2025 14:14:28 [main] LogUtils - Test passed total: 1
[INFO] 30-09-2025 14:14:28 [main] LogUtils - Test failed total: 0
[INFO] 30-09-2025 14:14:28 [main] LogUtils - Test skipped total: 0
[INFO] 30-09-2025 14:17:20 [main] LogUtils - ðŸ› Setup mÃ´i trÆ°á»ng onStart: Tue Sep 30 14:17:19 ICT 2025
[INFO] 30-09-2025 14:17:21 [main] LogUtils - â–¶Báº¯t Ä‘áº§u cháº¡y test case: testUploadFileWithSendkeys
[INFO] 30-09-2025 14:17:26 [main] LogUtils - ðŸŒ Open URL:  https://the-internet.herokuapp.com/upload
[INFO] 30-09-2025 14:17:28 [main] LogUtils - Set text D:\SeleniumJava\SeleniumTestNGParallel062025\src\test\resources\testdata\image2.jpg on element By.xpath: //input[@id='file-upload']
[INFO] 30-09-2025 14:17:32 [main] LogUtils - ðŸ‘‰ Click on element By.xpath: //input[@id='file-submit']
[INFO] 30-09-2025 14:17:32 [main] LogUtils - checkElementExist: true --- By.xpath: //h3[text()='File Uploaded!']
[INFO] 30-09-2025 14:17:32 [main] LogUtils - âœ…Test case testUploadFileWithSendkeys is passed.
[INFO] 30-09-2025 14:17:32 [main] LogUtils - â­•Káº¿t thÃºc bá»™ test: Tue Sep 30 14:17:32 ICT 2025
[INFO] 30-09-2025 14:17:32 [main] LogUtils - Test total: 1
[INFO] 30-09-2025 14:17:32 [main] LogUtils - Test passed total: 1
[INFO] 30-09-2025 14:17:32 [main] LogUtils - Test failed total: 0
[INFO] 30-09-2025 14:17:32 [main] LogUtils - Test skipped total: 0
[INFO] 30-09-2025 14:18:15 [main] LogUtils - ðŸ› Setup mÃ´i trÆ°á»ng onStart: Tue Sep 30 14:18:14 ICT 2025
[INFO] 30-09-2025 14:18:16 [main] LogUtils - â–¶Báº¯t Ä‘áº§u cháº¡y test case: testUploadFileWithSendkeys
[INFO] 30-09-2025 14:18:20 [main] LogUtils - ðŸŒ Open URL:  https://the-internet.herokuapp.com/upload
[INFO] 30-09-2025 14:18:22 [main] LogUtils - Set text D:\SeleniumJava\SeleniumTestNGParallel062025\src\test\resources\testdata\image2.jpg on element By.xpath: //input[@id='file-upload']
[INFO] 30-09-2025 14:18:24 [main] LogUtils - checkElementExist: false --- By.xpath: //h3[text()='File Uploaded!']
[ERROR] 30-09-2025 14:18:24 [main] LogUtils - âŒTest case testUploadFileWithSendkeys is failed.
[ERROR] 30-09-2025 14:18:24 [main] LogUtils - java.lang.AssertionError: Can not upload file. expected [true] but found [false]
[INFO] 30-09-2025 14:18:25 [main] LogUtils - â­•Káº¿t thÃºc bá»™ test: Tue Sep 30 14:18:25 ICT 2025
[INFO] 30-09-2025 14:18:25 [main] LogUtils - Test total: 1
[INFO] 30-09-2025 14:18:25 [main] LogUtils - Test passed total: 0
[INFO] 30-09-2025 14:18:25 [main] LogUtils - Test failed total: 1
[INFO] 30-09-2025 14:18:25 [main] LogUtils - Test skipped total: 0
[INFO] 04-10-2025 09:13:56 [main] LogUtils - ðŸ› Setup mÃ´i trÆ°á»ng onStart: Sat Oct 04 09:13:55 ICT 2025
[INFO] 04-10-2025 09:14:02 [main] LogUtils - â–¶Báº¯t Ä‘áº§u cháº¡y test case: testUploadFileWithSendkeys
[INFO] 04-10-2025 09:14:08 [main] LogUtils - ðŸŒ Open URL:  https://the-internet.herokuapp.com/upload
[INFO] 04-10-2025 09:14:10 [main] LogUtils - Set text D:\SeleniumJava\SeleniumTestNGParallel062025\src\test\resources\testdata\image2.jpg on element By.xpath: //input[@id='file-upload']
[INFO] 04-10-2025 09:14:14 [main] LogUtils - ðŸ‘‰ Click on element By.xpath: //input[@id='file-submit']
[INFO] 04-10-2025 09:14:14 [main] LogUtils - checkElementExist: true --- By.xpath: //h3[text()='File Uploaded!']
[INFO] 04-10-2025 09:14:14 [main] LogUtils - âœ…Test case testUploadFileWithSendkeys is passed.
[INFO] 04-10-2025 09:14:15 [main] LogUtils - â­•Káº¿t thÃºc bá»™ test: Sat Oct 04 09:14:15 ICT 2025
[INFO] 04-10-2025 09:14:15 [main] LogUtils - Test total: 1
[INFO] 04-10-2025 09:14:15 [main] LogUtils - Test passed total: 1
[INFO] 04-10-2025 09:14:15 [main] LogUtils - Test failed total: 0
[INFO] 04-10-2025 09:14:15 [main] LogUtils - Test skipped total: 0
[INFO] 04-10-2025 09:38:31 [main] LogUtils - ðŸ› Setup mÃ´i trÆ°á»ng onStart: Sat Oct 04 09:38:30 ICT 2025
[INFO] 04-10-2025 09:38:33 [main] LogUtils - â–¶Báº¯t Ä‘áº§u cháº¡y test case: testUploadFileWithRobotClass
[INFO] 04-10-2025 09:38:39 [main] LogUtils - ðŸ‘‰ Click on element By.xpath: //div[@id='uploadifive-file_upload']
[INFO] 04-10-2025 09:38:46 [main] LogUtils - âœ…Test case testUploadFileWithRobotClass is passed.
[INFO] 04-10-2025 09:38:46 [main] LogUtils - â­•Káº¿t thÃºc bá»™ test: Sat Oct 04 09:38:46 ICT 2025
[INFO] 04-10-2025 09:38:46 [main] LogUtils - Test total: 1
[INFO] 04-10-2025 09:38:46 [main] LogUtils - Test passed total: 1
[INFO] 04-10-2025 09:38:46 [main] LogUtils - Test failed total: 0
[INFO] 04-10-2025 09:38:46 [main] LogUtils - Test skipped total: 0
[INFO] 04-10-2025 09:39:13 [main] LogUtils - ðŸ› Setup mÃ´i trÆ°á»ng onStart: Sat Oct 04 09:39:12 ICT 2025
[INFO] 04-10-2025 09:39:15 [main] LogUtils - â–¶Báº¯t Ä‘áº§u cháº¡y test case: testUploadFileWithRobotClass
[INFO] 04-10-2025 09:39:22 [main] LogUtils - ðŸ‘‰ Click on element By.xpath: //div[@id='uploadifive-file_upload']
[INFO] 04-10-2025 09:39:30 [main] LogUtils - âœ…Test case testUploadFileWithRobotClass is passed.
[INFO] 04-10-2025 09:39:31 [main] LogUtils - â­•Káº¿t thÃºc bá»™ test: Sat Oct 04 09:39:31 ICT 2025
[INFO] 04-10-2025 09:39:31 [main] LogUtils - Test total: 1
[INFO] 04-10-2025 09:39:31 [main] LogUtils - Test passed total: 1
[INFO] 04-10-2025 09:39:31 [main] LogUtils - Test failed total: 0
[INFO] 04-10-2025 09:39:31 [main] LogUtils - Test skipped total: 0
[INFO] 04-10-2025 09:47:17 [main] LogUtils - ðŸ› Setup mÃ´i trÆ°á»ng onStart: Sat Oct 04 09:47:16 ICT 2025
[INFO] 04-10-2025 09:47:19 [main] LogUtils - â–¶Báº¯t Ä‘áº§u cháº¡y test case: testUploadFileWithRobotClass
[INFO] 04-10-2025 09:47:25 [main] LogUtils - ðŸ‘‰ Click on element By.xpath: //div[@id='uploadifive-file_upload']
[INFO] 04-10-2025 09:47:33 [main] LogUtils - checkElementExist: false --- By.xpath: span[@class='filename']
[ERROR] 04-10-2025 09:47:33 [main] LogUtils - âŒTest case testUploadFileWithRobotClass is failed.
[ERROR] 04-10-2025 09:47:33 [main] LogUtils - java.lang.AssertionError: Can not upload file. expected [true] but found [false]
[INFO] 04-10-2025 09:47:35 [main] LogUtils - â­•Káº¿t thÃºc bá»™ test: Sat Oct 04 09:47:35 ICT 2025
[INFO] 04-10-2025 09:47:35 [main] LogUtils - Test total: 1
[INFO] 04-10-2025 09:47:35 [main] LogUtils - Test passed total: 0
[INFO] 04-10-2025 09:47:35 [main] LogUtils - Test failed total: 1
[INFO] 04-10-2025 09:47:35 [main] LogUtils - Test skipped total: 0
[INFO] 04-10-2025 09:48:18 [main] LogUtils - ðŸ› Setup mÃ´i trÆ°á»ng onStart: Sat Oct 04 09:48:17 ICT 2025
[INFO] 04-10-2025 09:48:19 [main] LogUtils - â–¶Báº¯t Ä‘áº§u cháº¡y test case: testUploadFileWithRobotClass
[INFO] 04-10-2025 09:48:26 [main] LogUtils - ðŸ‘‰ Click on element By.xpath: //div[@id='uploadifive-file_upload']
[INFO] 04-10-2025 09:48:31 [main] LogUtils - checkElementExist: false --- By.xpath: span[@class='filename']
[ERROR] 04-10-2025 09:48:31 [main] LogUtils - âŒTest case testUploadFileWithRobotClass is failed.
[ERROR] 04-10-2025 09:48:31 [main] LogUtils - java.lang.AssertionError: Can not upload file. expected [true] but found [false]
[INFO] 04-10-2025 09:48:32 [main] LogUtils - â­•Káº¿t thÃºc bá»™ test: Sat Oct 04 09:48:32 ICT 2025
[INFO] 04-10-2025 09:48:32 [main] LogUtils - Test total: 1
[INFO] 04-10-2025 09:48:32 [main] LogUtils - Test passed total: 0
[INFO] 04-10-2025 09:48:32 [main] LogUtils - Test failed total: 1
[INFO] 04-10-2025 09:48:32 [main] LogUtils - Test skipped total: 0
[INFO] 04-10-2025 09:49:34 [main] LogUtils - ðŸ› Setup mÃ´i trÆ°á»ng onStart: Sat Oct 04 09:49:33 ICT 2025
[INFO] 04-10-2025 09:49:36 [main] LogUtils - â–¶Báº¯t Ä‘áº§u cháº¡y test case: testUploadFileWithRobotClass
[INFO] 04-10-2025 09:49:42 [main] LogUtils - ðŸ‘‰ Click on element By.xpath: //div[@id='uploadifive-file_upload']
[INFO] 04-10-2025 09:49:47 [main] LogUtils - checkElementExist: true --- By.xpath: //span[@class='filename']
[INFO] 04-10-2025 09:49:47 [main] LogUtils - Get text of element By.xpath: //span[@class='filename']
[INFO] 04-10-2025 09:49:47 [main] LogUtils - ==> TEXT: image2.jpg
[INFO] 04-10-2025 09:49:47 [main] LogUtils - Assert equals: image2.jpg and image2.jpg
[INFO] 04-10-2025 09:49:47 [main] LogUtils - âœ…Test case testUploadFileWithRobotClass is passed.
[INFO] 04-10-2025 09:49:48 [main] LogUtils - â­•Káº¿t thÃºc bá»™ test: Sat Oct 04 09:49:48 ICT 2025
[INFO] 04-10-2025 09:49:48 [main] LogUtils - Test total: 1
[INFO] 04-10-2025 09:49:48 [main] LogUtils - Test passed total: 1
[INFO] 04-10-2025 09:49:48 [main] LogUtils - Test failed total: 0
[INFO] 04-10-2025 09:49:48 [main] LogUtils - Test skipped total: 0
[INFO] 04-10-2025 09:51:43 [main] LogUtils - ðŸ› Setup mÃ´i trÆ°á»ng onStart: Sat Oct 04 09:51:43 ICT 2025
[INFO] 04-10-2025 09:51:45 [main] LogUtils - â–¶Báº¯t Ä‘áº§u cháº¡y test case: testUploadFileWithRobotClass
[INFO] 04-10-2025 09:51:53 [main] LogUtils - ðŸ‘‰ Click on element By.xpath: //div[@id='uploadifive-file_upload']
[INFO] 04-10-2025 09:51:58 [main] LogUtils - checkElementExist: true --- By.xpath: //span[@class='filename']
[INFO] 04-10-2025 09:51:58 [main] LogUtils - Get text of element By.xpath: //span[@class='filename']
[INFO] 04-10-2025 09:51:58 [main] LogUtils - ==> TEXT: image2.jpg
[INFO] 04-10-2025 09:51:58 [main] LogUtils - Assert equals: image2.jpg ðŸŸ° image2.jpg
[INFO] 04-10-2025 09:51:58 [main] LogUtils - âœ…Test case testUploadFileWithRobotClass is passed.
[INFO] 04-10-2025 09:51:59 [main] LogUtils - â­•Káº¿t thÃºc bá»™ test: Sat Oct 04 09:51:59 ICT 2025
[INFO] 04-10-2025 09:51:59 [main] LogUtils - Test total: 1
[INFO] 04-10-2025 09:51:59 [main] LogUtils - Test passed total: 1
[INFO] 04-10-2025 09:51:59 [main] LogUtils - Test failed total: 0
[INFO] 04-10-2025 09:51:59 [main] LogUtils - Test skipped total: 0
[INFO] 04-10-2025 10:20:31 [main] LogUtils - ðŸ› Setup mÃ´i trÆ°á»ng onStart: Sat Oct 04 10:20:31 ICT 2025
[INFO] 04-10-2025 10:20:33 [main] LogUtils - â–¶Báº¯t Ä‘áº§u cháº¡y test case: testUploadFileWithRobotClass
[INFO] 04-10-2025 10:20:40 [main] LogUtils - ðŸ‘‰ Click on element By.xpath: //div[@id='uploadifive-file_upload']
[INFO] 04-10-2025 10:20:45 [main] LogUtils - checkElementExist: true --- By.xpath: //span[@class='filename']
[INFO] 04-10-2025 10:20:45 [main] LogUtils - Get text of element By.xpath: //span[@class='filename']
[INFO] 04-10-2025 10:20:46 [main] LogUtils - ==> TEXT: image2.jpg
[INFO] 04-10-2025 10:20:46 [main] LogUtils - Assert equals: image2.jpg ðŸŸ° image2.jpg
[INFO] 04-10-2025 10:20:46 [main] LogUtils - âœ…Test case testUploadFileWithRobotClass is passed.
[INFO] 04-10-2025 10:20:46 [main] LogUtils - â­•Káº¿t thÃºc bá»™ test: Sat Oct 04 10:20:46 ICT 2025
[INFO] 04-10-2025 10:20:46 [main] LogUtils - Test total: 1
[INFO] 04-10-2025 10:20:46 [main] LogUtils - Test passed total: 1
[INFO] 04-10-2025 10:20:46 [main] LogUtils - Test failed total: 0
[INFO] 04-10-2025 10:20:46 [main] LogUtils - Test skipped total: 0
[INFO] 04-10-2025 12:41:20 [main] LogUtils - ðŸ› Setup mÃ´i trÆ°á»ng onStart: Sat Oct 04 12:41:19 ICT 2025
[INFO] 04-10-2025 12:41:22 [main] LogUtils - â–¶Báº¯t Ä‘áº§u cháº¡y test case: testSearchDataInTable
[INFO] 04-10-2025 12:41:24 [main] LogUtils - ðŸŒ Open URL:  https://crm.anhtester.com/admin/authentication
[INFO] 04-10-2025 12:41:24 [main] LogUtils - Set text admin@example.com on element By.xpath: //input[@id='email']
[INFO] 04-10-2025 12:41:24 [main] LogUtils - Set text 123456 on element By.xpath: //input[@id='password']
[INFO] 04-10-2025 12:41:24 [main] LogUtils - ðŸ‘‰ Click on element By.xpath: //button[normalize-space()='Login']
[INFO] 04-10-2025 12:41:26 [main] LogUtils - ðŸ‘‰ Click on element By.xpath: //span[normalize-space()='Customers']
[INFO] 04-10-2025 12:41:27 [main] LogUtils - Set text CustomerName on element By.xpath: //div[@id='clients_filter']//input[@type='search']
[ERROR] 04-10-2025 12:41:27 [main] LogUtils - âŒTest case testSearchDataInTable is failed.
[ERROR] 04-10-2025 12:41:27 [main] LogUtils - java.lang.AssertionError: DÃ²ng sá»‘ 1 khÃ´ng chá»©a giÃ¡ trá»‹ tÃ¬m kiáº¿m. expected [true] but found [false]
[INFO] 04-10-2025 12:41:28 [main] LogUtils - â­•Káº¿t thÃºc bá»™ test: Sat Oct 04 12:41:27 ICT 2025
[INFO] 04-10-2025 12:41:28 [main] LogUtils - Test total: 1
[INFO] 04-10-2025 12:41:28 [main] LogUtils - Test passed total: 0
[INFO] 04-10-2025 12:41:28 [main] LogUtils - Test failed total: 1
[INFO] 04-10-2025 12:41:28 [main] LogUtils - Test skipped total: 0
[INFO] 04-10-2025 12:43:45 [main] LogUtils - ðŸ› Setup mÃ´i trÆ°á»ng onStart: Sat Oct 04 12:43:44 ICT 2025
[INFO] 04-10-2025 12:43:46 [main] LogUtils - â–¶Báº¯t Ä‘áº§u cháº¡y test case: testSearchDataInTable
[INFO] 04-10-2025 12:43:47 [main] LogUtils - ðŸŒ Open URL:  https://crm.anhtester.com/admin/authentication
[INFO] 04-10-2025 12:43:47 [main] LogUtils - Set text admin@example.com on element By.xpath: //input[@id='email']
[INFO] 04-10-2025 12:43:47 [main] LogUtils - Set text 123456 on element By.xpath: //input[@id='password']
[INFO] 04-10-2025 12:43:48 [main] LogUtils - ðŸ‘‰ Click on element By.xpath: //button[normalize-space()='Login']
[INFO] 04-10-2025 12:43:49 [main] LogUtils - ðŸ‘‰ Click on element By.xpath: //span[normalize-space()='Customers']
[INFO] 04-10-2025 12:43:50 [main] LogUtils - Set text CustomerName on element By.xpath: //div[@id='clients_filter']//input[@type='search']
[ERROR] 04-10-2025 12:43:50 [main] LogUtils - âŒTest case testSearchDataInTable is failed.
[ERROR] 04-10-2025 12:43:50 [main] LogUtils - java.lang.AssertionError: DÃ²ng sá»‘ 1 khÃ´ng chá»©a giÃ¡ trá»‹ tÃ¬m kiáº¿m. expected [true] but found [false]
[INFO] 04-10-2025 12:43:50 [main] LogUtils - â­•Káº¿t thÃºc bá»™ test: Sat Oct 04 12:43:50 ICT 2025
[INFO] 04-10-2025 12:43:50 [main] LogUtils - Test total: 1
[INFO] 04-10-2025 12:43:50 [main] LogUtils - Test passed total: 0
[INFO] 04-10-2025 12:43:50 [main] LogUtils - Test failed total: 1
[INFO] 04-10-2025 12:43:50 [main] LogUtils - Test skipped total: 0
[INFO] 04-10-2025 12:46:35 [main] LogUtils - ðŸ› Setup mÃ´i trÆ°á»ng onStart: Sat Oct 04 12:46:35 ICT 2025
[INFO] 04-10-2025 12:46:36 [main] LogUtils - â–¶Báº¯t Ä‘áº§u cháº¡y test case: testSearchDataInTable
[INFO] 04-10-2025 12:46:37 [main] LogUtils - ðŸŒ Open URL:  https://crm.anhtester.com/admin/authentication
[INFO] 04-10-2025 12:46:37 [main] LogUtils - Set text admin@example.com on element By.xpath: //input[@id='email']
[INFO] 04-10-2025 12:46:37 [main] LogUtils - Set text 123456 on element By.xpath: //input[@id='password']
[INFO] 04-10-2025 12:46:38 [main] LogUtils - ðŸ‘‰ Click on element By.xpath: //button[normalize-space()='Login']
[INFO] 04-10-2025 12:46:39 [main] LogUtils - ðŸ‘‰ Click on element By.xpath: //span[normalize-space()='Customers']
[INFO] 04-10-2025 12:46:40 [main] LogUtils - Set text CustomerName on element By.xpath: //div[@id='clients_filter']//input[@type='search']
[ERROR] 04-10-2025 12:46:40 [main] LogUtils - âŒTest case testSearchDataInTable is failed.
[ERROR] 04-10-2025 12:46:40 [main] LogUtils - java.lang.AssertionError: DÃ²ng sá»‘ 1 khÃ´ng chá»©a giÃ¡ trá»‹ tÃ¬m kiáº¿m. expected [true] but found [false]
[INFO] 04-10-2025 12:46:41 [main] LogUtils - â­•Káº¿t thÃºc bá»™ test: Sat Oct 04 12:46:41 ICT 2025
[INFO] 04-10-2025 12:46:41 [main] LogUtils - Test total: 1
[INFO] 04-10-2025 12:46:41 [main] LogUtils - Test passed total: 0
[INFO] 04-10-2025 12:46:41 [main] LogUtils - Test failed total: 1
[INFO] 04-10-2025 12:46:41 [main] LogUtils - Test skipped total: 0
[INFO] 04-10-2025 12:48:06 [main] LogUtils - ðŸ› Setup mÃ´i trÆ°á»ng onStart: Sat Oct 04 12:48:05 ICT 2025
[INFO] 04-10-2025 12:48:07 [main] LogUtils - â–¶Báº¯t Ä‘áº§u cháº¡y test case: testSearchDataInTable
[INFO] 04-10-2025 12:48:08 [main] LogUtils - ðŸŒ Open URL:  https://crm.anhtester.com/admin/authentication
[INFO] 04-10-2025 12:48:08 [main] LogUtils - Set text admin@example.com on element By.xpath: //input[@id='email']
[INFO] 04-10-2025 12:48:08 [main] LogUtils - Set text 123456 on element By.xpath: //input[@id='password']
[INFO] 04-10-2025 12:48:08 [main] LogUtils - ðŸ‘‰ Click on element By.xpath: //button[normalize-space()='Login']
[INFO] 04-10-2025 12:48:10 [main] LogUtils - ðŸ‘‰ Click on element By.xpath: //span[normalize-space()='Customers']
[INFO] 04-10-2025 12:48:10 [main] LogUtils - Set text CustomerName on element By.xpath: //div[@id='clients_filter']//input[@type='search']
[INFO] 04-10-2025 12:48:13 [main] LogUtils - âœ…Test case testSearchDataInTable is passed.
[INFO] 04-10-2025 12:48:14 [main] LogUtils - â­•Káº¿t thÃºc bá»™ test: Sat Oct 04 12:48:13 ICT 2025
[INFO] 04-10-2025 12:48:14 [main] LogUtils - Test total: 1
[INFO] 04-10-2025 12:48:14 [main] LogUtils - Test passed total: 1
[INFO] 04-10-2025 12:48:14 [main] LogUtils - Test failed total: 0
[INFO] 04-10-2025 12:48:14 [main] LogUtils - Test skipped total: 0
[INFO] 04-10-2025 12:49:28 [main] LogUtils - ðŸ› Setup mÃ´i trÆ°á»ng onStart: Sat Oct 04 12:49:28 ICT 2025
[INFO] 04-10-2025 12:49:30 [main] LogUtils - â–¶Báº¯t Ä‘áº§u cháº¡y test case: testSearchDataInTable
[INFO] 04-10-2025 12:49:31 [main] LogUtils - ðŸŒ Open URL:  https://crm.anhtester.com/admin/authentication
[INFO] 04-10-2025 12:49:31 [main] LogUtils - Set text admin@example.com on element By.xpath: //input[@id='email']
[INFO] 04-10-2025 12:49:31 [main] LogUtils - Set text 123456 on element By.xpath: //input[@id='password']
[INFO] 04-10-2025 12:49:31 [main] LogUtils - ðŸ‘‰ Click on element By.xpath: //button[normalize-space()='Login']
[INFO] 04-10-2025 12:49:33 [main] LogUtils - ðŸ‘‰ Click on element By.xpath: //span[normalize-space()='Customers']
[INFO] 04-10-2025 12:49:33 [main] LogUtils - Set text CustomerName on element By.xpath: //div[@id='clients_filter']//input[@type='search']
[INFO] 04-10-2025 12:49:36 [main] LogUtils - âœ…Test case testSearchDataInTable is passed.
[INFO] 04-10-2025 12:49:36 [main] LogUtils - â­•Káº¿t thÃºc bá»™ test: Sat Oct 04 12:49:36 ICT 2025
[INFO] 04-10-2025 12:49:36 [main] LogUtils - Test total: 1
[INFO] 04-10-2025 12:49:36 [main] LogUtils - Test passed total: 1
[INFO] 04-10-2025 12:49:36 [main] LogUtils - Test failed total: 0
[INFO] 04-10-2025 12:49:36 [main] LogUtils - Test skipped total: 0
[INFO] 04-10-2025 13:03:23 [main] LogUtils - ðŸ› Setup mÃ´i trÆ°á»ng onStart: Sat Oct 04 13:03:23 ICT 2025
[INFO] 04-10-2025 13:03:25 [main] LogUtils - â–¶Báº¯t Ä‘áº§u cháº¡y test case: testSearchDataInTable
[INFO] 04-10-2025 13:03:26 [main] LogUtils - ðŸŒ Open URL:  https://crm.anhtester.com/admin/authentication
[INFO] 04-10-2025 13:03:26 [main] LogUtils - Set text admin@example.com on element By.xpath: //input[@id='email']
[INFO] 04-10-2025 13:03:26 [main] LogUtils - Set text 123456 on element By.xpath: //input[@id='password']
[INFO] 04-10-2025 13:03:27 [main] LogUtils - ðŸ‘‰ Click on element By.xpath: //button[normalize-space()='Login']
[INFO] 04-10-2025 13:03:28 [main] LogUtils - ðŸ‘‰ Click on element By.xpath: //span[normalize-space()='Customers']
[INFO] 04-10-2025 13:03:28 [main] LogUtils - Set text CustomerName on element By.xpath: //div[@id='clients_filter']//input[@type='search']
[INFO] 04-10-2025 13:03:31 [main] LogUtils - âœ…Test case testSearchDataInTable is passed.
[INFO] 04-10-2025 13:03:31 [main] LogUtils - â­•Káº¿t thÃºc bá»™ test: Sat Oct 04 13:03:31 ICT 2025
[INFO] 04-10-2025 13:03:31 [main] LogUtils - Test total: 1
[INFO] 04-10-2025 13:03:31 [main] LogUtils - Test passed total: 1
[INFO] 04-10-2025 13:03:31 [main] LogUtils - Test failed total: 0
[INFO] 04-10-2025 13:03:31 [main] LogUtils - Test skipped total: 0
[INFO] 06-10-2025 13:00:50 [main] LogUtils - ðŸ› Setup mÃ´i trÆ°á»ng onStart: Mon Oct 06 13:00:50 ICT 2025
[INFO] 06-10-2025 13:00:53 [main] LogUtils - â–¶Báº¯t Ä‘áº§u cháº¡y test case: testSearchDataInTable
[INFO] 06-10-2025 13:00:54 [main] LogUtils - ðŸŒ Open URL:  https://crm.anhtester.com/admin/authentication
[INFO] 06-10-2025 13:00:54 [main] LogUtils - Set text admin@example.com on element By.xpath: //input[@id='email']
[INFO] 06-10-2025 13:00:54 [main] LogUtils - Set text 123456 on element By.xpath: //input[@id='password']
[INFO] 06-10-2025 13:00:55 [main] LogUtils - ðŸ‘‰ Click on element By.xpath: //button[normalize-space()='Login']
[INFO] 06-10-2025 13:00:56 [main] LogUtils - ðŸ‘‰ Click on element By.xpath: //span[normalize-space()='Customers']
[INFO] 06-10-2025 13:00:57 [main] LogUtils - Set text CustomerName on element By.xpath: //div[@id='clients_filter']//input[@type='search']
[INFO] 06-10-2025 13:00:59 [main] LogUtils - Check data: CustomerNamein Table by Column 3
[INFO] 06-10-2025 13:00:59 [main] LogUtils - CustomerName - 
[INFO] 06-10-2025 13:00:59 [main] LogUtils - customerName
[INFO] 06-10-2025 13:00:59 [main] LogUtils - CustomerName - 
[INFO] 06-10-2025 13:00:59 [main] LogUtils - CustomerName
[INFO] 06-10-2025 13:00:59 [main] LogUtils - CustomerName - 
[INFO] 06-10-2025 13:00:59 [main] LogUtils - CustomerName 01102024A1
[INFO] 06-10-2025 13:00:59 [main] LogUtils - CustomerName - 
[INFO] 06-10-2025 13:00:59 [main] LogUtils - CustomerName 01102024A10
[INFO] 06-10-2025 13:00:59 [main] LogUtils - CustomerName - 
[INFO] 06-10-2025 13:00:59 [main] LogUtils - CustomerName 01102024A11
[INFO] 06-10-2025 13:00:59 [main] LogUtils - CustomerName - 
[INFO] 06-10-2025 13:00:59 [main] LogUtils - CustomerName 01102024A12
[INFO] 06-10-2025 13:00:59 [main] LogUtils - CustomerName - 
[INFO] 06-10-2025 13:00:59 [main] LogUtils - CustomerName 01102024A13
[INFO] 06-10-2025 13:00:59 [main] LogUtils - CustomerName - 
[INFO] 06-10-2025 13:00:59 [main] LogUtils - CustomerName 01102024A2
[INFO] 06-10-2025 13:00:59 [main] LogUtils - CustomerName - 
[INFO] 06-10-2025 13:00:59 [main] LogUtils - CustomerName 01102024A3
[INFO] 06-10-2025 13:00:59 [main] LogUtils - CustomerName - 
[INFO] 06-10-2025 13:00:59 [main] LogUtils - CustomerName 01102024A4
[INFO] 06-10-2025 13:00:59 [main] LogUtils - CustomerName - 
[INFO] 06-10-2025 13:00:59 [main] LogUtils - CustomerName 01102024A5
[INFO] 06-10-2025 13:00:59 [main] LogUtils - CustomerName - 
[INFO] 06-10-2025 13:00:59 [main] LogUtils - CustomerName 01102024A6
[INFO] 06-10-2025 13:00:59 [main] LogUtils - CustomerName - 
[INFO] 06-10-2025 13:00:59 [main] LogUtils - CustomerName 01102024A7
[INFO] 06-10-2025 13:00:59 [main] LogUtils - CustomerName - 
[INFO] 06-10-2025 13:00:59 [main] LogUtils - CustomerName 01102024A8
[INFO] 06-10-2025 13:00:59 [main] LogUtils - CustomerName - 
[INFO] 06-10-2025 13:00:59 [main] LogUtils - CustomerName 01102024A9
[INFO] 06-10-2025 13:00:59 [main] LogUtils - âœ…Test case testSearchDataInTable is passed.
[INFO] 06-10-2025 13:01:00 [main] LogUtils - â­•Káº¿t thÃºc bá»™ test: Mon Oct 06 13:01:00 ICT 2025
[INFO] 06-10-2025 13:01:00 [main] LogUtils - Test total: 1
[INFO] 06-10-2025 13:01:00 [main] LogUtils - Test passed total: 1
[INFO] 06-10-2025 13:01:00 [main] LogUtils - Test failed total: 0
[INFO] 06-10-2025 13:01:00 [main] LogUtils - Test skipped total: 0
[INFO] 06-10-2025 13:02:03 [main] LogUtils - ðŸ› Setup mÃ´i trÆ°á»ng onStart: Mon Oct 06 13:02:03 ICT 2025
[INFO] 06-10-2025 13:02:05 [main] LogUtils - â–¶Báº¯t Ä‘áº§u cháº¡y test case: testSearchDataInTable
[INFO] 06-10-2025 13:02:06 [main] LogUtils - ðŸŒ Open URL:  https://crm.anhtester.com/admin/authentication
[INFO] 06-10-2025 13:02:06 [main] LogUtils - Set text admin@example.com on element By.xpath: //input[@id='email']
[INFO] 06-10-2025 13:02:06 [main] LogUtils - Set text 123456 on element By.xpath: //input[@id='password']
[INFO] 06-10-2025 13:02:06 [main] LogUtils - ðŸ‘‰ Click on element By.xpath: //button[normalize-space()='Login']
[INFO] 06-10-2025 13:02:09 [main] LogUtils - ðŸ‘‰ Click on element By.xpath: //span[normalize-space()='Customers']
[INFO] 06-10-2025 13:02:10 [main] LogUtils - Set text CustomerName on element By.xpath: //div[@id='clients_filter']//input[@type='search']
[INFO] 06-10-2025 13:02:12 [main] LogUtils - Check data: CustomerName in Table by Column 3
[INFO] 06-10-2025 13:02:12 [main] LogUtils - CustomerName - 
[INFO] 06-10-2025 13:02:12 [main] LogUtils - customerName
[INFO] 06-10-2025 13:02:12 [main] LogUtils - CustomerName - 
[INFO] 06-10-2025 13:02:12 [main] LogUtils - CustomerName
[INFO] 06-10-2025 13:02:12 [main] LogUtils - CustomerName - 
[INFO] 06-10-2025 13:02:12 [main] LogUtils - CustomerName 01102024A1
[INFO] 06-10-2025 13:02:12 [main] LogUtils - CustomerName - 
[INFO] 06-10-2025 13:02:12 [main] LogUtils - CustomerName 01102024A10
[INFO] 06-10-2025 13:02:12 [main] LogUtils - CustomerName - 
[INFO] 06-10-2025 13:02:12 [main] LogUtils - CustomerName 01102024A11
[INFO] 06-10-2025 13:02:12 [main] LogUtils - CustomerName - 
[INFO] 06-10-2025 13:02:12 [main] LogUtils - CustomerName 01102024A12
[INFO] 06-10-2025 13:02:12 [main] LogUtils - CustomerName - 
[INFO] 06-10-2025 13:02:12 [main] LogUtils - CustomerName 01102024A13
[INFO] 06-10-2025 13:02:12 [main] LogUtils - CustomerName - 
[INFO] 06-10-2025 13:02:12 [main] LogUtils - CustomerName 01102024A2
[INFO] 06-10-2025 13:02:12 [main] LogUtils - CustomerName - 
[INFO] 06-10-2025 13:02:12 [main] LogUtils - CustomerName 01102024A3
[INFO] 06-10-2025 13:02:12 [main] LogUtils - CustomerName - 
[INFO] 06-10-2025 13:02:12 [main] LogUtils - CustomerName 01102024A4
[INFO] 06-10-2025 13:02:12 [main] LogUtils - CustomerName - 
[INFO] 06-10-2025 13:02:12 [main] LogUtils - CustomerName 01102024A5
[INFO] 06-10-2025 13:02:12 [main] LogUtils - CustomerName - 
[INFO] 06-10-2025 13:02:12 [main] LogUtils - CustomerName 01102024A6
[INFO] 06-10-2025 13:02:12 [main] LogUtils - CustomerName - 
[INFO] 06-10-2025 13:02:12 [main] LogUtils - CustomerName 01102024A7
[INFO] 06-10-2025 13:02:12 [main] LogUtils - CustomerName - 
[INFO] 06-10-2025 13:02:12 [main] LogUtils - CustomerName 01102024A8
[INFO] 06-10-2025 13:02:12 [main] LogUtils - CustomerName - 
[INFO] 06-10-2025 13:02:12 [main] LogUtils - CustomerName 01102024A9
[INFO] 06-10-2025 13:02:12 [main] LogUtils - âœ…Test case testSearchDataInTable is passed.
[INFO] 06-10-2025 13:02:13 [main] LogUtils - â­•Káº¿t thÃºc bá»™ test: Mon Oct 06 13:02:13 ICT 2025
[INFO] 06-10-2025 13:02:13 [main] LogUtils - Test total: 1
[INFO] 06-10-2025 13:02:13 [main] LogUtils - Test passed total: 1
[INFO] 06-10-2025 13:02:13 [main] LogUtils - Test failed total: 0
[INFO] 06-10-2025 13:02:13 [main] LogUtils - Test skipped total: 0
[INFO] 06-10-2025 13:06:30 [main] LogUtils - ðŸ› Setup mÃ´i trÆ°á»ng onStart: Mon Oct 06 13:06:29 ICT 2025
[INFO] 06-10-2025 13:06:31 [main] LogUtils - â–¶Báº¯t Ä‘áº§u cháº¡y test case: testSearchDataInTable
[INFO] 06-10-2025 13:06:33 [main] LogUtils - ðŸŒ Open URL:  https://crm.anhtester.com/admin/authentication
[INFO] 06-10-2025 13:06:33 [main] LogUtils - Set text admin@example.com on element By.xpath: //input[@id='email']
[INFO] 06-10-2025 13:06:33 [main] LogUtils - Set text 123456 on element By.xpath: //input[@id='password']
[INFO] 06-10-2025 13:06:33 [main] LogUtils - ðŸ‘‰ Click on element By.xpath: //button[normalize-space()='Login']
[INFO] 06-10-2025 13:06:34 [main] LogUtils - ðŸ‘‰ Click on element By.xpath: //span[normalize-space()='Customers']
[INFO] 06-10-2025 13:06:35 [main] LogUtils - Set text CustomerName on element By.xpath: //div[@id='clients_filter']//input[@type='search']
[INFO] 06-10-2025 13:06:37 [main] LogUtils - Check data: CustomerName in Table by Column Company
[INFO] 06-10-2025 13:06:37 [main] LogUtils - CustomerName - 
[INFO] 06-10-2025 13:06:37 [main] LogUtils - customerName
[INFO] 06-10-2025 13:06:37 [main] LogUtils - CustomerName - 
[INFO] 06-10-2025 13:06:37 [main] LogUtils - CustomerName
[INFO] 06-10-2025 13:06:37 [main] LogUtils - CustomerName - 
[INFO] 06-10-2025 13:06:37 [main] LogUtils - CustomerName 01102024A1
[INFO] 06-10-2025 13:06:37 [main] LogUtils - CustomerName - 
[INFO] 06-10-2025 13:06:37 [main] LogUtils - CustomerName 01102024A10
[INFO] 06-10-2025 13:06:37 [main] LogUtils - CustomerName - 
[INFO] 06-10-2025 13:06:37 [main] LogUtils - CustomerName 01102024A11
[INFO] 06-10-2025 13:06:37 [main] LogUtils - CustomerName - 
[INFO] 06-10-2025 13:06:37 [main] LogUtils - CustomerName 01102024A12
[INFO] 06-10-2025 13:06:37 [main] LogUtils - CustomerName - 
[INFO] 06-10-2025 13:06:37 [main] LogUtils - CustomerName 01102024A13
[INFO] 06-10-2025 13:06:37 [main] LogUtils - CustomerName - 
[INFO] 06-10-2025 13:06:37 [main] LogUtils - CustomerName 01102024A2
[INFO] 06-10-2025 13:06:37 [main] LogUtils - CustomerName - 
[INFO] 06-10-2025 13:06:37 [main] LogUtils - CustomerName 01102024A3
[INFO] 06-10-2025 13:06:37 [main] LogUtils - CustomerName - 
[INFO] 06-10-2025 13:06:37 [main] LogUtils - CustomerName 01102024A4
[INFO] 06-10-2025 13:06:37 [main] LogUtils - CustomerName - 
[INFO] 06-10-2025 13:06:37 [main] LogUtils - CustomerName 01102024A5
[INFO] 06-10-2025 13:06:38 [main] LogUtils - CustomerName - 
[INFO] 06-10-2025 13:06:38 [main] LogUtils - CustomerName 01102024A6
[INFO] 06-10-2025 13:06:38 [main] LogUtils - CustomerName - 
[INFO] 06-10-2025 13:06:38 [main] LogUtils - CustomerName 01102024A7
[INFO] 06-10-2025 13:06:38 [main] LogUtils - CustomerName - 
[INFO] 06-10-2025 13:06:38 [main] LogUtils - CustomerName 01102024A8
[INFO] 06-10-2025 13:06:38 [main] LogUtils - CustomerName - 
[INFO] 06-10-2025 13:06:38 [main] LogUtils - CustomerName 01102024A9
[INFO] 06-10-2025 13:06:38 [main] LogUtils - âœ…Test case testSearchDataInTable is passed.
[INFO] 06-10-2025 13:06:38 [main] LogUtils - â­•Káº¿t thÃºc bá»™ test: Mon Oct 06 13:06:38 ICT 2025
[INFO] 06-10-2025 13:06:38 [main] LogUtils - Test total: 1
[INFO] 06-10-2025 13:06:38 [main] LogUtils - Test passed total: 1
[INFO] 06-10-2025 13:06:38 [main] LogUtils - Test failed total: 0
[INFO] 06-10-2025 13:06:38 [main] LogUtils - Test skipped total: 0
